{"/home/emmanuel-doji/Documents/work_projects/rabit/packages/core/src/configuration.ts": {"path":"/home/emmanuel-doji/Documents/work_projects/rabit/packages/core/src/configuration.ts","all":false,"statementMap":{"0":{"start":{"line":1,"column":0},"end":{"line":1,"column":3}},"16":{"start":{"line":17,"column":0},"end":{"line":17,"column":46}},"17":{"start":{"line":18,"column":0},"end":{"line":18,"column":15}},"18":{"start":{"line":19,"column":0},"end":{"line":19,"column":13}},"19":{"start":{"line":20,"column":0},"end":{"line":20,"column":7}},"20":{"start":{"line":21,"column":0},"end":{"line":21,"column":12}},"21":{"start":{"line":22,"column":0},"end":{"line":22,"column":19}},"22":{"start":{"line":23,"column":0},"end":{"line":23,"column":28}},"23":{"start":{"line":24,"column":0},"end":{"line":24,"column":6}},"24":{"start":{"line":25,"column":0},"end":{"line":25,"column":12}},"25":{"start":{"line":26,"column":0},"end":{"line":26,"column":33}},"26":{"start":{"line":27,"column":0},"end":{"line":27,"column":28}},"27":{"start":{"line":28,"column":0},"end":{"line":28,"column":21}},"28":{"start":{"line":29,"column":0},"end":{"line":29,"column":6}},"29":{"start":{"line":30,"column":0},"end":{"line":30,"column":17}},"30":{"start":{"line":31,"column":0},"end":{"line":31,"column":23}},"31":{"start":{"line":32,"column":0},"end":{"line":32,"column":21}},"32":{"start":{"line":33,"column":0},"end":{"line":33,"column":25}},"33":{"start":{"line":34,"column":0},"end":{"line":34,"column":26}},"34":{"start":{"line":35,"column":0},"end":{"line":35,"column":5}},"35":{"start":{"line":36,"column":0},"end":{"line":36,"column":4}},"36":{"start":{"line":37,"column":0},"end":{"line":37,"column":14}},"37":{"start":{"line":38,"column":0},"end":{"line":38,"column":19}},"38":{"start":{"line":39,"column":0},"end":{"line":39,"column":24}},"39":{"start":{"line":40,"column":0},"end":{"line":40,"column":4}},"40":{"start":{"line":41,"column":0},"end":{"line":41,"column":12}},"41":{"start":{"line":42,"column":0},"end":{"line":42,"column":18}},"42":{"start":{"line":43,"column":0},"end":{"line":43,"column":24}},"43":{"start":{"line":44,"column":0},"end":{"line":44,"column":48}},"44":{"start":{"line":45,"column":0},"end":{"line":45,"column":24}},"45":{"start":{"line":46,"column":0},"end":{"line":46,"column":27}},"46":{"start":{"line":47,"column":0},"end":{"line":47,"column":27}},"47":{"start":{"line":48,"column":0},"end":{"line":48,"column":4}},"48":{"start":{"line":49,"column":0},"end":{"line":49,"column":10}},"49":{"start":{"line":50,"column":0},"end":{"line":50,"column":18}},"50":{"start":{"line":51,"column":0},"end":{"line":51,"column":18}},"51":{"start":{"line":52,"column":0},"end":{"line":52,"column":17}},"52":{"start":{"line":53,"column":0},"end":{"line":53,"column":21}},"53":{"start":{"line":54,"column":0},"end":{"line":54,"column":3}},"54":{"start":{"line":55,"column":0},"end":{"line":55,"column":2}},"59":{"start":{"line":60,"column":0},"end":{"line":60,"column":37}},"63":{"start":{"line":64,"column":0},"end":{"line":64,"column":46}},"64":{"start":{"line":65,"column":0},"end":{"line":65,"column":33}},"65":{"start":{"line":66,"column":0},"end":{"line":66,"column":39}},"66":{"start":{"line":67,"column":0},"end":{"line":67,"column":47}},"67":{"start":{"line":68,"column":0},"end":{"line":68,"column":66}},"69":{"start":{"line":70,"column":0},"end":{"line":70,"column":30}},"70":{"start":{"line":71,"column":0},"end":{"line":71,"column":53}},"71":{"start":{"line":72,"column":0},"end":{"line":72,"column":5}},"73":{"start":{"line":74,"column":0},"end":{"line":74,"column":28}},"74":{"start":{"line":75,"column":0},"end":{"line":75,"column":64}},"75":{"start":{"line":76,"column":0},"end":{"line":76,"column":5}},"76":{"start":{"line":77,"column":0},"end":{"line":77,"column":3}},"81":{"start":{"line":82,"column":0},"end":{"line":82,"column":61}},"82":{"start":{"line":83,"column":0},"end":{"line":83,"column":52}},"83":{"start":{"line":84,"column":0},"end":{"line":84,"column":92}},"84":{"start":{"line":85,"column":0},"end":{"line":85,"column":5}},"86":{"start":{"line":87,"column":0},"end":{"line":87,"column":50}},"87":{"start":{"line":88,"column":0},"end":{"line":88,"column":90}},"88":{"start":{"line":89,"column":0},"end":{"line":89,"column":5}},"90":{"start":{"line":91,"column":0},"end":{"line":91,"column":9}},"91":{"start":{"line":92,"column":0},"end":{"line":92,"column":23}},"92":{"start":{"line":93,"column":0},"end":{"line":93,"column":13}},"93":{"start":{"line":94,"column":0},"end":{"line":94,"column":77}},"94":{"start":{"line":95,"column":0},"end":{"line":95,"column":5}},"96":{"start":{"line":97,"column":0},"end":{"line":97,"column":36}},"97":{"start":{"line":98,"column":0},"end":{"line":98,"column":78}},"98":{"start":{"line":99,"column":0},"end":{"line":99,"column":5}},"100":{"start":{"line":101,"column":0},"end":{"line":101,"column":40}},"101":{"start":{"line":102,"column":0},"end":{"line":102,"column":37}},"102":{"start":{"line":103,"column":0},"end":{"line":103,"column":37}},"103":{"start":{"line":104,"column":0},"end":{"line":104,"column":57}},"104":{"start":{"line":105,"column":0},"end":{"line":105,"column":31}},"105":{"start":{"line":106,"column":0},"end":{"line":106,"column":10}},"106":{"start":{"line":107,"column":0},"end":{"line":107,"column":7}},"107":{"start":{"line":108,"column":0},"end":{"line":108,"column":7}},"108":{"start":{"line":109,"column":0},"end":{"line":109,"column":3}},"113":{"start":{"line":114,"column":0},"end":{"line":114,"column":56}},"114":{"start":{"line":115,"column":0},"end":{"line":115,"column":56}},"115":{"start":{"line":116,"column":0},"end":{"line":116,"column":86}},"116":{"start":{"line":117,"column":0},"end":{"line":117,"column":5}},"118":{"start":{"line":119,"column":0},"end":{"line":119,"column":40}},"120":{"start":{"line":121,"column":0},"end":{"line":121,"column":38}},"121":{"start":{"line":122,"column":0},"end":{"line":122,"column":35}},"122":{"start":{"line":123,"column":0},"end":{"line":123,"column":37}},"123":{"start":{"line":124,"column":0},"end":{"line":124,"column":44}},"124":{"start":{"line":125,"column":0},"end":{"line":125,"column":31}},"125":{"start":{"line":126,"column":0},"end":{"line":126,"column":10}},"126":{"start":{"line":127,"column":0},"end":{"line":127,"column":7}},"127":{"start":{"line":128,"column":0},"end":{"line":128,"column":29}},"129":{"start":{"line":130,"column":0},"end":{"line":130,"column":39}},"130":{"start":{"line":131,"column":0},"end":{"line":131,"column":7}},"131":{"start":{"line":132,"column":0},"end":{"line":132,"column":3}},"136":{"start":{"line":137,"column":0},"end":{"line":137,"column":67}},"137":{"start":{"line":138,"column":0},"end":{"line":138,"column":55}},"138":{"start":{"line":139,"column":0},"end":{"line":139,"column":35}},"139":{"start":{"line":140,"column":0},"end":{"line":140,"column":47}},"140":{"start":{"line":141,"column":0},"end":{"line":141,"column":29}},"141":{"start":{"line":142,"column":0},"end":{"line":142,"column":8}},"142":{"start":{"line":143,"column":0},"end":{"line":143,"column":5}},"144":{"start":{"line":145,"column":0},"end":{"line":145,"column":56}},"145":{"start":{"line":146,"column":0},"end":{"line":146,"column":35}},"146":{"start":{"line":147,"column":0},"end":{"line":147,"column":55}},"147":{"start":{"line":148,"column":0},"end":{"line":148,"column":31}},"148":{"start":{"line":149,"column":0},"end":{"line":149,"column":8}},"149":{"start":{"line":150,"column":0},"end":{"line":150,"column":5}},"151":{"start":{"line":152,"column":0},"end":{"line":152,"column":32}},"152":{"start":{"line":153,"column":0},"end":{"line":153,"column":35}},"153":{"start":{"line":154,"column":0},"end":{"line":154,"column":45}},"154":{"start":{"line":155,"column":0},"end":{"line":155,"column":41}},"155":{"start":{"line":156,"column":0},"end":{"line":156,"column":8}},"156":{"start":{"line":157,"column":0},"end":{"line":157,"column":5}},"158":{"start":{"line":159,"column":0},"end":{"line":159,"column":34}},"159":{"start":{"line":160,"column":0},"end":{"line":160,"column":35}},"160":{"start":{"line":161,"column":0},"end":{"line":161,"column":56}},"161":{"start":{"line":162,"column":0},"end":{"line":162,"column":42}},"162":{"start":{"line":163,"column":0},"end":{"line":163,"column":8}},"163":{"start":{"line":164,"column":0},"end":{"line":164,"column":5}},"164":{"start":{"line":165,"column":0},"end":{"line":165,"column":3}},"169":{"start":{"line":170,"column":0},"end":{"line":170,"column":74}},"170":{"start":{"line":171,"column":0},"end":{"line":171,"column":64}},"171":{"start":{"line":172,"column":0},"end":{"line":172,"column":94}},"172":{"start":{"line":173,"column":0},"end":{"line":173,"column":5}},"174":{"start":{"line":175,"column":0},"end":{"line":175,"column":43}},"176":{"start":{"line":177,"column":0},"end":{"line":177,"column":46}},"177":{"start":{"line":178,"column":0},"end":{"line":178,"column":43}},"178":{"start":{"line":179,"column":0},"end":{"line":179,"column":37}},"179":{"start":{"line":180,"column":0},"end":{"line":180,"column":52}},"180":{"start":{"line":181,"column":0},"end":{"line":181,"column":35}},"181":{"start":{"line":182,"column":0},"end":{"line":182,"column":10}},"182":{"start":{"line":183,"column":0},"end":{"line":183,"column":7}},"183":{"start":{"line":184,"column":0},"end":{"line":184,"column":37}},"184":{"start":{"line":185,"column":0},"end":{"line":185,"column":7}},"185":{"start":{"line":186,"column":0},"end":{"line":186,"column":3}},"190":{"start":{"line":191,"column":0},"end":{"line":191,"column":97}},"191":{"start":{"line":192,"column":0},"end":{"line":192,"column":37}},"192":{"start":{"line":193,"column":0},"end":{"line":193,"column":74}},"193":{"start":{"line":194,"column":0},"end":{"line":194,"column":25}},"194":{"start":{"line":195,"column":0},"end":{"line":195,"column":37}},"195":{"start":{"line":196,"column":0},"end":{"line":196,"column":75}},"196":{"start":{"line":197,"column":0},"end":{"line":197,"column":24}},"197":{"start":{"line":198,"column":0},"end":{"line":198,"column":10}},"198":{"start":{"line":199,"column":0},"end":{"line":199,"column":7}},"199":{"start":{"line":200,"column":0},"end":{"line":200,"column":5}},"200":{"start":{"line":201,"column":0},"end":{"line":201,"column":3}},"205":{"start":{"line":206,"column":0},"end":{"line":206,"column":88}},"206":{"start":{"line":207,"column":0},"end":{"line":207,"column":34}},"207":{"start":{"line":208,"column":0},"end":{"line":208,"column":35}},"208":{"start":{"line":209,"column":0},"end":{"line":209,"column":46}},"209":{"start":{"line":210,"column":0},"end":{"line":210,"column":31}},"210":{"start":{"line":211,"column":0},"end":{"line":211,"column":8}},"211":{"start":{"line":212,"column":0},"end":{"line":212,"column":5}},"213":{"start":{"line":214,"column":0},"end":{"line":214,"column":39}},"214":{"start":{"line":215,"column":0},"end":{"line":215,"column":35}},"215":{"start":{"line":216,"column":0},"end":{"line":216,"column":53}},"216":{"start":{"line":217,"column":0},"end":{"line":217,"column":37}},"217":{"start":{"line":218,"column":0},"end":{"line":218,"column":8}},"218":{"start":{"line":219,"column":0},"end":{"line":219,"column":5}},"219":{"start":{"line":220,"column":0},"end":{"line":220,"column":3}},"224":{"start":{"line":225,"column":0},"end":{"line":225,"column":99}},"225":{"start":{"line":226,"column":0},"end":{"line":226,"column":37}},"226":{"start":{"line":227,"column":0},"end":{"line":227,"column":87}},"227":{"start":{"line":228,"column":0},"end":{"line":228,"column":25}},"228":{"start":{"line":229,"column":0},"end":{"line":229,"column":37}},"229":{"start":{"line":230,"column":0},"end":{"line":230,"column":100}},"230":{"start":{"line":231,"column":0},"end":{"line":231,"column":37}},"231":{"start":{"line":232,"column":0},"end":{"line":232,"column":10}},"232":{"start":{"line":233,"column":0},"end":{"line":233,"column":7}},"233":{"start":{"line":234,"column":0},"end":{"line":234,"column":5}},"234":{"start":{"line":235,"column":0},"end":{"line":235,"column":3}},"235":{"start":{"line":236,"column":0},"end":{"line":236,"column":1}},"240":{"start":{"line":241,"column":0},"end":{"line":241,"column":35}},"241":{"start":{"line":242,"column":0},"end":{"line":242,"column":30}},"243":{"start":{"line":244,"column":0},"end":{"line":244,"column":40}},"244":{"start":{"line":245,"column":0},"end":{"line":245,"column":53}},"245":{"start":{"line":246,"column":0},"end":{"line":246,"column":49}},"246":{"start":{"line":247,"column":0},"end":{"line":247,"column":3}},"251":{"start":{"line":252,"column":0},"end":{"line":252,"column":28}},"252":{"start":{"line":253,"column":0},"end":{"line":253,"column":30}},"253":{"start":{"line":254,"column":0},"end":{"line":254,"column":3}},"258":{"start":{"line":259,"column":0},"end":{"line":259,"column":71}},"259":{"start":{"line":260,"column":0},"end":{"line":260,"column":32}},"260":{"start":{"line":261,"column":0},"end":{"line":261,"column":3}},"265":{"start":{"line":266,"column":0},"end":{"line":266,"column":57}},"266":{"start":{"line":267,"column":0},"end":{"line":267,"column":55}},"267":{"start":{"line":268,"column":0},"end":{"line":268,"column":49}},"268":{"start":{"line":269,"column":0},"end":{"line":269,"column":3}},"273":{"start":{"line":274,"column":0},"end":{"line":274,"column":44}},"274":{"start":{"line":275,"column":0},"end":{"line":275,"column":45}},"276":{"start":{"line":277,"column":0},"end":{"line":277,"column":75}},"277":{"start":{"line":278,"column":0},"end":{"line":278,"column":3}},"282":{"start":{"line":283,"column":0},"end":{"line":283,"column":49}},"283":{"start":{"line":284,"column":0},"end":{"line":284,"column":66}},"284":{"start":{"line":285,"column":0},"end":{"line":285,"column":3}},"289":{"start":{"line":290,"column":0},"end":{"line":290,"column":66}},"290":{"start":{"line":291,"column":0},"end":{"line":291,"column":82}},"291":{"start":{"line":292,"column":0},"end":{"line":292,"column":3}},"296":{"start":{"line":297,"column":0},"end":{"line":297,"column":28}},"297":{"start":{"line":298,"column":0},"end":{"line":298,"column":81}},"298":{"start":{"line":299,"column":0},"end":{"line":299,"column":48}},"300":{"start":{"line":301,"column":0},"end":{"line":301,"column":17}},"301":{"start":{"line":302,"column":0},"end":{"line":302,"column":65}},"302":{"start":{"line":303,"column":0},"end":{"line":303,"column":5}},"304":{"start":{"line":305,"column":0},"end":{"line":305,"column":17}},"305":{"start":{"line":306,"column":0},"end":{"line":306,"column":3}},"310":{"start":{"line":311,"column":0},"end":{"line":311,"column":47}},"311":{"start":{"line":312,"column":0},"end":{"line":312,"column":66}},"312":{"start":{"line":313,"column":0},"end":{"line":313,"column":3}},"317":{"start":{"line":318,"column":0},"end":{"line":318,"column":36}},"318":{"start":{"line":319,"column":0},"end":{"line":319,"column":38}},"319":{"start":{"line":320,"column":0},"end":{"line":320,"column":3}},"324":{"start":{"line":325,"column":0},"end":{"line":325,"column":33}},"325":{"start":{"line":326,"column":0},"end":{"line":326,"column":51}},"326":{"start":{"line":327,"column":0},"end":{"line":327,"column":3}},"331":{"start":{"line":332,"column":0},"end":{"line":332,"column":67}},"332":{"start":{"line":333,"column":0},"end":{"line":333,"column":69}},"333":{"start":{"line":334,"column":0},"end":{"line":334,"column":3}},"338":{"start":{"line":339,"column":0},"end":{"line":339,"column":53}},"339":{"start":{"line":340,"column":0},"end":{"line":340,"column":33}},"341":{"start":{"line":342,"column":0},"end":{"line":342,"column":31}},"342":{"start":{"line":343,"column":0},"end":{"line":343,"column":90}},"343":{"start":{"line":344,"column":0},"end":{"line":344,"column":69}},"344":{"start":{"line":345,"column":0},"end":{"line":345,"column":14}},"345":{"start":{"line":346,"column":0},"end":{"line":346,"column":34}},"346":{"start":{"line":347,"column":0},"end":{"line":347,"column":7}},"347":{"start":{"line":348,"column":0},"end":{"line":348,"column":5}},"349":{"start":{"line":350,"column":0},"end":{"line":350,"column":18}},"350":{"start":{"line":351,"column":0},"end":{"line":351,"column":3}},"351":{"start":{"line":352,"column":0},"end":{"line":352,"column":1}},"356":{"start":{"line":357,"column":0},"end":{"line":357,"column":87}},"357":{"start":{"line":358,"column":0},"end":{"line":358,"column":42}},"358":{"start":{"line":359,"column":0},"end":{"line":359,"column":1}}},"s":{"0":1,"16":1,"17":1,"18":1,"19":1,"20":1,"21":1,"22":1,"23":1,"24":1,"25":1,"26":1,"27":1,"28":1,"29":1,"30":1,"31":1,"32":1,"33":1,"34":1,"35":1,"36":1,"37":1,"38":1,"39":1,"40":1,"41":1,"42":1,"43":1,"44":1,"45":1,"46":1,"47":1,"48":1,"49":1,"50":1,"51":1,"52":1,"53":1,"54":1,"59":1,"63":1,"64":20,"65":20,"66":20,"67":20,"69":20,"70":0,"71":0,"73":20,"74":0,"75":0,"76":20,"81":1,"82":20,"83":1,"84":1,"86":20,"87":0,"88":0,"90":19,"91":19,"92":20,"93":0,"94":0,"96":20,"97":0,"98":0,"100":19,"101":19,"102":0,"103":0,"104":0,"105":0,"106":0,"107":19,"108":20,"113":1,"114":19,"115":0,"116":0,"118":19,"120":19,"121":38,"122":0,"123":0,"124":0,"125":0,"126":0,"127":38,"129":38,"130":19,"131":19,"136":1,"137":38,"138":0,"139":0,"140":0,"141":0,"142":0,"144":38,"145":0,"146":0,"147":0,"148":0,"149":0,"151":38,"152":0,"153":0,"154":0,"155":0,"156":0,"158":38,"159":0,"160":0,"161":0,"162":0,"163":0,"164":38,"169":1,"170":19,"171":0,"172":0,"174":19,"176":19,"177":57,"178":0,"179":0,"180":0,"181":0,"182":0,"183":57,"184":19,"185":19,"190":1,"191":19,"192":19,"193":19,"194":0,"195":0,"196":0,"197":0,"198":0,"199":19,"200":19,"205":1,"206":0,"207":0,"208":0,"209":0,"210":0,"211":0,"213":0,"214":0,"215":0,"216":0,"217":0,"218":0,"219":0,"224":1,"225":0,"226":0,"227":0,"228":0,"229":0,"230":0,"231":0,"232":0,"233":0,"234":0,"235":1,"240":1,"241":1,"243":1,"244":20,"245":20,"246":20,"251":1,"252":13,"253":13,"258":1,"259":15,"260":15,"265":1,"266":0,"267":0,"268":0,"273":1,"274":2,"276":0,"277":2,"282":1,"283":3,"284":3,"289":1,"290":0,"291":0,"296":1,"297":0,"298":0,"300":0,"301":0,"302":0,"304":0,"305":0,"310":1,"311":3,"312":3,"317":1,"318":1,"319":1,"324":1,"325":1,"326":1,"331":1,"332":20,"333":20,"338":1,"339":40,"341":40,"342":160,"343":20,"344":160,"345":140,"346":140,"347":160,"349":40,"350":40,"351":1,"356":1,"357":10,"358":10},"branchMap":{"0":{"type":"branch","line":64,"loc":{"start":{"line":64,"column":9},"end":{"line":77,"column":3}},"locations":[{"start":{"line":64,"column":9},"end":{"line":77,"column":3}}]},"1":{"type":"branch","line":70,"loc":{"start":{"line":70,"column":29},"end":{"line":72,"column":5}},"locations":[{"start":{"line":70,"column":29},"end":{"line":72,"column":5}}]},"2":{"type":"branch","line":72,"loc":{"start":{"line":72,"column":4},"end":{"line":74,"column":27}},"locations":[{"start":{"line":72,"column":4},"end":{"line":74,"column":27}}]},"3":{"type":"branch","line":74,"loc":{"start":{"line":74,"column":27},"end":{"line":76,"column":5}},"locations":[{"start":{"line":74,"column":27},"end":{"line":76,"column":5}}]},"4":{"type":"branch","line":82,"loc":{"start":{"line":82,"column":17},"end":{"line":109,"column":3}},"locations":[{"start":{"line":82,"column":17},"end":{"line":109,"column":3}}]},"5":{"type":"branch","line":83,"loc":{"start":{"line":83,"column":13},"end":{"line":83,"column":51}},"locations":[{"start":{"line":83,"column":13},"end":{"line":83,"column":51}}]},"6":{"type":"branch","line":83,"loc":{"start":{"line":83,"column":51},"end":{"line":85,"column":5}},"locations":[{"start":{"line":83,"column":51},"end":{"line":85,"column":5}}]},"7":{"type":"branch","line":85,"loc":{"start":{"line":85,"column":4},"end":{"line":87,"column":49}},"locations":[{"start":{"line":85,"column":4},"end":{"line":87,"column":49}}]},"8":{"type":"branch","line":87,"loc":{"start":{"line":87,"column":49},"end":{"line":89,"column":5}},"locations":[{"start":{"line":87,"column":49},"end":{"line":89,"column":5}}]},"9":{"type":"branch","line":89,"loc":{"start":{"line":89,"column":4},"end":{"line":93,"column":12}},"locations":[{"start":{"line":89,"column":4},"end":{"line":93,"column":12}}]},"10":{"type":"branch","line":93,"loc":{"start":{"line":93,"column":4},"end":{"line":95,"column":5}},"locations":[{"start":{"line":93,"column":4},"end":{"line":95,"column":5}}]},"11":{"type":"branch","line":95,"loc":{"start":{"line":95,"column":4},"end":{"line":97,"column":35}},"locations":[{"start":{"line":95,"column":4},"end":{"line":97,"column":35}}]},"12":{"type":"branch","line":97,"loc":{"start":{"line":97,"column":35},"end":{"line":99,"column":5}},"locations":[{"start":{"line":97,"column":35},"end":{"line":99,"column":5}}]},"13":{"type":"branch","line":99,"loc":{"start":{"line":99,"column":4},"end":{"line":108,"column":7}},"locations":[{"start":{"line":99,"column":4},"end":{"line":108,"column":7}}]},"14":{"type":"branch","line":101,"loc":{"start":{"line":101,"column":22},"end":{"line":108,"column":5}},"locations":[{"start":{"line":101,"column":22},"end":{"line":108,"column":5}}]},"15":{"type":"branch","line":102,"loc":{"start":{"line":102,"column":36},"end":{"line":107,"column":7}},"locations":[{"start":{"line":102,"column":36},"end":{"line":107,"column":7}}]},"16":{"type":"branch","line":114,"loc":{"start":{"line":114,"column":17},"end":{"line":132,"column":3}},"locations":[{"start":{"line":114,"column":17},"end":{"line":132,"column":3}}]},"17":{"type":"branch","line":115,"loc":{"start":{"line":115,"column":55},"end":{"line":117,"column":5}},"locations":[{"start":{"line":115,"column":55},"end":{"line":117,"column":5}}]},"18":{"type":"branch","line":121,"loc":{"start":{"line":121,"column":19},"end":{"line":131,"column":5}},"locations":[{"start":{"line":121,"column":19},"end":{"line":131,"column":5}}]},"19":{"type":"branch","line":122,"loc":{"start":{"line":122,"column":34},"end":{"line":127,"column":7}},"locations":[{"start":{"line":122,"column":34},"end":{"line":127,"column":7}}]},"20":{"type":"branch","line":137,"loc":{"start":{"line":137,"column":17},"end":{"line":165,"column":3}},"locations":[{"start":{"line":137,"column":17},"end":{"line":165,"column":3}}]},"21":{"type":"branch","line":138,"loc":{"start":{"line":138,"column":54},"end":{"line":143,"column":5}},"locations":[{"start":{"line":138,"column":54},"end":{"line":143,"column":5}}]},"22":{"type":"branch","line":145,"loc":{"start":{"line":145,"column":55},"end":{"line":150,"column":5}},"locations":[{"start":{"line":145,"column":55},"end":{"line":150,"column":5}}]},"23":{"type":"branch","line":152,"loc":{"start":{"line":152,"column":31},"end":{"line":157,"column":5}},"locations":[{"start":{"line":152,"column":31},"end":{"line":157,"column":5}}]},"24":{"type":"branch","line":159,"loc":{"start":{"line":159,"column":33},"end":{"line":164,"column":5}},"locations":[{"start":{"line":159,"column":33},"end":{"line":164,"column":5}}]},"25":{"type":"branch","line":170,"loc":{"start":{"line":170,"column":17},"end":{"line":186,"column":3}},"locations":[{"start":{"line":170,"column":17},"end":{"line":186,"column":3}}]},"26":{"type":"branch","line":171,"loc":{"start":{"line":171,"column":63},"end":{"line":173,"column":5}},"locations":[{"start":{"line":171,"column":63},"end":{"line":173,"column":5}}]},"27":{"type":"branch","line":177,"loc":{"start":{"line":177,"column":23},"end":{"line":185,"column":5}},"locations":[{"start":{"line":177,"column":23},"end":{"line":185,"column":5}}]},"28":{"type":"branch","line":178,"loc":{"start":{"line":178,"column":42},"end":{"line":183,"column":7}},"locations":[{"start":{"line":178,"column":42},"end":{"line":183,"column":7}}]},"29":{"type":"branch","line":191,"loc":{"start":{"line":191,"column":17},"end":{"line":201,"column":3}},"locations":[{"start":{"line":191,"column":17},"end":{"line":201,"column":3}}]},"30":{"type":"branch","line":194,"loc":{"start":{"line":194,"column":24},"end":{"line":199,"column":7}},"locations":[{"start":{"line":194,"column":24},"end":{"line":199,"column":7}}]},"31":{"type":"branch","line":193,"loc":{"start":{"line":193,"column":38},"end":{"line":193,"column":72}},"locations":[{"start":{"line":193,"column":38},"end":{"line":193,"column":72}}]},"32":{"type":"branch","line":242,"loc":{"start":{"line":242,"column":10},"end":{"line":242,"column":30}},"locations":[{"start":{"line":242,"column":10},"end":{"line":242,"column":30}}]},"33":{"type":"branch","line":244,"loc":{"start":{"line":244,"column":2},"end":{"line":247,"column":3}},"locations":[{"start":{"line":244,"column":2},"end":{"line":247,"column":3}}]},"34":{"type":"branch","line":252,"loc":{"start":{"line":252,"column":2},"end":{"line":254,"column":3}},"locations":[{"start":{"line":252,"column":2},"end":{"line":254,"column":3}}]},"35":{"type":"branch","line":259,"loc":{"start":{"line":259,"column":2},"end":{"line":261,"column":3}},"locations":[{"start":{"line":259,"column":2},"end":{"line":261,"column":3}}]},"36":{"type":"branch","line":274,"loc":{"start":{"line":274,"column":2},"end":{"line":278,"column":3}},"locations":[{"start":{"line":274,"column":2},"end":{"line":278,"column":3}}]},"37":{"type":"branch","line":275,"loc":{"start":{"line":275,"column":38},"end":{"line":277,"column":75}},"locations":[{"start":{"line":275,"column":38},"end":{"line":277,"column":75}}]},"38":{"type":"branch","line":283,"loc":{"start":{"line":283,"column":2},"end":{"line":285,"column":3}},"locations":[{"start":{"line":283,"column":2},"end":{"line":285,"column":3}}]},"39":{"type":"branch","line":284,"loc":{"start":{"line":284,"column":35},"end":{"line":284,"column":64}},"locations":[{"start":{"line":284,"column":35},"end":{"line":284,"column":64}}]},"40":{"type":"branch","line":311,"loc":{"start":{"line":311,"column":2},"end":{"line":313,"column":3}},"locations":[{"start":{"line":311,"column":2},"end":{"line":313,"column":3}}]},"41":{"type":"branch","line":312,"loc":{"start":{"line":312,"column":35},"end":{"line":312,"column":64}},"locations":[{"start":{"line":312,"column":35},"end":{"line":312,"column":64}}]},"42":{"type":"branch","line":318,"loc":{"start":{"line":318,"column":2},"end":{"line":320,"column":3}},"locations":[{"start":{"line":318,"column":2},"end":{"line":320,"column":3}}]},"43":{"type":"branch","line":325,"loc":{"start":{"line":325,"column":2},"end":{"line":327,"column":3}},"locations":[{"start":{"line":325,"column":2},"end":{"line":327,"column":3}}]},"44":{"type":"branch","line":332,"loc":{"start":{"line":332,"column":10},"end":{"line":334,"column":3}},"locations":[{"start":{"line":332,"column":10},"end":{"line":334,"column":3}}]},"45":{"type":"branch","line":339,"loc":{"start":{"line":339,"column":10},"end":{"line":351,"column":3}},"locations":[{"start":{"line":339,"column":10},"end":{"line":351,"column":3}}]},"46":{"type":"branch","line":342,"loc":{"start":{"line":342,"column":30},"end":{"line":348,"column":5}},"locations":[{"start":{"line":342,"column":30},"end":{"line":348,"column":5}}]},"47":{"type":"branch","line":343,"loc":{"start":{"line":343,"column":20},"end":{"line":343,"column":60}},"locations":[{"start":{"line":343,"column":20},"end":{"line":343,"column":60}}]},"48":{"type":"branch","line":343,"loc":{"start":{"line":343,"column":48},"end":{"line":343,"column":89}},"locations":[{"start":{"line":343,"column":48},"end":{"line":343,"column":89}}]},"49":{"type":"branch","line":343,"loc":{"start":{"line":343,"column":89},"end":{"line":345,"column":13}},"locations":[{"start":{"line":343,"column":89},"end":{"line":345,"column":13}}]},"50":{"type":"branch","line":345,"loc":{"start":{"line":345,"column":6},"end":{"line":347,"column":7}},"locations":[{"start":{"line":345,"column":6},"end":{"line":347,"column":7}}]},"51":{"type":"branch","line":357,"loc":{"start":{"line":357,"column":7},"end":{"line":359,"column":1}},"locations":[{"start":{"line":357,"column":7},"end":{"line":359,"column":1}}]}},"b":{"0":[20],"1":[0],"2":[19],"3":[0],"4":[20],"5":[19],"6":[1],"7":[19],"8":[0],"9":[19],"10":[0],"11":[19],"12":[0],"13":[19],"14":[19],"15":[0],"16":[19],"17":[0],"18":[38],"19":[0],"20":[38],"21":[0],"22":[0],"23":[0],"24":[0],"25":[19],"26":[0],"27":[57],"28":[0],"29":[19],"30":[0],"31":[19],"32":[20],"33":[20],"34":[13],"35":[15],"36":[2],"37":[0],"38":[3],"39":[4],"40":[3],"41":[5],"42":[1],"43":[1],"44":[20],"45":[40],"46":[160],"47":[159],"48":[80],"49":[20],"50":[140],"51":[10]},"fnMap":{"0":{"name":"validate","decl":{"start":{"line":64,"column":9},"end":{"line":77,"column":3}},"loc":{"start":{"line":64,"column":9},"end":{"line":77,"column":3}},"line":64},"1":{"name":"validateApp","decl":{"start":{"line":82,"column":17},"end":{"line":109,"column":3}},"loc":{"start":{"line":82,"column":17},"end":{"line":109,"column":3}},"line":82},"2":{"name":"validateChains","decl":{"start":{"line":114,"column":17},"end":{"line":132,"column":3}},"loc":{"start":{"line":114,"column":17},"end":{"line":132,"column":3}},"line":114},"3":{"name":"validateChain","decl":{"start":{"line":137,"column":17},"end":{"line":165,"column":3}},"loc":{"start":{"line":137,"column":17},"end":{"line":165,"column":3}},"line":137},"4":{"name":"validateConnectors","decl":{"start":{"line":170,"column":17},"end":{"line":186,"column":3}},"loc":{"start":{"line":170,"column":17},"end":{"line":186,"column":3}},"line":170},"5":{"name":"validateDefaultChain","decl":{"start":{"line":191,"column":17},"end":{"line":201,"column":3}},"loc":{"start":{"line":191,"column":17},"end":{"line":201,"column":3}},"line":191},"6":{"name":"validateSmartAccount","decl":{"start":{"line":206,"column":17},"end":{"line":220,"column":3}},"loc":{"start":{"line":206,"column":17},"end":{"line":220,"column":3}},"line":206},"7":{"name":"validateMultiChain","decl":{"start":{"line":225,"column":17},"end":{"line":235,"column":3}},"loc":{"start":{"line":225,"column":17},"end":{"line":235,"column":3}},"line":225},"8":{"name":"<instance_members_initializer>","decl":{"start":{"line":242,"column":10},"end":{"line":242,"column":30}},"loc":{"start":{"line":242,"column":10},"end":{"line":242,"column":30}},"line":242},"9":{"name":"ConfigurationManager","decl":{"start":{"line":244,"column":2},"end":{"line":247,"column":3}},"loc":{"start":{"line":244,"column":2},"end":{"line":247,"column":3}},"line":244},"10":{"name":"getConfig","decl":{"start":{"line":252,"column":2},"end":{"line":254,"column":3}},"loc":{"start":{"line":252,"column":2},"end":{"line":254,"column":3}},"line":252},"11":{"name":"getSection","decl":{"start":{"line":259,"column":2},"end":{"line":261,"column":3}},"loc":{"start":{"line":259,"column":2},"end":{"line":261,"column":3}},"line":259},"12":{"name":"updateConfig","decl":{"start":{"line":266,"column":2},"end":{"line":269,"column":3}},"loc":{"start":{"line":266,"column":2},"end":{"line":269,"column":3}},"line":266},"13":{"name":"getChains","decl":{"start":{"line":274,"column":2},"end":{"line":278,"column":3}},"loc":{"start":{"line":274,"column":2},"end":{"line":278,"column":3}},"line":274},"14":{"name":"getChain","decl":{"start":{"line":283,"column":2},"end":{"line":285,"column":3}},"loc":{"start":{"line":283,"column":2},"end":{"line":285,"column":3}},"line":283},"15":{"name":"getConnector","decl":{"start":{"line":290,"column":2},"end":{"line":292,"column":3}},"loc":{"start":{"line":290,"column":2},"end":{"line":292,"column":3}},"line":290},"16":{"name":"getDefaultChain","decl":{"start":{"line":297,"column":2},"end":{"line":306,"column":3}},"loc":{"start":{"line":297,"column":2},"end":{"line":306,"column":3}},"line":297},"17":{"name":"isChainSupported","decl":{"start":{"line":311,"column":2},"end":{"line":313,"column":3}},"loc":{"start":{"line":311,"column":2},"end":{"line":313,"column":3}},"line":311},"18":{"name":"isSmartAccountEnabled","decl":{"start":{"line":318,"column":2},"end":{"line":320,"column":3}},"loc":{"start":{"line":318,"column":2},"end":{"line":320,"column":3}},"line":318},"19":{"name":"isAnalyticsEnabled","decl":{"start":{"line":325,"column":2},"end":{"line":327,"column":3}},"loc":{"start":{"line":325,"column":2},"end":{"line":327,"column":3}},"line":325},"20":{"name":"mergeWithDefaults","decl":{"start":{"line":332,"column":10},"end":{"line":334,"column":3}},"loc":{"start":{"line":332,"column":10},"end":{"line":334,"column":3}},"line":332},"21":{"name":"deepMerge","decl":{"start":{"line":339,"column":10},"end":{"line":351,"column":3}},"loc":{"start":{"line":339,"column":10},"end":{"line":351,"column":3}},"line":339},"22":{"name":"createConfigurationManager","decl":{"start":{"line":357,"column":7},"end":{"line":359,"column":1}},"loc":{"start":{"line":357,"column":7},"end":{"line":359,"column":1}},"line":357}},"f":{"0":20,"1":20,"2":19,"3":38,"4":19,"5":19,"6":0,"7":0,"8":20,"9":20,"10":13,"11":15,"12":0,"13":2,"14":3,"15":0,"16":0,"17":3,"18":1,"19":1,"20":20,"21":40,"22":10}}
,"/home/emmanuel-doji/Documents/work_projects/rabit/packages/core/src/connection-manager.ts": {"path":"/home/emmanuel-doji/Documents/work_projects/rabit/packages/core/src/connection-manager.ts","all":false,"statementMap":{"0":{"start":{"line":1,"column":0},"end":{"line":1,"column":3}},"45":{"start":{"line":46,"column":0},"end":{"line":46,"column":32}},"46":{"start":{"line":47,"column":0},"end":{"line":47,"column":36}},"47":{"start":{"line":48,"column":0},"end":{"line":48,"column":27}},"48":{"start":{"line":49,"column":0},"end":{"line":49,"column":16}},"49":{"start":{"line":50,"column":0},"end":{"line":50,"column":4}},"51":{"start":{"line":52,"column":0},"end":{"line":52,"column":32}},"52":{"start":{"line":53,"column":0},"end":{"line":53,"column":74}},"54":{"start":{"line":55,"column":0},"end":{"line":55,"column":14}},"55":{"start":{"line":56,"column":0},"end":{"line":56,"column":41}},"56":{"start":{"line":57,"column":0},"end":{"line":57,"column":43}},"57":{"start":{"line":58,"column":0},"end":{"line":58,"column":5}},"58":{"start":{"line":59,"column":0},"end":{"line":59,"column":30}},"59":{"start":{"line":60,"column":0},"end":{"line":60,"column":3}},"64":{"start":{"line":65,"column":0},"end":{"line":65,"column":53}},"65":{"start":{"line":66,"column":0},"end":{"line":66,"column":12}},"66":{"start":{"line":67,"column":0},"end":{"line":67,"column":31}},"67":{"start":{"line":68,"column":0},"end":{"line":68,"column":30}},"68":{"start":{"line":69,"column":0},"end":{"line":69,"column":92}},"69":{"start":{"line":70,"column":0},"end":{"line":70,"column":51}},"70":{"start":{"line":71,"column":0},"end":{"line":71,"column":44}},"71":{"start":{"line":72,"column":0},"end":{"line":72,"column":6}},"72":{"start":{"line":73,"column":0},"end":{"line":73,"column":3}},"77":{"start":{"line":78,"column":0},"end":{"line":78,"column":33}},"78":{"start":{"line":79,"column":0},"end":{"line":79,"column":29}},"79":{"start":{"line":80,"column":0},"end":{"line":80,"column":3}},"84":{"start":{"line":85,"column":0},"end":{"line":85,"column":28}},"85":{"start":{"line":86,"column":0},"end":{"line":86,"column":36}},"86":{"start":{"line":87,"column":0},"end":{"line":87,"column":3}},"91":{"start":{"line":92,"column":0},"end":{"line":92,"column":37}},"92":{"start":{"line":93,"column":0},"end":{"line":93,"column":30}},"93":{"start":{"line":94,"column":0},"end":{"line":94,"column":3}},"98":{"start":{"line":99,"column":0},"end":{"line":99,"column":47}},"99":{"start":{"line":100,"column":0},"end":{"line":100,"column":32}},"100":{"start":{"line":101,"column":0},"end":{"line":101,"column":3}},"105":{"start":{"line":106,"column":0},"end":{"line":106,"column":26}},"106":{"start":{"line":107,"column":0},"end":{"line":107,"column":79}},"107":{"start":{"line":108,"column":0},"end":{"line":108,"column":3}},"112":{"start":{"line":113,"column":0},"end":{"line":113,"column":91}},"113":{"start":{"line":114,"column":0},"end":{"line":114,"column":9}},"114":{"start":{"line":115,"column":0},"end":{"line":115,"column":38}},"117":{"start":{"line":118,"column":0},"end":{"line":118,"column":55}},"118":{"start":{"line":119,"column":0},"end":{"line":119,"column":23}},"119":{"start":{"line":120,"column":0},"end":{"line":120,"column":50}},"120":{"start":{"line":121,"column":0},"end":{"line":121,"column":7}},"123":{"start":{"line":124,"column":0},"end":{"line":124,"column":57}},"124":{"start":{"line":125,"column":0},"end":{"line":125,"column":38}},"125":{"start":{"line":126,"column":0},"end":{"line":126,"column":50}},"126":{"start":{"line":127,"column":0},"end":{"line":127,"column":7}},"129":{"start":{"line":130,"column":0},"end":{"line":130,"column":79}},"130":{"start":{"line":131,"column":0},"end":{"line":131,"column":58}},"131":{"start":{"line":132,"column":0},"end":{"line":132,"column":7}},"134":{"start":{"line":135,"column":0},"end":{"line":135,"column":70}},"135":{"start":{"line":136,"column":0},"end":{"line":136,"column":23}},"136":{"start":{"line":137,"column":0},"end":{"line":137,"column":53}},"137":{"start":{"line":138,"column":0},"end":{"line":138,"column":7}},"140":{"start":{"line":141,"column":0},"end":{"line":141,"column":54}},"143":{"start":{"line":144,"column":0},"end":{"line":144,"column":39}},"144":{"start":{"line":145,"column":0},"end":{"line":145,"column":44}},"145":{"start":{"line":146,"column":0},"end":{"line":146,"column":42}},"146":{"start":{"line":147,"column":0},"end":{"line":147,"column":44}},"147":{"start":{"line":148,"column":0},"end":{"line":148,"column":65}},"148":{"start":{"line":149,"column":0},"end":{"line":149,"column":35}},"149":{"start":{"line":150,"column":0},"end":{"line":150,"column":33}},"151":{"start":{"line":152,"column":0},"end":{"line":152,"column":37}},"154":{"start":{"line":155,"column":0},"end":{"line":155,"column":46}},"157":{"start":{"line":158,"column":0},"end":{"line":158,"column":46}},"158":{"start":{"line":159,"column":0},"end":{"line":159,"column":28}},"159":{"start":{"line":160,"column":0},"end":{"line":160,"column":34}},"160":{"start":{"line":161,"column":0},"end":{"line":161,"column":35}},"161":{"start":{"line":162,"column":0},"end":{"line":162,"column":30}},"162":{"start":{"line":163,"column":0},"end":{"line":163,"column":14}},"163":{"start":{"line":164,"column":0},"end":{"line":164,"column":9}},"165":{"start":{"line":166,"column":0},"end":{"line":166,"column":42}},"166":{"start":{"line":167,"column":0},"end":{"line":167,"column":34}},"167":{"start":{"line":168,"column":0},"end":{"line":168,"column":33}},"168":{"start":{"line":169,"column":0},"end":{"line":169,"column":9}},"171":{"start":{"line":172,"column":0},"end":{"line":172,"column":68}},"172":{"start":{"line":173,"column":0},"end":{"line":173,"column":22}},"173":{"start":{"line":174,"column":0},"end":{"line":174,"column":49}},"174":{"start":{"line":175,"column":0},"end":{"line":175,"column":7}},"176":{"start":{"line":177,"column":0},"end":{"line":177,"column":20}},"178":{"start":{"line":179,"column":0},"end":{"line":179,"column":21}},"179":{"start":{"line":180,"column":0},"end":{"line":180,"column":54}},"180":{"start":{"line":181,"column":0},"end":{"line":181,"column":18}},"181":{"start":{"line":182,"column":0},"end":{"line":182,"column":5}},"182":{"start":{"line":183,"column":0},"end":{"line":183,"column":3}},"187":{"start":{"line":188,"column":0},"end":{"line":188,"column":37}},"188":{"start":{"line":189,"column":0},"end":{"line":189,"column":9}},"189":{"start":{"line":190,"column":0},"end":{"line":190,"column":39}},"192":{"start":{"line":193,"column":0},"end":{"line":193,"column":73}},"193":{"start":{"line":194,"column":0},"end":{"line":194,"column":23}},"194":{"start":{"line":195,"column":0},"end":{"line":195,"column":44}},"195":{"start":{"line":196,"column":0},"end":{"line":196,"column":7}},"198":{"start":{"line":199,"column":0},"end":{"line":199,"column":22}},"199":{"start":{"line":200,"column":0},"end":{"line":200,"column":37}},"200":{"start":{"line":201,"column":0},"end":{"line":201,"column":50}},"201":{"start":{"line":202,"column":0},"end":{"line":202,"column":7}},"204":{"start":{"line":205,"column":0},"end":{"line":205,"column":33}},"207":{"start":{"line":208,"column":0},"end":{"line":208,"column":51}},"208":{"start":{"line":209,"column":0},"end":{"line":209,"column":20}},"209":{"start":{"line":210,"column":0},"end":{"line":210,"column":31}},"210":{"start":{"line":211,"column":0},"end":{"line":211,"column":20}},"211":{"start":{"line":212,"column":0},"end":{"line":212,"column":8}},"214":{"start":{"line":215,"column":0},"end":{"line":215,"column":46}},"215":{"start":{"line":216,"column":0},"end":{"line":216,"column":31}},"216":{"start":{"line":217,"column":0},"end":{"line":217,"column":41}},"217":{"start":{"line":218,"column":0},"end":{"line":218,"column":47}},"218":{"start":{"line":219,"column":0},"end":{"line":219,"column":9}},"220":{"start":{"line":221,"column":0},"end":{"line":221,"column":45}},"221":{"start":{"line":222,"column":0},"end":{"line":222,"column":21}},"222":{"start":{"line":223,"column":0},"end":{"line":223,"column":25}},"223":{"start":{"line":224,"column":0},"end":{"line":224,"column":40}},"224":{"start":{"line":225,"column":0},"end":{"line":225,"column":9}},"227":{"start":{"line":228,"column":0},"end":{"line":228,"column":71}},"228":{"start":{"line":229,"column":0},"end":{"line":229,"column":22}},"229":{"start":{"line":230,"column":0},"end":{"line":230,"column":43}},"230":{"start":{"line":231,"column":0},"end":{"line":231,"column":7}},"232":{"start":{"line":233,"column":0},"end":{"line":233,"column":21}},"233":{"start":{"line":234,"column":0},"end":{"line":234,"column":54}},"234":{"start":{"line":235,"column":0},"end":{"line":235,"column":18}},"235":{"start":{"line":236,"column":0},"end":{"line":236,"column":5}},"236":{"start":{"line":237,"column":0},"end":{"line":237,"column":3}},"241":{"start":{"line":242,"column":0},"end":{"line":242,"column":54}},"242":{"start":{"line":243,"column":0},"end":{"line":243,"column":32}},"243":{"start":{"line":244,"column":0},"end":{"line":244,"column":86}},"244":{"start":{"line":245,"column":0},"end":{"line":245,"column":5}},"246":{"start":{"line":247,"column":0},"end":{"line":247,"column":49}},"247":{"start":{"line":248,"column":0},"end":{"line":248,"column":48}},"248":{"start":{"line":249,"column":0},"end":{"line":249,"column":5}},"250":{"start":{"line":251,"column":0},"end":{"line":251,"column":9}},"251":{"start":{"line":252,"column":0},"end":{"line":252,"column":49}},"253":{"start":{"line":254,"column":0},"end":{"line":254,"column":54}},"255":{"start":{"line":256,"column":0},"end":{"line":256,"column":35}},"258":{"start":{"line":259,"column":0},"end":{"line":259,"column":38}},"259":{"start":{"line":260,"column":0},"end":{"line":260,"column":16}},"260":{"start":{"line":261,"column":0},"end":{"line":261,"column":24}},"261":{"start":{"line":262,"column":0},"end":{"line":262,"column":44}},"262":{"start":{"line":263,"column":0},"end":{"line":263,"column":9}},"264":{"start":{"line":265,"column":0},"end":{"line":265,"column":21}},"265":{"start":{"line":266,"column":0},"end":{"line":266,"column":54}},"266":{"start":{"line":267,"column":0},"end":{"line":267,"column":18}},"267":{"start":{"line":268,"column":0},"end":{"line":268,"column":5}},"268":{"start":{"line":269,"column":0},"end":{"line":269,"column":3}},"273":{"start":{"line":274,"column":0},"end":{"line":274,"column":36}},"274":{"start":{"line":275,"column":0},"end":{"line":275,"column":32}},"275":{"start":{"line":276,"column":0},"end":{"line":276,"column":100}},"276":{"start":{"line":277,"column":0},"end":{"line":277,"column":5}},"278":{"start":{"line":279,"column":0},"end":{"line":279,"column":85}},"279":{"start":{"line":280,"column":0},"end":{"line":280,"column":46}},"280":{"start":{"line":281,"column":0},"end":{"line":281,"column":5}},"282":{"start":{"line":283,"column":0},"end":{"line":283,"column":9}},"283":{"start":{"line":284,"column":0},"end":{"line":284,"column":40}},"284":{"start":{"line":285,"column":0},"end":{"line":285,"column":31}},"287":{"start":{"line":288,"column":0},"end":{"line":288,"column":87}},"288":{"start":{"line":289,"column":0},"end":{"line":289,"column":49}},"289":{"start":{"line":290,"column":0},"end":{"line":290,"column":124}},"290":{"start":{"line":291,"column":0},"end":{"line":291,"column":7}},"293":{"start":{"line":294,"column":0},"end":{"line":294,"column":53}},"294":{"start":{"line":295,"column":0},"end":{"line":295,"column":36}},"295":{"start":{"line":296,"column":0},"end":{"line":296,"column":28}},"296":{"start":{"line":297,"column":0},"end":{"line":297,"column":9}},"298":{"start":{"line":299,"column":0},"end":{"line":299,"column":21}},"300":{"start":{"line":301,"column":0},"end":{"line":301,"column":31}},"301":{"start":{"line":302,"column":0},"end":{"line":302,"column":18}},"302":{"start":{"line":303,"column":0},"end":{"line":303,"column":5}},"303":{"start":{"line":304,"column":0},"end":{"line":304,"column":3}},"308":{"start":{"line":309,"column":0},"end":{"line":309,"column":78}},"309":{"start":{"line":310,"column":0},"end":{"line":310,"column":95}},"310":{"start":{"line":311,"column":0},"end":{"line":311,"column":3}},"315":{"start":{"line":316,"column":0},"end":{"line":316,"column":91}},"316":{"start":{"line":317,"column":0},"end":{"line":317,"column":60}},"317":{"start":{"line":318,"column":0},"end":{"line":318,"column":27}},"319":{"start":{"line":320,"column":0},"end":{"line":320,"column":12}},"320":{"start":{"line":321,"column":0},"end":{"line":321,"column":35}},"321":{"start":{"line":322,"column":0},"end":{"line":322,"column":32}},"322":{"start":{"line":323,"column":0},"end":{"line":323,"column":30}},"323":{"start":{"line":324,"column":0},"end":{"line":324,"column":32}},"324":{"start":{"line":325,"column":0},"end":{"line":325,"column":88}},"325":{"start":{"line":326,"column":0},"end":{"line":326,"column":17}},"326":{"start":{"line":327,"column":0},"end":{"line":327,"column":35}},"327":{"start":{"line":328,"column":0},"end":{"line":328,"column":40}},"328":{"start":{"line":329,"column":0},"end":{"line":329,"column":24}},"329":{"start":{"line":330,"column":0},"end":{"line":330,"column":7}},"330":{"start":{"line":331,"column":0},"end":{"line":331,"column":6}},"331":{"start":{"line":332,"column":0},"end":{"line":332,"column":3}},"336":{"start":{"line":337,"column":0},"end":{"line":337,"column":69}},"338":{"start":{"line":339,"column":0},"end":{"line":339,"column":46}},"341":{"start":{"line":342,"column":0},"end":{"line":342,"column":62}},"342":{"start":{"line":343,"column":0},"end":{"line":343,"column":51}},"343":{"start":{"line":344,"column":0},"end":{"line":344,"column":37}},"345":{"start":{"line":346,"column":0},"end":{"line":346,"column":31}},"346":{"start":{"line":347,"column":0},"end":{"line":347,"column":47}},"347":{"start":{"line":348,"column":0},"end":{"line":348,"column":7}},"349":{"start":{"line":350,"column":0},"end":{"line":350,"column":40}},"350":{"start":{"line":351,"column":0},"end":{"line":351,"column":17}},"351":{"start":{"line":352,"column":0},"end":{"line":352,"column":25}},"352":{"start":{"line":353,"column":0},"end":{"line":353,"column":33}},"353":{"start":{"line":354,"column":0},"end":{"line":354,"column":9}},"354":{"start":{"line":355,"column":0},"end":{"line":355,"column":7}},"357":{"start":{"line":358,"column":0},"end":{"line":358,"column":56}},"358":{"start":{"line":359,"column":0},"end":{"line":359,"column":49}},"359":{"start":{"line":360,"column":0},"end":{"line":360,"column":35}},"361":{"start":{"line":362,"column":0},"end":{"line":362,"column":31}},"362":{"start":{"line":363,"column":0},"end":{"line":363,"column":45}},"363":{"start":{"line":364,"column":0},"end":{"line":364,"column":7}},"365":{"start":{"line":366,"column":0},"end":{"line":366,"column":38}},"366":{"start":{"line":367,"column":0},"end":{"line":367,"column":16}},"367":{"start":{"line":368,"column":0},"end":{"line":368,"column":24}},"368":{"start":{"line":369,"column":0},"end":{"line":369,"column":33}},"369":{"start":{"line":370,"column":0},"end":{"line":370,"column":9}},"370":{"start":{"line":371,"column":0},"end":{"line":371,"column":7}},"373":{"start":{"line":374,"column":0},"end":{"line":374,"column":38}},"374":{"start":{"line":375,"column":0},"end":{"line":375,"column":40}},"375":{"start":{"line":376,"column":0},"end":{"line":376,"column":56}},"376":{"start":{"line":377,"column":0},"end":{"line":377,"column":9}},"377":{"start":{"line":378,"column":0},"end":{"line":378,"column":7}},"380":{"start":{"line":381,"column":0},"end":{"line":381,"column":45}},"381":{"start":{"line":382,"column":0},"end":{"line":382,"column":54}},"382":{"start":{"line":383,"column":0},"end":{"line":383,"column":7}},"383":{"start":{"line":384,"column":0},"end":{"line":384,"column":3}},"388":{"start":{"line":389,"column":0},"end":{"line":389,"column":71}},"389":{"start":{"line":390,"column":0},"end":{"line":390,"column":52}},"390":{"start":{"line":391,"column":0},"end":{"line":391,"column":49}},"391":{"start":{"line":392,"column":0},"end":{"line":392,"column":47}},"392":{"start":{"line":393,"column":0},"end":{"line":393,"column":42}},"393":{"start":{"line":394,"column":0},"end":{"line":394,"column":3}},"398":{"start":{"line":399,"column":0},"end":{"line":399,"column":56}},"399":{"start":{"line":400,"column":0},"end":{"line":400,"column":31}},"400":{"start":{"line":401,"column":0},"end":{"line":401,"column":3}},"405":{"start":{"line":406,"column":0},"end":{"line":406,"column":58}},"406":{"start":{"line":407,"column":0},"end":{"line":407,"column":29}},"407":{"start":{"line":408,"column":0},"end":{"line":408,"column":31}},"410":{"start":{"line":411,"column":0},"end":{"line":411,"column":31}},"413":{"start":{"line":414,"column":0},"end":{"line":414,"column":61}},"414":{"start":{"line":415,"column":0},"end":{"line":415,"column":20}},"415":{"start":{"line":416,"column":0},"end":{"line":416,"column":53}},"417":{"start":{"line":418,"column":0},"end":{"line":418,"column":9}},"418":{"start":{"line":419,"column":0},"end":{"line":419,"column":5}},"421":{"start":{"line":422,"column":0},"end":{"line":422,"column":45}},"422":{"start":{"line":423,"column":0},"end":{"line":423,"column":31}},"423":{"start":{"line":424,"column":0},"end":{"line":424,"column":5}},"424":{"start":{"line":425,"column":0},"end":{"line":425,"column":3}},"429":{"start":{"line":430,"column":0},"end":{"line":430,"column":62}},"430":{"start":{"line":431,"column":0},"end":{"line":431,"column":60}},"432":{"start":{"line":433,"column":0},"end":{"line":433,"column":52}},"433":{"start":{"line":434,"column":0},"end":{"line":434,"column":90}},"436":{"start":{"line":437,"column":0},"end":{"line":437,"column":109}},"437":{"start":{"line":438,"column":0},"end":{"line":438,"column":59}},"439":{"start":{"line":440,"column":0},"end":{"line":440,"column":16}},"440":{"start":{"line":441,"column":0},"end":{"line":441,"column":3}},"445":{"start":{"line":446,"column":0},"end":{"line":446,"column":37}},"446":{"start":{"line":447,"column":0},"end":{"line":447,"column":31}},"448":{"start":{"line":449,"column":0},"end":{"line":449,"column":60}},"449":{"start":{"line":450,"column":0},"end":{"line":450,"column":58}},"451":{"start":{"line":452,"column":0},"end":{"line":452,"column":51}},"452":{"start":{"line":453,"column":0},"end":{"line":453,"column":36}},"454":{"start":{"line":455,"column":0},"end":{"line":455,"column":9}},"455":{"start":{"line":456,"column":0},"end":{"line":456,"column":14}},"456":{"start":{"line":457,"column":0},"end":{"line":457,"column":3}},"461":{"start":{"line":462,"column":0},"end":{"line":462,"column":38}},"462":{"start":{"line":463,"column":0},"end":{"line":463,"column":60}},"464":{"start":{"line":465,"column":0},"end":{"line":465,"column":46}},"469":{"start":{"line":470,"column":0},"end":{"line":470,"column":3}},"474":{"start":{"line":475,"column":0},"end":{"line":475,"column":39}},"475":{"start":{"line":476,"column":0},"end":{"line":476,"column":44}},"476":{"start":{"line":477,"column":0},"end":{"line":477,"column":47}},"477":{"start":{"line":478,"column":0},"end":{"line":478,"column":38}},"478":{"start":{"line":479,"column":0},"end":{"line":479,"column":5}},"479":{"start":{"line":480,"column":0},"end":{"line":480,"column":3}},"484":{"start":{"line":485,"column":0},"end":{"line":485,"column":93}},"485":{"start":{"line":486,"column":0},"end":{"line":486,"column":36}},"486":{"start":{"line":487,"column":0},"end":{"line":487,"column":25}},"487":{"start":{"line":488,"column":0},"end":{"line":488,"column":28}},"488":{"start":{"line":489,"column":0},"end":{"line":489,"column":35}},"489":{"start":{"line":490,"column":0},"end":{"line":490,"column":13}},"490":{"start":{"line":491,"column":0},"end":{"line":491,"column":34}},"491":{"start":{"line":492,"column":0},"end":{"line":492,"column":24}},"492":{"start":{"line":493,"column":0},"end":{"line":493,"column":29}},"493":{"start":{"line":494,"column":0},"end":{"line":494,"column":15}},"494":{"start":{"line":495,"column":0},"end":{"line":495,"column":7}},"495":{"start":{"line":496,"column":0},"end":{"line":496,"column":6}},"497":{"start":{"line":498,"column":0},"end":{"line":498,"column":34}},"498":{"start":{"line":499,"column":0},"end":{"line":499,"column":3}},"503":{"start":{"line":504,"column":0},"end":{"line":504,"column":87}},"504":{"start":{"line":505,"column":0},"end":{"line":505,"column":33}},"505":{"start":{"line":506,"column":0},"end":{"line":506,"column":22}},"506":{"start":{"line":507,"column":0},"end":{"line":507,"column":28}},"507":{"start":{"line":508,"column":0},"end":{"line":508,"column":35}},"508":{"start":{"line":509,"column":0},"end":{"line":509,"column":13}},"509":{"start":{"line":510,"column":0},"end":{"line":510,"column":30}},"510":{"start":{"line":511,"column":0},"end":{"line":511,"column":38}},"511":{"start":{"line":512,"column":0},"end":{"line":512,"column":52}},"512":{"start":{"line":513,"column":0},"end":{"line":513,"column":15}},"513":{"start":{"line":514,"column":0},"end":{"line":514,"column":7}},"514":{"start":{"line":515,"column":0},"end":{"line":515,"column":6}},"516":{"start":{"line":517,"column":0},"end":{"line":517,"column":34}},"517":{"start":{"line":518,"column":0},"end":{"line":518,"column":3}},"522":{"start":{"line":523,"column":0},"end":{"line":523,"column":83}},"523":{"start":{"line":524,"column":0},"end":{"line":524,"column":31}},"524":{"start":{"line":525,"column":0},"end":{"line":525,"column":20}},"525":{"start":{"line":526,"column":0},"end":{"line":526,"column":28}},"526":{"start":{"line":527,"column":0},"end":{"line":527,"column":35}},"527":{"start":{"line":528,"column":0},"end":{"line":528,"column":13}},"528":{"start":{"line":529,"column":0},"end":{"line":529,"column":30}},"529":{"start":{"line":530,"column":0},"end":{"line":530,"column":37}},"530":{"start":{"line":531,"column":0},"end":{"line":531,"column":52}},"531":{"start":{"line":532,"column":0},"end":{"line":532,"column":15}},"532":{"start":{"line":533,"column":0},"end":{"line":533,"column":7}},"533":{"start":{"line":534,"column":0},"end":{"line":534,"column":6}},"535":{"start":{"line":536,"column":0},"end":{"line":536,"column":34}},"536":{"start":{"line":537,"column":0},"end":{"line":537,"column":3}},"541":{"start":{"line":542,"column":0},"end":{"line":542,"column":51}},"542":{"start":{"line":543,"column":0},"end":{"line":543,"column":31}},"543":{"start":{"line":544,"column":0},"end":{"line":544,"column":20}},"544":{"start":{"line":545,"column":0},"end":{"line":545,"column":28}},"545":{"start":{"line":546,"column":0},"end":{"line":546,"column":35}},"546":{"start":{"line":547,"column":0},"end":{"line":547,"column":13}},"547":{"start":{"line":548,"column":0},"end":{"line":548,"column":21}},"548":{"start":{"line":549,"column":0},"end":{"line":549,"column":18}},"549":{"start":{"line":550,"column":0},"end":{"line":550,"column":31}},"550":{"start":{"line":551,"column":0},"end":{"line":551,"column":48}},"551":{"start":{"line":552,"column":0},"end":{"line":552,"column":38}},"552":{"start":{"line":553,"column":0},"end":{"line":553,"column":41}},"553":{"start":{"line":554,"column":0},"end":{"line":554,"column":9}},"554":{"start":{"line":555,"column":0},"end":{"line":555,"column":7}},"555":{"start":{"line":556,"column":0},"end":{"line":556,"column":6}},"557":{"start":{"line":558,"column":0},"end":{"line":558,"column":34}},"558":{"start":{"line":559,"column":0},"end":{"line":559,"column":3}},"563":{"start":{"line":564,"column":0},"end":{"line":564,"column":19}},"564":{"start":{"line":565,"column":0},"end":{"line":565,"column":31}},"566":{"start":{"line":567,"column":0},"end":{"line":567,"column":31}},"567":{"start":{"line":568,"column":0},"end":{"line":568,"column":59}},"568":{"start":{"line":569,"column":0},"end":{"line":569,"column":5}},"569":{"start":{"line":570,"column":0},"end":{"line":570,"column":3}},"570":{"start":{"line":571,"column":0},"end":{"line":571,"column":1}},"575":{"start":{"line":576,"column":0},"end":{"line":576,"column":40}},"576":{"start":{"line":577,"column":0},"end":{"line":577,"column":31}},"577":{"start":{"line":578,"column":0},"end":{"line":578,"column":33}},"578":{"start":{"line":579,"column":0},"end":{"line":579,"column":22}},"579":{"start":{"line":580,"column":0},"end":{"line":580,"column":53}},"580":{"start":{"line":581,"column":0},"end":{"line":581,"column":1}}},"s":{"0":1,"45":1,"46":1,"47":1,"48":1,"49":1,"51":1,"52":1,"54":1,"55":10,"56":10,"57":10,"58":10,"59":10,"64":1,"65":1,"66":1,"67":1,"68":1,"69":1,"70":1,"71":1,"72":1,"77":1,"78":1,"79":1,"84":1,"85":1,"86":1,"91":1,"92":0,"93":0,"98":1,"99":0,"100":0,"105":1,"106":3,"107":3,"112":1,"113":3,"114":3,"117":3,"118":3,"119":1,"120":1,"123":2,"124":3,"125":0,"126":0,"129":3,"130":0,"131":0,"134":3,"135":3,"136":0,"137":0,"140":2,"143":2,"144":2,"145":2,"146":2,"147":2,"148":2,"149":2,"151":2,"154":2,"157":2,"158":2,"159":2,"160":2,"161":2,"162":2,"163":2,"165":2,"166":2,"167":2,"168":2,"171":3,"172":3,"173":0,"174":0,"176":2,"178":3,"179":1,"180":1,"181":1,"182":3,"187":1,"188":1,"189":1,"192":1,"193":1,"194":0,"195":0,"198":1,"199":1,"200":1,"201":1,"204":1,"207":1,"208":1,"209":1,"210":1,"211":1,"214":1,"215":1,"216":1,"217":1,"218":1,"220":1,"221":1,"222":1,"223":1,"224":1,"227":1,"228":1,"229":0,"230":0,"232":1,"233":0,"234":0,"235":0,"236":1,"241":1,"242":0,"243":0,"244":0,"246":0,"247":0,"248":0,"250":0,"251":0,"253":0,"255":0,"258":0,"259":0,"260":0,"261":0,"262":0,"264":0,"265":0,"266":0,"267":0,"268":0,"273":1,"274":0,"275":0,"276":0,"278":0,"279":0,"280":0,"282":0,"283":0,"284":0,"287":0,"288":0,"289":0,"290":0,"293":0,"294":0,"295":0,"296":0,"298":0,"300":0,"301":0,"302":0,"303":0,"308":1,"309":3,"310":3,"315":1,"316":2,"317":2,"319":2,"320":2,"321":2,"322":2,"323":2,"324":2,"325":2,"326":2,"327":2,"328":2,"329":2,"330":2,"331":2,"336":1,"338":2,"341":2,"342":0,"343":0,"345":0,"346":0,"347":0,"349":0,"350":0,"351":0,"352":0,"353":0,"354":2,"357":2,"358":0,"359":0,"361":0,"362":0,"363":0,"365":0,"366":0,"367":0,"368":0,"369":0,"370":2,"373":2,"374":0,"375":0,"376":0,"377":2,"380":2,"381":0,"382":2,"383":2,"388":1,"389":3,"390":3,"391":3,"392":3,"393":3,"398":1,"399":6,"400":6,"405":1,"406":1,"407":1,"410":1,"413":1,"414":1,"415":0,"417":0,"418":0,"421":1,"422":0,"423":0,"424":1,"429":1,"430":1,"432":1,"433":1,"436":1,"437":1,"439":0,"440":1,"445":1,"446":0,"448":0,"449":0,"451":0,"452":0,"454":0,"455":0,"456":0,"461":1,"462":10,"464":10,"469":10,"474":1,"475":1,"476":0,"477":0,"478":0,"479":1,"484":1,"485":3,"486":3,"487":3,"488":3,"489":3,"490":3,"491":3,"492":3,"493":3,"494":3,"495":3,"497":3,"498":3,"503":1,"504":3,"505":3,"506":3,"507":3,"508":3,"509":3,"510":3,"511":3,"512":3,"513":3,"514":3,"516":3,"517":3,"522":1,"523":0,"524":0,"525":0,"526":0,"527":0,"528":0,"529":0,"530":0,"531":0,"532":0,"533":0,"535":0,"536":0,"541":1,"542":1,"543":1,"544":1,"545":1,"546":1,"547":1,"548":1,"549":1,"550":1,"551":1,"552":1,"553":1,"554":1,"555":1,"557":1,"558":1,"563":1,"564":0,"566":0,"567":0,"568":0,"569":0,"570":1,"575":1,"576":10,"577":10,"578":10,"579":10,"580":10},"branchMap":{"0":{"type":"branch","line":55,"loc":{"start":{"line":55,"column":2},"end":{"line":60,"column":3}},"locations":[{"start":{"line":55,"column":2},"end":{"line":60,"column":3}}]},"1":{"type":"branch","line":65,"loc":{"start":{"line":65,"column":2},"end":{"line":73,"column":3}},"locations":[{"start":{"line":65,"column":2},"end":{"line":73,"column":3}}]},"2":{"type":"branch","line":78,"loc":{"start":{"line":78,"column":2},"end":{"line":80,"column":3}},"locations":[{"start":{"line":78,"column":2},"end":{"line":80,"column":3}}]},"3":{"type":"branch","line":85,"loc":{"start":{"line":85,"column":2},"end":{"line":87,"column":3}},"locations":[{"start":{"line":85,"column":2},"end":{"line":87,"column":3}}]},"4":{"type":"branch","line":106,"loc":{"start":{"line":106,"column":2},"end":{"line":108,"column":3}},"locations":[{"start":{"line":106,"column":2},"end":{"line":108,"column":3}}]},"5":{"type":"branch","line":107,"loc":{"start":{"line":107,"column":33},"end":{"line":107,"column":79}},"locations":[{"start":{"line":107,"column":33},"end":{"line":107,"column":79}}]},"6":{"type":"branch","line":113,"loc":{"start":{"line":113,"column":2},"end":{"line":183,"column":3}},"locations":[{"start":{"line":113,"column":2},"end":{"line":183,"column":3}}]},"7":{"type":"branch","line":119,"loc":{"start":{"line":119,"column":22},"end":{"line":121,"column":7}},"locations":[{"start":{"line":119,"column":22},"end":{"line":121,"column":7}}]},"8":{"type":"branch","line":121,"loc":{"start":{"line":121,"column":6},"end":{"line":125,"column":37}},"locations":[{"start":{"line":121,"column":6},"end":{"line":125,"column":37}}]},"9":{"type":"branch","line":125,"loc":{"start":{"line":125,"column":37},"end":{"line":127,"column":7}},"locations":[{"start":{"line":125,"column":37},"end":{"line":127,"column":7}}]},"10":{"type":"branch","line":127,"loc":{"start":{"line":127,"column":6},"end":{"line":130,"column":19}},"locations":[{"start":{"line":127,"column":6},"end":{"line":130,"column":19}}]},"11":{"type":"branch","line":130,"loc":{"start":{"line":130,"column":10},"end":{"line":130,"column":30}},"locations":[{"start":{"line":130,"column":10},"end":{"line":130,"column":30}}]},"12":{"type":"branch","line":130,"loc":{"start":{"line":130,"column":19},"end":{"line":130,"column":78}},"locations":[{"start":{"line":130,"column":19},"end":{"line":130,"column":78}}]},"13":{"type":"branch","line":130,"loc":{"start":{"line":130,"column":78},"end":{"line":132,"column":7}},"locations":[{"start":{"line":130,"column":78},"end":{"line":132,"column":7}}]},"14":{"type":"branch","line":132,"loc":{"start":{"line":132,"column":6},"end":{"line":135,"column":56}},"locations":[{"start":{"line":132,"column":6},"end":{"line":135,"column":56}}]},"15":{"type":"branch","line":135,"loc":{"start":{"line":135,"column":49},"end":{"line":135,"column":70}},"locations":[{"start":{"line":135,"column":49},"end":{"line":135,"column":70}}]},"16":{"type":"branch","line":136,"loc":{"start":{"line":136,"column":22},"end":{"line":138,"column":7}},"locations":[{"start":{"line":136,"column":22},"end":{"line":138,"column":7}}]},"17":{"type":"branch","line":138,"loc":{"start":{"line":138,"column":6},"end":{"line":172,"column":55}},"locations":[{"start":{"line":138,"column":6},"end":{"line":172,"column":55}}]},"18":{"type":"branch","line":172,"loc":{"start":{"line":172,"column":48},"end":{"line":172,"column":68}},"locations":[{"start":{"line":172,"column":48},"end":{"line":172,"column":68}}]},"19":{"type":"branch","line":173,"loc":{"start":{"line":173,"column":21},"end":{"line":175,"column":7}},"locations":[{"start":{"line":173,"column":21},"end":{"line":175,"column":7}}]},"20":{"type":"branch","line":175,"loc":{"start":{"line":175,"column":6},"end":{"line":179,"column":13}},"locations":[{"start":{"line":175,"column":6},"end":{"line":179,"column":13}}]},"21":{"type":"branch","line":179,"loc":{"start":{"line":179,"column":4},"end":{"line":182,"column":5}},"locations":[{"start":{"line":179,"column":4},"end":{"line":182,"column":5}}]},"22":{"type":"branch","line":188,"loc":{"start":{"line":188,"column":2},"end":{"line":237,"column":3}},"locations":[{"start":{"line":188,"column":2},"end":{"line":237,"column":3}}]},"23":{"type":"branch","line":193,"loc":{"start":{"line":193,"column":49},"end":{"line":193,"column":73}},"locations":[{"start":{"line":193,"column":49},"end":{"line":193,"column":73}}]},"24":{"type":"branch","line":194,"loc":{"start":{"line":194,"column":22},"end":{"line":196,"column":7}},"locations":[{"start":{"line":194,"column":22},"end":{"line":196,"column":7}}]},"25":{"type":"branch","line":217,"loc":{"start":{"line":217,"column":32},"end":{"line":217,"column":41}},"locations":[{"start":{"line":217,"column":32},"end":{"line":217,"column":41}}]},"26":{"type":"branch","line":218,"loc":{"start":{"line":218,"column":31},"end":{"line":218,"column":47}},"locations":[{"start":{"line":218,"column":31},"end":{"line":218,"column":47}}]},"27":{"type":"branch","line":224,"loc":{"start":{"line":224,"column":32},"end":{"line":224,"column":40}},"locations":[{"start":{"line":224,"column":32},"end":{"line":224,"column":40}}]},"28":{"type":"branch","line":228,"loc":{"start":{"line":228,"column":48},"end":{"line":228,"column":71}},"locations":[{"start":{"line":228,"column":48},"end":{"line":228,"column":71}}]},"29":{"type":"branch","line":229,"loc":{"start":{"line":229,"column":21},"end":{"line":231,"column":7}},"locations":[{"start":{"line":229,"column":21},"end":{"line":231,"column":7}}]},"30":{"type":"branch","line":233,"loc":{"start":{"line":233,"column":4},"end":{"line":236,"column":5}},"locations":[{"start":{"line":233,"column":4},"end":{"line":236,"column":5}}]},"31":{"type":"branch","line":309,"loc":{"start":{"line":309,"column":10},"end":{"line":311,"column":3}},"locations":[{"start":{"line":309,"column":10},"end":{"line":311,"column":3}}]},"32":{"type":"branch","line":310,"loc":{"start":{"line":310,"column":51},"end":{"line":310,"column":93}},"locations":[{"start":{"line":310,"column":51},"end":{"line":310,"column":93}}]},"33":{"type":"branch","line":316,"loc":{"start":{"line":316,"column":10},"end":{"line":332,"column":3}},"locations":[{"start":{"line":316,"column":10},"end":{"line":332,"column":3}}]},"34":{"type":"branch","line":325,"loc":{"start":{"line":325,"column":65},"end":{"line":325,"column":88}},"locations":[{"start":{"line":325,"column":65},"end":{"line":325,"column":88}}]},"35":{"type":"branch","line":337,"loc":{"start":{"line":337,"column":10},"end":{"line":384,"column":3}},"locations":[{"start":{"line":337,"column":10},"end":{"line":384,"column":3}}]},"36":{"type":"branch","line":389,"loc":{"start":{"line":389,"column":10},"end":{"line":394,"column":3}},"locations":[{"start":{"line":389,"column":10},"end":{"line":394,"column":3}}]},"37":{"type":"branch","line":399,"loc":{"start":{"line":399,"column":10},"end":{"line":401,"column":3}},"locations":[{"start":{"line":399,"column":10},"end":{"line":401,"column":3}}]},"38":{"type":"branch","line":406,"loc":{"start":{"line":406,"column":10},"end":{"line":425,"column":3}},"locations":[{"start":{"line":406,"column":10},"end":{"line":425,"column":3}}]},"39":{"type":"branch","line":414,"loc":{"start":{"line":414,"column":46},"end":{"line":414,"column":61}},"locations":[{"start":{"line":414,"column":46},"end":{"line":414,"column":61}}]},"40":{"type":"branch","line":415,"loc":{"start":{"line":415,"column":19},"end":{"line":419,"column":5}},"locations":[{"start":{"line":415,"column":19},"end":{"line":419,"column":5}}]},"41":{"type":"branch","line":422,"loc":{"start":{"line":422,"column":44},"end":{"line":424,"column":5}},"locations":[{"start":{"line":422,"column":44},"end":{"line":424,"column":5}}]},"42":{"type":"branch","line":430,"loc":{"start":{"line":430,"column":10},"end":{"line":441,"column":3}},"locations":[{"start":{"line":430,"column":10},"end":{"line":441,"column":3}}]},"43":{"type":"branch","line":433,"loc":{"start":{"line":433,"column":39},"end":{"line":433,"column":52}},"locations":[{"start":{"line":433,"column":39},"end":{"line":433,"column":52}}]},"44":{"type":"branch","line":434,"loc":{"start":{"line":434,"column":49},"end":{"line":434,"column":77}},"locations":[{"start":{"line":434,"column":49},"end":{"line":434,"column":77}}]},"45":{"type":"branch","line":434,"loc":{"start":{"line":434,"column":77},"end":{"line":434,"column":90}},"locations":[{"start":{"line":434,"column":77},"end":{"line":434,"column":90}}]},"46":{"type":"branch","line":437,"loc":{"start":{"line":437,"column":25},"end":{"line":437,"column":96}},"locations":[{"start":{"line":437,"column":25},"end":{"line":437,"column":96}}]},"47":{"type":"branch","line":437,"loc":{"start":{"line":437,"column":96},"end":{"line":437,"column":109}},"locations":[{"start":{"line":437,"column":96},"end":{"line":437,"column":109}}]},"48":{"type":"branch","line":438,"loc":{"start":{"line":438,"column":53},"end":{"line":440,"column":16}},"locations":[{"start":{"line":438,"column":53},"end":{"line":440,"column":16}}]},"49":{"type":"branch","line":462,"loc":{"start":{"line":462,"column":10},"end":{"line":470,"column":3}},"locations":[{"start":{"line":462,"column":10},"end":{"line":470,"column":3}}]},"50":{"type":"branch","line":465,"loc":{"start":{"line":465,"column":39},"end":{"line":465,"column":46}},"locations":[{"start":{"line":465,"column":39},"end":{"line":465,"column":46}}]},"51":{"type":"branch","line":475,"loc":{"start":{"line":475,"column":10},"end":{"line":480,"column":3}},"locations":[{"start":{"line":475,"column":10},"end":{"line":480,"column":3}}]},"52":{"type":"branch","line":476,"loc":{"start":{"line":476,"column":43},"end":{"line":479,"column":5}},"locations":[{"start":{"line":476,"column":43},"end":{"line":479,"column":5}}]},"53":{"type":"branch","line":485,"loc":{"start":{"line":485,"column":10},"end":{"line":499,"column":3}},"locations":[{"start":{"line":485,"column":10},"end":{"line":499,"column":3}}]},"54":{"type":"branch","line":504,"loc":{"start":{"line":504,"column":10},"end":{"line":518,"column":3}},"locations":[{"start":{"line":504,"column":10},"end":{"line":518,"column":3}}]},"55":{"type":"branch","line":512,"loc":{"start":{"line":512,"column":32},"end":{"line":512,"column":49}},"locations":[{"start":{"line":512,"column":32},"end":{"line":512,"column":49}}]},"56":{"type":"branch","line":512,"loc":{"start":{"line":512,"column":43},"end":{"line":512,"column":52}},"locations":[{"start":{"line":512,"column":43},"end":{"line":512,"column":52}}]},"57":{"type":"branch","line":542,"loc":{"start":{"line":542,"column":10},"end":{"line":559,"column":3}},"locations":[{"start":{"line":542,"column":10},"end":{"line":559,"column":3}}]},"58":{"type":"branch","line":551,"loc":{"start":{"line":551,"column":34},"end":{"line":551,"column":48}},"locations":[{"start":{"line":551,"column":34},"end":{"line":551,"column":48}}]},"59":{"type":"branch","line":576,"loc":{"start":{"line":576,"column":7},"end":{"line":581,"column":1}},"locations":[{"start":{"line":576,"column":7},"end":{"line":581,"column":1}}]}},"b":{"0":[10],"1":[1],"2":[1],"3":[1],"4":[3],"5":[1],"6":[3],"7":[1],"8":[2],"9":[0],"10":[2],"11":[0],"12":[0],"13":[0],"14":[2],"15":[0],"16":[0],"17":[2],"18":[0],"19":[0],"20":[2],"21":[1],"22":[1],"23":[0],"24":[0],"25":[0],"26":[0],"27":[0],"28":[0],"29":[0],"30":[0],"31":[3],"32":[5],"33":[2],"34":[0],"35":[2],"36":[3],"37":[6],"38":[1],"39":[0],"40":[0],"41":[0],"42":[1],"43":[0],"44":[0],"45":[0],"46":[0],"47":[0],"48":[0],"49":[10],"50":[0],"51":[1],"52":[0],"53":[3],"54":[3],"55":[2],"56":[1],"57":[1],"58":[0],"59":[10]},"fnMap":{"0":{"name":"ConnectionManager","decl":{"start":{"line":55,"column":2},"end":{"line":60,"column":3}},"loc":{"start":{"line":55,"column":2},"end":{"line":60,"column":3}},"line":55},"1":{"name":"getState","decl":{"start":{"line":65,"column":2},"end":{"line":73,"column":3}},"loc":{"start":{"line":65,"column":2},"end":{"line":73,"column":3}},"line":65},"2":{"name":"getStatus","decl":{"start":{"line":78,"column":2},"end":{"line":80,"column":3}},"loc":{"start":{"line":78,"column":2},"end":{"line":80,"column":3}},"line":78},"3":{"name":"getAccounts","decl":{"start":{"line":85,"column":2},"end":{"line":87,"column":3}},"loc":{"start":{"line":85,"column":2},"end":{"line":87,"column":3}},"line":85},"4":{"name":"getChainId","decl":{"start":{"line":92,"column":2},"end":{"line":94,"column":3}},"loc":{"start":{"line":92,"column":2},"end":{"line":94,"column":3}},"line":92},"5":{"name":"getConnector","decl":{"start":{"line":99,"column":2},"end":{"line":101,"column":3}},"loc":{"start":{"line":99,"column":2},"end":{"line":101,"column":3}},"line":99},"6":{"name":"isConnected","decl":{"start":{"line":106,"column":2},"end":{"line":108,"column":3}},"loc":{"start":{"line":106,"column":2},"end":{"line":108,"column":3}},"line":106},"7":{"name":"connect","decl":{"start":{"line":113,"column":2},"end":{"line":183,"column":3}},"loc":{"start":{"line":113,"column":2},"end":{"line":183,"column":3}},"line":113},"8":{"name":"disconnect","decl":{"start":{"line":188,"column":2},"end":{"line":237,"column":3}},"loc":{"start":{"line":188,"column":2},"end":{"line":237,"column":3}},"line":188},"9":{"name":"switchChain","decl":{"start":{"line":242,"column":2},"end":{"line":269,"column":3}},"loc":{"start":{"line":242,"column":2},"end":{"line":269,"column":3}},"line":242},"10":{"name":"reconnect","decl":{"start":{"line":274,"column":2},"end":{"line":304,"column":3}},"loc":{"start":{"line":274,"column":2},"end":{"line":304,"column":3}},"line":274},"11":{"name":"findConnector","decl":{"start":{"line":309,"column":10},"end":{"line":311,"column":3}},"loc":{"start":{"line":309,"column":10},"end":{"line":311,"column":3}},"line":309},"12":{"name":"createSession","decl":{"start":{"line":316,"column":10},"end":{"line":332,"column":3}},"loc":{"start":{"line":316,"column":10},"end":{"line":332,"column":3}},"line":316},"13":{"name":"setupConnectorListeners","decl":{"start":{"line":337,"column":10},"end":{"line":384,"column":3}},"loc":{"start":{"line":337,"column":10},"end":{"line":384,"column":3}},"line":337},"14":{"name":"cleanupConnectorListeners","decl":{"start":{"line":389,"column":10},"end":{"line":394,"column":3}},"loc":{"start":{"line":389,"column":10},"end":{"line":394,"column":3}},"line":389},"15":{"name":"updateStatus","decl":{"start":{"line":399,"column":10},"end":{"line":401,"column":3}},"loc":{"start":{"line":399,"column":10},"end":{"line":401,"column":3}},"line":399},"16":{"name":"handleConnectionError","decl":{"start":{"line":406,"column":10},"end":{"line":425,"column":3}},"loc":{"start":{"line":406,"column":10},"end":{"line":425,"column":3}},"line":406},"17":{"name":"shouldAttemptReconnect","decl":{"start":{"line":430,"column":10},"end":{"line":441,"column":3}},"loc":{"start":{"line":430,"column":10},"end":{"line":441,"column":3}},"line":430},"18":{"name":"scheduleReconnect","decl":{"start":{"line":446,"column":10},"end":{"line":457,"column":3}},"loc":{"start":{"line":446,"column":10},"end":{"line":457,"column":3}},"line":446},"19":{"name":"setupAutoReconnect","decl":{"start":{"line":462,"column":10},"end":{"line":470,"column":3}},"loc":{"start":{"line":462,"column":10},"end":{"line":470,"column":3}},"line":462},"20":{"name":"clearReconnectTimer","decl":{"start":{"line":475,"column":10},"end":{"line":480,"column":3}},"loc":{"start":{"line":475,"column":10},"end":{"line":480,"column":3}},"line":475},"21":{"name":"emitConnectionEvent","decl":{"start":{"line":485,"column":10},"end":{"line":499,"column":3}},"loc":{"start":{"line":485,"column":10},"end":{"line":499,"column":3}},"line":485},"22":{"name":"emitAccountEvent","decl":{"start":{"line":504,"column":10},"end":{"line":518,"column":3}},"loc":{"start":{"line":504,"column":10},"end":{"line":518,"column":3}},"line":504},"23":{"name":"emitChainEvent","decl":{"start":{"line":523,"column":10},"end":{"line":537,"column":3}},"loc":{"start":{"line":523,"column":10},"end":{"line":537,"column":3}},"line":523},"24":{"name":"emitErrorEvent","decl":{"start":{"line":542,"column":10},"end":{"line":559,"column":3}},"loc":{"start":{"line":542,"column":10},"end":{"line":559,"column":3}},"line":542},"25":{"name":"destroy","decl":{"start":{"line":564,"column":2},"end":{"line":570,"column":3}},"loc":{"start":{"line":564,"column":2},"end":{"line":570,"column":3}},"line":564},"26":{"name":"createConnectionManager","decl":{"start":{"line":576,"column":7},"end":{"line":581,"column":1}},"loc":{"start":{"line":576,"column":7},"end":{"line":581,"column":1}},"line":576}},"f":{"0":10,"1":1,"2":1,"3":1,"4":0,"5":0,"6":3,"7":3,"8":1,"9":0,"10":0,"11":3,"12":2,"13":2,"14":3,"15":6,"16":1,"17":1,"18":0,"19":10,"20":1,"21":3,"22":3,"23":0,"24":1,"25":0,"26":10}}
,"/home/emmanuel-doji/Documents/work_projects/rabit/packages/core/src/event-emitter.ts": {"path":"/home/emmanuel-doji/Documents/work_projects/rabit/packages/core/src/event-emitter.ts","all":false,"statementMap":{"18":{"start":{"line":19,"column":0},"end":{"line":19,"column":65}},"19":{"start":{"line":20,"column":0},"end":{"line":20,"column":68}},"20":{"start":{"line":21,"column":0},"end":{"line":21,"column":42}},"21":{"start":{"line":22,"column":0},"end":{"line":22,"column":41}},"26":{"start":{"line":27,"column":0},"end":{"line":27,"column":35}},"27":{"start":{"line":28,"column":0},"end":{"line":28,"column":17}},"28":{"start":{"line":29,"column":0},"end":{"line":29,"column":62}},"29":{"start":{"line":30,"column":0},"end":{"line":30,"column":33}},"30":{"start":{"line":31,"column":0},"end":{"line":31,"column":17}},"31":{"start":{"line":32,"column":0},"end":{"line":32,"column":75}},"33":{"start":{"line":34,"column":0},"end":{"line":34,"column":43}},"35":{"start":{"line":36,"column":0},"end":{"line":36,"column":67}},"38":{"start":{"line":39,"column":0},"end":{"line":39,"column":77}},"39":{"start":{"line":40,"column":0},"end":{"line":40,"column":15}},"40":{"start":{"line":41,"column":0},"end":{"line":41,"column":7}},"43":{"start":{"line":44,"column":0},"end":{"line":44,"column":27}},"44":{"start":{"line":45,"column":0},"end":{"line":45,"column":6}},"47":{"start":{"line":48,"column":0},"end":{"line":48,"column":49}},"50":{"start":{"line":51,"column":0},"end":{"line":51,"column":34}},"51":{"start":{"line":52,"column":0},"end":{"line":52,"column":64}},"52":{"start":{"line":53,"column":0},"end":{"line":53,"column":5}},"55":{"start":{"line":56,"column":0},"end":{"line":56,"column":18}},"56":{"start":{"line":57,"column":0},"end":{"line":57,"column":54}},"57":{"start":{"line":58,"column":0},"end":{"line":58,"column":6}},"58":{"start":{"line":59,"column":0},"end":{"line":59,"column":3}},"63":{"start":{"line":64,"column":0},"end":{"line":64,"column":37}},"64":{"start":{"line":65,"column":0},"end":{"line":65,"column":17}},"65":{"start":{"line":66,"column":0},"end":{"line":66,"column":62}},"66":{"start":{"line":67,"column":0},"end":{"line":67,"column":33}},"67":{"start":{"line":68,"column":0},"end":{"line":68,"column":17}},"68":{"start":{"line":69,"column":0},"end":{"line":69,"column":30}},"70":{"start":{"line":71,"column":0},"end":{"line":71,"column":75}},"72":{"start":{"line":73,"column":0},"end":{"line":73,"column":60}},"74":{"start":{"line":75,"column":0},"end":{"line":75,"column":67}},"77":{"start":{"line":78,"column":0},"end":{"line":78,"column":77}},"78":{"start":{"line":79,"column":0},"end":{"line":79,"column":15}},"79":{"start":{"line":80,"column":0},"end":{"line":80,"column":7}},"82":{"start":{"line":83,"column":0},"end":{"line":83,"column":27}},"83":{"start":{"line":84,"column":0},"end":{"line":84,"column":54}},"86":{"start":{"line":87,"column":0},"end":{"line":87,"column":27}},"87":{"start":{"line":88,"column":0},"end":{"line":88,"column":6}},"89":{"start":{"line":90,"column":0},"end":{"line":90,"column":49}},"91":{"start":{"line":92,"column":0},"end":{"line":92,"column":18}},"92":{"start":{"line":93,"column":0},"end":{"line":93,"column":54}},"93":{"start":{"line":94,"column":0},"end":{"line":94,"column":6}},"94":{"start":{"line":95,"column":0},"end":{"line":95,"column":3}},"99":{"start":{"line":100,"column":0},"end":{"line":100,"column":36}},"100":{"start":{"line":101,"column":0},"end":{"line":101,"column":17}},"101":{"start":{"line":102,"column":0},"end":{"line":102,"column
[...]
t":{"line":277,"column":0},"end":{"line":277,"column":49}},"277":{"start":{"line":278,"column":0},"end":{"line":278,"column":29}},"278":{"start":{"line":279,"column":0},"end":{"line":279,"column":48}},"279":{"start":{"line":280,"column":0},"end":{"line":280,"column":3}},"284":{"start":{"line":285,"column":0},"end":{"line":285,"column":47}},"285":{"start":{"line":286,"column":0},"end":{"line":286,"column":29}},"286":{"start":{"line":287,"column":0},"end":{"line":287,"column":56}},"287":{"start":{"line":288,"column":0},"end":{"line":288,"column":3}},"292":{"start":{"line":293,"column":0},"end":{"line":293,"column":38}},"293":{"start":{"line":294,"column":0},"end":{"line":294,"column":29}},"294":{"start":{"line":295,"column":0},"end":{"line":295,"column":53}},"295":{"start":{"line":296,"column":0},"end":{"line":296,"column":3}},"300":{"start":{"line":301,"column":0},"end":{"line":301,"column":28}},"301":{"start":{"line":302,"column":0},"end":{"line":302,"column":29}},"302":{"start":{"line":303,"column":0},"end":{"line":303,"column":42}},"303":{"start":{"line":304,"column":0},"end":{"line":304,"column":3}},"312":{"start":{"line":313,"column":0},"end":{"line":313,"column":35}},"313":{"start":{"line":314,"column":0},"end":{"line":314,"column":17}},"314":{"start":{"line":315,"column":0},"end":{"line":315,"column":61}},"315":{"start":{"line":316,"column":0},"end":{"line":316,"column":17}},"316":{"start":{"line":317,"column":0},"end":{"line":317,"column":29}},"317":{"start":{"line":318,"column":0},"end":{"line":318,"column":53}},"318":{"start":{"line":319,"column":0},"end":{"line":319,"column":3}},"323":{"start":{"line":324,"column":0},"end":{"line":324,"column":37}},"324":{"start":{"line":325,"column":0},"end":{"line":325,"column":17}},"325":{"start":{"line":326,"column":0},"end":{"line":326,"column":61}},"326":{"start":{"line":327,"column":0},"end":{"line":327,"column":17}},"327":{"start":{"line":328,"column":0},"end":{"line":328,"column":29}},"328":{"start":{"line":329,"column":0},"end":{"line":329,"column":55}},"329":{"start":{"line":330,"column":0},"end":{"line":330,"column":3}},"334":{"start":{"line":335,"column":0},"end":{"line":335,"column":36}},"335":{"start":{"line":336,"column":0},"end":{"line":336,"column":17}},"336":{"start":{"line":337,"column":0},"end":{"line":337,"column":61}},"337":{"start":{"line":338,"column":0},"end":{"line":338,"column":11}},"338":{"start":{"line":339,"column":0},"end":{"line":339,"column":29}},"339":{"start":{"line":340,"column":0},"end":{"line":340,"column":47}},"340":{"start":{"line":341,"column":0},"end":{"line":341,"column":3}},"345":{"start":{"line":346,"column":0},"end":{"line":346,"column":40}},"346":{"start":{"line":347,"column":0},"end":{"line":347,"column":29}},"347":{"start":{"line":348,"column":0},"end":{"line":348,"column":29}},"348":{"start":{"line":349,"column":0},"end":{"line":349,"column":3}},"357":{"start":{"line":358,"column":0},"end":{"line":358,"column":51}},"358":{"start":{"line":359,"column":0},"end":{"line":359,"column":29}},"360":{"start":{"line":361,"column":0},"end":{"line":361,"column":9}},"361":{"start":{"line":362,"column":0},"end":{"line":362,"column":47}},"363":{"start":{"line":364,"column":0},"end":{"line":364,"column":14}},"364":{"start":{"line":365,"column":0},"end":{"line":365,"column":22}},"365":{"start":{"line":366,"column":0},"end":{"line":366,"column":29}},"366":{"start":{"line":367,"column":0},"end":{"line":367,"column":8}},"367":{"start":{"line":368,"column":0},"end":{"line":368,"column":21}},"368":{"start":{"line":369,"column":0},"end":{"line":369,"column":14}},"369":{"start":{"line":370,"column":0},"end":{"line":370,"column":23}},"370":{"start":{"line":371,"column":0},"end":{"line":371,"column":28}},"371":{"start":{"line":372,"column":0},"end":{"line":372,"column":29}},"372":{"start":{"line":373,"column":0},"end":{"line":373,"column":8}},"373":{"start":{"line":374,"column":0},"end":{"line":374,"column":5}},"374":{"start":{"line":375,"column":0},"end":{"line":375,"column":3}},"379":{"start":{"line":380,"column":0},"end":{"line":380,"column":53}},"380":{"start":{"line":381,"column":0},"end":{"line":381,"column":29}},"381":{"start":{"line":382,"column":0},"end":{"line":382,"column":45}},"382":{"start":{"line":383,"column":0},"end":{"line":383,"column":3}},"387":{"start":{"line":388,"column":0},"end":{"line":388,"column":36}},"388":{"start":{"line":389,"column":0},"end":{"line":389,"column":29}},"389":{"start":{"line":390,"column":0},"end":{"line":390,"column":54}},"390":{"start":{"line":391,"column":0},"end":{"line":391,"column":3}},"395":{"start":{"line":396,"column":0},"end":{"line":396,"column":33}},"396":{"start":{"line":397,"column":0},"end":{"line":397,"column":29}},"397":{"start":{"line":398,"column":0},"end":{"line":398,"column":51}},"398":{"start":{"line":399,"column":0},"end":{"line":399,"column":3}},"403":{"start":{"line":404,"column":0},"end":{"line":404,"column":43}},"404":{"start":{"line":405,"column":0},"end":{"line":405,"column":29}},"405":{"start":{"line":406,"column":0},"end":{"line":406,"column":52}},"406":{"start":{"line":407,"column":0},"end":{"line":407,"column":22}},"407":{"start":{"line":408,"column":0},"end":{"line":408,"column":3}},"412":{"start":{"line":413,"column":0},"end":{"line":413,"column":24}},"413":{"start":{"line":414,"column":0},"end":{"line":414,"column":29}},"416":{"start":{"line":417,"column":0},"end":{"line":417,"column":3}},"425":{"start":{"line":426,"column":0},"end":{"line":426,"column":37}},"426":{"start":{"line":427,"column":0},"end":{"line":427,"column":35}},"430":{"start":{"line":431,"column":0},"end":{"line":431,"column":30}},"431":{"start":{"line":432,"column":0},"end":{"line":432,"column":3}},"436":{"start":{"line":437,"column":0},"end":{"line":437,"column":34}},"437":{"start":{"line":438,"column":0},"end":{"line":438,"column":36}},"440":{"start":{"line":441,"column":0},"end":{"line":441,"column":47}},"441":{"start":{"line":442,"column":0},"end":{"line":442,"column":48}},"442":{"start":{"line":443,"column":0},"end":{"line":443,"column":5}},"445":{"start":{"line":446,"column":0},"end":{"line":446,"column":37}},"448":{"start":{"line":449,"column":0},"end":{"line":449,"column":43}},"450":{"start":{"line":451,"column":0},"end":{"line":451,"column":31}},"451":{"start":{"line":452,"column":0},"end":{"line":452,"column":3}},"460":{"start":{"line":461,"column":0},"end":{"line":461,"column":37}},"461":{"start":{"line":462,"column":0},"end":{"line":462,"column":30}},"462":{"start":{"line":463,"column":0},"end":{"line":463,"column":81}},"463":{"start":{"line":464,"column":0},"end":{"line":464,"column":5}},"464":{"start":{"line":465,"column":0},"end":{"line":465,"column":3}},"469":{"start":{"line":470,"column":0},"end":{"line":470,"column":35}},"471":{"start":{"line":472,"column":0},"end":{"line":472,"column":51}},"472":{"start":{"line":473,"column":0},"end":{"line":473,"column":61}},"473":{"start":{"line":474,"column":0},"end":{"line":474,"column":7}},"475":{"start":{"line":476,"column":0},"end":{"line":476,"column":48}},"476":{"start":{"line":477,"column":0},"end":{"line":477,"column":58}},"477":{"start":{"line":478,"column":0},"end":{"line":478,"column":7}},"479":{"start":{"line":480,"column":0},"end":{"line":480,"column":46}},"480":{"start":{"line":481,"column":0},"end":{"line":481,"column":56}},"481":{"start":{"line":482,"column":0},"end":{"line":482,"column":7}},"483":{"start":{"line":484,"column":0},"end":{"line":484,"column":46}},"484":{"start":{"line":485,"column":0},"end":{"line":485,"column":56}},"485":{"start":{"line":486,"column":0},"end":{"line":486,"column":7}},"486":{"start":{"line":487,"column":0},"end":{"line":487,"column":3}},"487":{"start":{"line":488,"column":0},"end":{"line":488,"column":1}},"492":{"start":{"line":493,"column":0},"end":{"line":493,"column":92}},"493":{"start":{"line":494,"column":0},"end":{"line":494,"column":40}},"494":{"start":{"line":495,"column":0},"end":{"line":495,"column":1}},"499":{"start":{"line":500,"column":0},"end":{"line":500,"column":25}}},"s":{"0":1,"31":1,"32":1,"33":10,"34":10,"35":10,"37":1,"38":10,"39":10,"40":10,"42":10,"45":10,"48":10,"51":10,"52":0,"53":0,"55":10,"56":10,"65":1,"66":3,"68":3,"69":3,"71":2,"72":2,"73":2,"74":2,"75":2,"76":3,"77":1,"78":1,"79":1,"80":1,"81":1,"82":1,"83":3,"88":1,"89":1,"91":1,"92":1,"94":1,"95":1,"96":1,"97":1,"98":1,"99":0,"100":0,"101":0,"102":0,"103":0,"104":0,"105":1,"110":1,"111":0,"113":0,"114":0,"116":0,"117":0,"118":0,"119":0,"120":0,"121":0,"122":0,"123":0,"124":0,"125":0,"126":0,"127":0,"132":1,"133":0,"135":0,"136":0,"137":0,"138":0,"139":0,"141":0,"143":0,"144":0,"145":0,"146":0,"147":0,"148":0,"149":0,"150":0,"151":0,"152":0,"153":0,"154":0,"155":0,"160":1,"161":0,"163":0,"164":0,"165":0,"166":0,"167":0,"169":0,"171":0,"172":0,"173":0,"174":0,"175":0,"176":0,"177":0,"178":0,"179":0,"180":0,"181":0,"182":0,"183":0,"188":1,"189":0,"191":0,"192":0,"193":0,"194":0,"195":0,"197":0,"199":0,"200":0,"201":0,"202":0,"203":0,"204":0,"205":0,"206":0,"207":0,"208":0,"209":0,"210":0,"211":0,"220":1,"221":1,"222":1,"223":1,"228":1,"229":1,"230":1,"231":1,"236":1,"237":1,"238":1,"239":1,"244":1,"245":0,"246":0,"247":0,"252":1,"253":0,"254":0,"255":0,"260":1,"261":3,"262":3,"263":3,"268":1,"269":1,"270":1,"271":1,"276":1,"277":1,"278":1,"279":1,"284":1,"285":0,"286":0,"287":0,"292":1,"293":0,"294":0,"295":0,"300":1,"301":1,"302":1,"303":1,"312":1,"313":1,"314":1,"315":1,"316":1,"317":1,"318":1,"323":1,"324":0,"325":0,"326":0,"327":0,"328":0,"329":0,"334":1,"335":0,"336":0,"337":0,"338":0,"339":0,"340":0,"345":1,"346":0,"347":0,"348":0,"357":1,"358":0,"360":0,"361":0,"363":0,"364":0,"365":0,"366":0,"367":0,"368":0,"369":0,"370":0,"371":0,"372":0,"373":0,"374":0,"379":1,"380":0,"381":0,"382":0,"387":1,"388":0,"389":0,"390":0,"395":1,"396":0,"397":0,"398":0,"403":1,"404":0,"405":0,"406":0,"407":0,"412":1,"413":0,"416":0,"425":1,"426":0,"430":0,"431":0,"436":1,"437":0,"440":0,"441":0,"442":0,"445":0,"448":0,"450":0,"451":0,"460":1,"461":14,"462":0,"463":0,"464":14,"469":1,"471":0,"472":0,"473":0,"475":0,"476":0,"477":0,"479":0,"480":0,"481":0,"483":0,"484":0,"485":0,"486":0,"487":1,"492":1,"493":0,"494":0,"499":1},"branchMap":{"0":{"type":"branch","line":33,"loc":{"start":{"line":33,"column":10},"end":{"line":36,"column":32}},"locations":[{"start":{"line":33,"column":10},"end":{"line":36,"column":32}}]},"1":{"type":"branch","line":38,"loc":{"start":{"line":38,"column":2},"end":{"line":57,"column":3}},"locations":[{"start":{"line":38,"column":2},"end":{"line":57,"column":3}}]},"2":{"type":"branch","line":52,"loc":{"start":{"line":52,"column":39},"end":{"line":54,"column":5}},"locations":[{"start":{"line":52,"column":39},"end":{"line":54,"column":5}}]},"3":{"type":"branch","line":66,"loc":{"start":{"line":66,"column":2},"end":{"line":84,"column":3}},"locations":[{"start":{"line":66,"column":2},"end":{"line":84,"column":3}}]},"4":{"type":"branch","line":70,"loc":{"start":{"line":70,"column":77},"end":{"line":77,"column":13}},"locations":[{"start":{"line":70,"column":77},"end":{"line":77,"column":13}}]},"5":{"type":"branch","line":77,"loc":{"start":{"line":77,"column":4},"end":{"line":83,"column":5}},"locations":[{"start":{"line":77,"column":4},"end":{"line":83,"column":5}}]},"6":{"type":"branch","line":89,"loc":{"start":{"line":89,"column":2},"end":{"line":106,"column":3}},"locations":[{"start":{"line":89,"column":2},"end":{"line":106,"column":3}}]},"7":{"type":"branch","line":99,"loc":{"start":{"line":99,"column":4},"end":{"line":105,"column":5}},"locations":[{"start":{"line":99,"column":4},"end":{"line":105,"column":5}}]},"8":{"type":"branch","line":221,"loc":{"start":{"line":221,"column":2},"end":{"line":224,"column":3}},"locations":[{"start":{"line":221,"column":2},"end":{"line":224,"column":3}}]},"9":{"type":"branch","line":229,"loc":{"start":{"line":229,"column":2},"end":{"line":232,"column":3}},"locations":[{"start":{"line":229,"column":2},"end":{"line":232,"column":3}}]},"10":{"type":"branch","line":237,"loc":{"start":{"line":237,"column":2},"end":{"line":240,"column":3}},"locations":[{"start":{"line":237,"column":2},"end":{"line":240,"column":3}}]},"11":{"type":"branch","line":261,"loc":{"start":{"line":261,"column":2},"end":{"line":264,"column":3}},"locations":[{"start":{"line":261,"column":2},"end":{"line":264,"column":3}}]},"12":{"type":"branch","line":269,"loc":{"start":{"line":269,"column":2},"end":{"line":272,"column":3}},"locations":[{"start":{"line":269,"column":2},"end":{"line":272,"column":3}}]},"13":{"type":"branch","line":277,"loc":{"start":{"line":277,"column":2},"end":{"line":280,"column":3}},"locations":[{"start":{"line":277,"column":2},"end":{"line":280,"column":3}}]},"14":{"type":"branch","line":301,"loc":{"start":{"line":301,"column":2},"end":{"line":304,"column":3}},"locations":[{"start":{"line":301,"column":2},"end":{"line":304,"column":3}}]},"15":{"type":"branch","line":313,"loc":{"start":{"line":313,"column":2},"end":{"line":319,"column":3}},"locations":[{"start":{"line":313,"column":2},"end":{"line":319,"column":3}}]},"16":{"type":"branch","line":461,"loc":{"start":{"line":461,"column":10},"end":{"line":465,"column":3}},"locations":[{"start":{"line":461,"column":10},"end":{"line":465,"column":3}}]},"17":{"type":"branch","line":462,"loc":{"start":{"line":462,"column":29},"end":{"line":464,"column":5}},"locations":[{"start":{"line":462,"column":29},"end":{"line":464,"column":5}}]}},"b":{"0":[10],"1":[10],"2":[0],"3":[3],"4":[2],"5":[1],"6":[1],"7":[0],"8":[1],"9":[1],"10":[1],"11":[3],"12":[1],"13":[1],"14":[1],"15":[1],"16":[14],"17":[0]},"fnMap":{"0":{"name":"<instance_members_initializer>","decl":{"start":{"line":33,"column":10},"end":{"line":36,"column":32}},"loc":{"start":{"line":33,"column":10},"end":{"line":36,"column":32}},"line":33},"1":{"name":"RabitCore","decl":{"start":{"line":38,"column":2},"end":{"line":57,"column":3}},"loc":{"start":{"line":38,"column":2},"end":{"line":57,"column":3}},"line":38},"2":{"name":"connect","decl":{"start":{"line":66,"column":2},"end":{"line":84,"column":3}},"loc":{"start":{"line":66,"column":2},"end":{"line":84,"column":3}},"line":66},"3":{"name":"disconnect","decl":{"start":{"line":89,"column":2},"end":{"line":106,"column":3}},"loc":{"start":{"line":89,"column":2},"end":{"line":106,"column":3}},"line":89},"4":{"name":"switchChain","decl":{"start":{"line":111,"column":2},"end":{"line":128,"column":3}},"loc":{"start":{"line":111,"column":2},"end":{"line":128,"column":3}},"line":111},"5":{"name":"sendTransaction","decl":{"start":{"line":133,"column":2},"end":{"line":156,"column":3}},"loc":{"start":{"line":133,"column":2},"end":{"line":156,"column":3}},"line":133},"6":{"name":"signMessage","decl":{"start":{"line":161,"column":2},"end":{"line":184,"column":3}},"loc":{"start":{"line":161,"column":2},"end":{"line":184,"column":3}},"line":161},"7":{"name":"signTypedData","decl":{"start":{"line":189,"column":2},"end":{"line":212,"column":3}},"loc":{"start":{"line":189,"column":2},"end":{"line":212,"column":3}},"line":189},"8":{"name":"getConnectionState","decl":{"start":{"line":221,"column":2},"end":{"line":224,"column":3}},"loc":{"start":{"line":221,"column":2},"end":{"line":224,"column":3}},"line":221},"9":{"name":"getStatus","decl":{"start":{"line":229,"column":2},"end":{"line":232,"column":3}},"loc":{"start":{"line":229,"column":2},"end":{"line":232,"column":3}},"line":229},"10":{"name":"getAccounts","decl":{"start":{"line":237,"column":2},"end":{"line":240,"column":3}},"loc":{"start":{"line":237,"column":2},"end":{"line":240,"column":3}},"line":237},"11":{"name":"getChainId","decl":{"start":{"line":245,"column":2},"end":{"line":248,"column":3}},"loc":{"start":{"line":245,"column":2},"end":{"line":248,"column":3}},"line":245},"12":{"name":"getConnector","decl":{"start":{"line":253,"column":2},"end":{"line":256,"column":3}},"loc":{"start":{"line":253,"column":2},"end":{"line":256,"column":3}},"line":253},"13":{"name":"isConnected","decl":{"start":{"line":261,"column":2},"end":{"line":264,"column":3}},"loc":{"start":{"line":261,"column":2},"end":{"line":264,"column":3}},"line":261},"14":{"name":"getChains","decl":{"start":{"line":269,"column":2},"end":{"line":272,"column":3}},"loc":{"start":{"line":269,"column":2},"end":{"line":272,"column":3}},"line":269},"15":{"name":"getChain","decl":{"start":{"line":277,"column":2},"end":{"line":280,"column":3}},"loc":{"start":{"line":277,"column":2},"end":{"line":280,"column":3}},"line":277},"16":{"name":"isChainSupported","decl":{"start":{"line":285,"column":2},"end":{"line":288,"column":3}},"loc":{"start":{"line":285,"column":2},"end":{"line":288,"column":3}},"line":285},"17":{"name":"getConnectors","decl":{"start":{"line":293,"column":2},"end":{"line":296,"column":3}},"loc":{"start":{"line":293,"column":2},"end":{"line":296,"column":3}},"line":293},"18":{"name":"getConfig","decl":{"start":{"line":301,"column":2},"end":{"line":304,"column":3}},"loc":{"start":{"line":301,"column":2},"end":{"line":304,"column":3}},"line":301},"19":{"name":"on","decl":{"start":{"line":313,"column":2},"end":{"line":319,"column":3}},"loc":{"start":{"line":313,"column":2},"end":{"line":319,"column":3}},"line":313},"20":{"name":"once","decl":{"start":{"line":324,"column":2},"end":{"line":330,"column":3}},"loc":{"start":{"line":324,"column":2},"end":{"line":330,"column":3}},"line":324},"21":{"name":"off","decl":{"start":{"line":335,"column":2},"end":{"line":341,"column":3}},"loc":{"start":{"line":335,"column":2},"end":{"line":341,"column":3}},"line":335},"22":{"name":"getEventEmitter","decl":{"start":{"line":346,"column":2},"end":{"line":349,"column":3}},"loc":{"start":{"line":346,"column":2},"end":{"line":349,"column":3}},"line":346},"23":{"name":"reconnect","decl":{"start":{"line":358,"column":2},"end":{"line":375,"column":3}},"loc":{"start":{"line":358,"column":2},"end":{"line":375,"column":3}},"line":358},"24":{"name":"updateConfig","decl":{"start":{"line":380,"column":2},"end":{"line":383,"column":3}},"loc":{"start":{"line":380,"column":2},"end":{"line":383,"column":3}},"line":380},"25":{"name":"isSmartAccountEnabled","decl":{"start":{"line":388,"column":2},"end":{"line":391,"column":3}},"loc":{"start":{"line":388,"column":2},"end":{"line":391,"column":3}},"line":388},"26":{"name":"isAnalyticsEnabled","decl":{"start":{"line":396,"column":2},"end":{"line":399,"column":3}},"loc":{"start":{"line":396,"column":2},"end":{"line":399,"column":3}},"line":396},"27":{"name":"getSession","decl":{"start":{"line":404,"column":2},"end":{"line":408,"column":3}},"loc":{"start":{"line":404,"column":2},"end":{"line":408,"column":3}},"line":404},"28":{"name":"clearSession","decl":{"start":{"line":413,"column":2},"end":{"line":417,"column":3}},"loc":{"start":{"line":413,"column":2},"end":{"line":417,"column":3}},"line":413},"29":{"name":"initialize","decl":{"start":{"line":426,"column":2},"end":{"line":432,"column":3}},"loc":{"start":{"line":426,"column":2},"end":{"line":432,"column":3}},"line":426},"30":{"name":"destroy","decl":{"start":{"line":437,"column":2},"end":{"line":452,"column":3}},"loc":{"start":{"line":437,"column":2},"end":{"line":452,"column":3}},"line":437},"31":{"name":"ensureInitialized","decl":{"start":{"line":461,"column":10},"end":{"line":465,"column":3}},"loc":{"start":{"line":461,"column":10},"end":{"line":465,"column":3}},"line":461},"32":{"name":"enableDebugMode","decl":{"start":{"line":470,"column":10},"end":{"line":487,"column":3}},"loc":{"start":{"line":470,"column":10},"end":{"line":487,"column":3}},"line":470},"33":{"name":"createRabitCore","decl":{"start":{"line":493,"column":7},"end":{"line":495,"column":1}},"loc":{"start":{"line":493,"column":7},"end":{"line":495,"column":1}},"line":493}},"f":{"0":10,"1":10,"2":3,"3":1,"4":0,"5":0,"6":0,"7":0,"8":1,"9":1,"10":1,"11":0,"12":0,"13":3,"14":1,"15":1,"16":0,"17":0,"18":1,"19":1,"20":0,"21":0,"22":0,"23":0,"24":0,"25":0,"26":0,"27":0,"28":0,"29":0,"30":0,"31":14,"32":0,"33":0}}
}
