{"/home/emmanuel-doji/Documents/work_projects/rabit/packages/smart-accounts/src/index.ts": {"path":"/home/emmanuel-doji/Documents/work_projects/rabit/packages/smart-accounts/src/index.ts","all":true,"statementMap":{"0":{"start":{"line":1,"column":0},"end":{"line":1,"column":3}},"106":{"start":{"line":107,"column":0},"end":{"line":107,"column":93}},"107":{"start":{"line":108,"column":0},"end":{"line":108,"column":54}},"110":{"start":{"line":111,"column":0},"end":{"line":111,"column":21}},"111":{"start":{"line":112,"column":0},"end":{"line":112,"column":41}},"112":{"start":{"line":113,"column":0},"end":{"line":113,"column":3}},"114":{"start":{"line":115,"column":0},"end":{"line":115,"column":24}},"115":{"start":{"line":116,"column":0},"end":{"line":116,"column":33}},"116":{"start":{"line":117,"column":0},"end":{"line":117,"column":78}},"117":{"start":{"line":118,"column":0},"end":{"line":118,"column":40}},"118":{"start":{"line":119,"column":0},"end":{"line":119,"column":31}},"119":{"start":{"line":120,"column":0},"end":{"line":120,"column":70}},"120":{"start":{"line":121,"column":0},"end":{"line":121,"column":40}},"121":{"start":{"line":122,"column":0},"end":{"line":122,"column":71}},"122":{"start":{"line":123,"column":0},"end":{"line":123,"column":12}},"123":{"start":{"line":124,"column":0},"end":{"line":124,"column":71}},"124":{"start":{"line":125,"column":0},"end":{"line":125,"column":3}},"125":{"start":{"line":126,"column":0},"end":{"line":126,"column":1}},"130":{"start":{"line":131,"column":0},"end":{"line":131,"column":117}},"131":{"start":{"line":132,"column":0},"end":{"line":132,"column":49}},"133":{"start":{"line":134,"column":0},"end":{"line":134,"column":20}},"134":{"start":{"line":135,"column":0},"end":{"line":135,"column":18}},"135":{"start":{"line":136,"column":0},"end":{"line":136,"column":20}},"136":{"start":{"line":137,"column":0},"end":{"line":137,"column":61}},"137":{"start":{"line":138,"column":0},"end":{"line":138,"column":16}},"138":{"start":{"line":139,"column":0},"end":{"line":139,"column":60}},"139":{"start":{"line":140,"column":0},"end":{"line":140,"column":22}},"140":{"start":{"line":141,"column":0},"end":{"line":141,"column":64}},"141":{"start":{"line":142,"column":0},"end":{"line":142,"column":12}},"142":{"start":{"line":143,"column":0},"end":{"line":143,"column":36}},"143":{"start":{"line":144,"column":0},"end":{"line":144,"column":3}},"144":{"start":{"line":145,"column":0},"end":{"line":145,"column":1}},"149":{"start":{"line":150,"column":0},"end":{"line":150,"column":57}},"156":{"start":{"line":157,"column":0},"end":{"line":157,"column":27}},"159":{"start":{"line":160,"column":0},"end":{"line":160,"column":77}},"162":{"start":{"line":163,"column":0},"end":{"line":163,"column":102}},"165":{"start":{"line":166,"column":0},"end":{"line":166,"column":84}},"168":{"start":{"line":169,"column":0},"end":{"line":169,"column":45}},"169":{"start":{"line":170,"column":0},"end":{"line":170,"column":20}},"170":{"start":{"line":171,"column":0},"end":{"line":171,"column":24}},"171":{"start":{"line":172,"column":0},"end":{"line":172,"column":11}},"172":{"start":{"line":173,"column":0},"end":{"line":173,"column":55}},"173":{"start":{"line":174,"column":0},"end":{"line":174,"column":1}},"175":{"start":{"line":176,"column":0},"end":{"line":176,"column":42}},"176":{"start":{"line":177,"column":0},"end":{"line":177,"column":1}},"181":{"start":{"line":182,"column":0},"end":{"line":182,"column":97}},"182":{"start":{"line":183,"column":0},"end":{"line":183,"column":45}},"184":{"start":{"line":185,"column":0},"end":{"line":185,"column":20}},"185":{"start":{"line":186,"column":0},"end":{"line":186,"column":18}},"186":{"start":{"line":187,"column":0},"end":{"line":187,"column":73}},"187":{"start":{"line":188,"column":0},"end":{"line":188,"column":16}},"188":{"start":{"line":189,"column":0},"end":{"line":189,"column":54}},"189":{"start":{"line":190,"column":0},"end":{"line":190,"column":22}},"190":{"start":{"line":191,"column":0},"end":{"line":191,"column":56}},"191":{"start":{"line":192,"column":0},"end":{"line":192,"column":20}},"192":{"start":{"line":193,"column":0},"end":{"line":193,"column":12}},"193":{"start":{"line":194,"column":0},"end":{"line":194,"column":56}},"194":{"start":{"line":195,"column":0},"end":{"line":195,"column":3}},"195":{"start":{"line":196,"column":0},"end":{"line":196,"column":1}},"200":{"start":{"line":201,"column":0},"end":{"line":201,"column":30}},"201":{"start":{"line":202,"column":0},"end":{"line":202,"column":22}},"202":{"start":{"line":203,"column":0},"end":{"line":203,"column":18}},"203":{"start":{"line":204,"column":0},"end":{"line":204,"column":18}},"204":{"start":{"line":205,"column":0},"end":{"line":205,"column":25}},"205":{"start":{"line":206,"column":0},"end":{"line":206,"column":22}},"206":{"start":{"line":207,"column":0},"end":{"line":207,"column":9}},"207":{"start":{"line":208,"column":0},"end":{"line":208,"column":11}},"208":{"start":{"line":209,"column":0},"end":{"line":209,"column":11}},"209":{"start":{"line":210,"column":0},"end":{"line":210,"column":3}},"211":{"start":{"line":212,"column":0},"end":{"line":212,"column":17}},"212":{"start":{"line":213,"column":0},"end":{"line":213,"column":30}},"213":{"start":{"line":214,"column":0},"end":{"line":214,"column":14}},"214":{"start":{"line":215,"column":0},"end":{"line":215,"column":22}},"215":{"start":{"line":216,"column":0},"end":{"line":216,"column":94}},"216":{"start":{"line":217,"column":0},"end":{"line":217,"column":95}},"217":{"start":{"line":218,"column":0},"end":{"line":218,"column":7}},"218":{"start":{"line":219,"column":0},"end":{"line":219,"column":30}},"219":{"start":{"line":220,"column":0},"end":{"line":220,"column":14}},"220":{"start":{"line":221,"column":0},"end":{"line":221,"column":22}},"221":{"start":{"line":222,"column":0},"end":{"line":222,"column":87}},"222":{"start":{"line":223,"column":0},"end":{"line":223,"column":88}},"223":{"start":{"line":224,"column":0},"end":{"line":224,"column":7}},"224":{"start":{"line":225,"column":0},"end":{"line":225,"column":30}},"225":{"start":{"line":226,"column":0},"end":{"line":226,"column":14}},"226":{"start":{"line":227,"column":0},"end":{"line":227,"column":22}},"227":{"start":{"line":228,"column":0},"end":{"line":228,"column":71}},"228":{"start":{"line":229,"column":0},"end":{"line":229,"column":74}},"229":{"start":{"line":230,"column":0},"end":{"line":230,"column":7}},"230":{"start":{"line":231,"column":0},"end":{"line":231,"column":31}},"231":{"start":{"line":232,"column":0},"end":{"line":232,"column":14}},"232":{"start":{"line":233,"column":0},"end":{"line":233,"column":22}},"233":{"start":{"line":234,"column":0},"end":{"line":234,"column":78}},"234":{"start":{"line":235,"column":0},"end":{"line":235,"column":81}},"235":{"start":{"line":236,"column":0},"end":{"line":236,"column":7}},"236":{"start":{"line":237,"column":0},"end":{"line":237,"column":30}},"237":{"start":{"line":238,"column":0},"end":{"line":238,"column":14}},"238":{"start":{"line":239,"column":0},"end":{"line":239,"column":22}},"239":{"start":{"line":240,"column":0},"end":{"line":240,"column":63}},"240":{"start":{"line":241,"column":0},"end":{"line":241,"column":69}},"241":{"start":{"line":242,"column":0},"end":{"line":242,"column":7}},"242":{"start":{"line":243,"column":0},"end":{"line":243,"column":12}},"243":{"start":{"line":244,"column":0},"end":{"line":244,"column":59}},"244":{"start":{"line":245,"column":0},"end":{"line":245,"column":3}},"245":{"start":{"line":246,"column":0},"end":{"line":246,"column":1}},"247":{"start":{"line":248,"column":0},"end":{"line":248,"column":49}},"248":{"start":{"line":249,"column":0},"end":{"line":249,"column":20}},"249":{"start":{"line":250,"column":0},"end":{"line":250,"column":29}},"250":{"start":{"line":251,"column":0},"end":{"line":251,"column":30}},"251":{"start":{"line":252,"column":0},"end":{"line":252,"column":30}},"252":{"start":{"line":253,"column":0},"end":{"line":253,"column":33}},"253":{"start":{"line":254,"column":0},"end":{"line":254,"column":28}},"254":{"start":{"line":255,"column":0},"end":{"line":255,"column":25}},"255":{"start":{"line":256,"column":0},"end":{"line":256,"column":34}},"256":{"start":{"line":257,"column":0},"end":{"line":257,"column":27}},"257":{"start":{"line":258,"column":0},"end":{"line":258,"column":39}},"258":{"start":{"line":259,"column":0},"end":{"line":259,"column":38}},"259":{"start":{"line":260,"column":0},"end":{"line":260,"column":41}},"260":{"start":{"line":261,"column":0},"end":{"line":261,"column":36}},"261":{"start":{"line":262,"column":0},"end":{"line":262,"column":35}},"262":{"start":{"line":263,"column":0},"end":{"line":263,"column":30}},"263":{"start":{"line":264,"column":0},"end":{"line":264,"column":3}},"264":{"start":{"line":265,"column":0},"end":{"line":265,"column":1}},"266":{"start":{"line":267,"column":0},"end":{"line":267,"column":54}},"267":{"start":{"line":268,"column":0},"end":{"line":268,"column":20}},"268":{"start":{"line":269,"column":0},"end":{"line":269,"column":32}},"269":{"start":{"line":270,"column":0},"end":{"line":270,"column":38}},"270":{"start":{"line":271,"column":0},"end":{"line":271,"column":33}},"271":{"start":{"line":272,"column":0},"end":{"line":272,"column":36}},"272":{"start":{"line":273,"column":0},"end":{"line":273,"column":36}},"273":{"start":{"line":274,"column":0},"end":{"line":274,"column":31}},"274":{"start":{"line":275,"column":0},"end":{"line":275,"column":39}},"275":{"start":{"line":276,"column":0},"end":{"line":276,"column":33}},"276":{"start":{"line":277,"column":0},"end":{"line":277,"column":36}},"277":{"start":{"line":278,"column":0},"end":{"line":278,"column":36}},"278":{"start":{"line":279,"column":0},"end":{"line":279,"column":39}},"279":{"start":{"line":280,"column":0},"end":{"line":280,"column":33}},"280":{"start":{"line":281,"column":0},"end":{"line":281,"column":3}},"281":{"start":{"line":282,"column":0},"end":{"line":282,"column":1}},"296":{"start":{"line":297,"column":0},"end":{"line":297,"column":30}}},"s":{"0":0,"106":0,"107":0,"110":0,"111":0,"112":0,"114":0,"115":0,"116":0,"117":0,"118":0,"119":0,"120":0,"121":0,"122":0,"123":0,"124":0,"125":0,"130":0,"131":0,"133":0,"134":0,"135":0,"136":0,"137":0,"138":0,"139":0,"140":0,"141":0,"142":0,"143":0,"144":0,"149":0,"156":0,"159":0,"162":0,"165":0,"168":0,"169":0,"170":0,"171":0,"172":0,"173":0,"175":0,"176":0,"181":0,"182":0,"184":0,"185":0,"186":0,"187":0,"188":0,"189":0,"190":0,"191":0,"192":0,"193":0,"194":0,"195":0,"200":0,"201":0,"202":0,"203":0,"204":0,"205":0,"206":0,"207":0,"208":0,"209":0,"211":0,"212":0,"213":0,"214":0,"215":0,"216":0,"217":0,"218":0,"219":0,"220":0,"221":0,"222":0,"223":0,"224":0,"225":0,"226":0,"227":0,"228":0,"229":0,"230":0,"231":0,"232":0,"233":0,"234":0,"235":0,"236":0,"237":0,"238":0,"239":0,"240":0,"241":0,"242":0,"243":0,"244":0,"245":0,"247":0,"248":0,"249":0,"250":0,"251":0,"252":0,"253":0,"254":0,"255":0,"256":0,"257":0,"258":0,"259":0,"260":0,"261":0,"262":0,"263":0,"264":0,"266":0,"267":0,"268":0,"269":0,"270":0,"271":0,"272":0,"273":0,"274":0,"275":0,"276":0,"277":0,"278":0,"279":0,"280":0,"281":0,"296":0},"branchMap":{"0":{"type":"branch","line":1,"loc":{"start":{"line":1,"column":8858},"end":{"line":297,"column":30}},"locations":[{"start":{"line":1,"column":8858},"end":{"line":297,"column":30}}]}},"b":{"0":[0]},"fnMap":{"0":{"name":"(empty-report)","decl":{"start":{"line":1,"column":8858},"end":{"line":297,"column":30}},"loc":{"start":{"line":1,"column":8858},"end":{"line":297,"column":30}},"line":1}},"f":{"0":0}}
,"/home/emmanuel-doji/Documents/work_projects/rabit/packages/smart-accounts/src/clients/bundler.ts": {"path":"/home/emmanuel-doji/Documents/work_projects/rabit/packages/smart-accounts/src/clients/bundler.ts","all":false,"statementMap":{"0":{"start":{"line":1,"column":0},"end":{"line":1,"column":3}},"15":{"start":{"line":16,"column":0},"end":{"line":16,"column":54}},"16":{"start":{"line":17,"column":0},"end":{"line":17,"column":32}},"17":{"start":{"line":18,"column":0},"end":{"line":18,"column":24}},"19":{"start":{"line":20,"column":0},"end":{"line":20,"column":39}},"20":{"start":{"line":21,"column":0},"end":{"line":21,"column":24}},"21":{"start":{"line":22,"column":0},"end":{"line":22,"column":66}},"22":{"start":{"line":23,"column":0},"end":{"line":23,"column":3}},"24":{"start":{"line":25,"column":0},"end":{"line":25,"column":65}},"25":{"start":{"line":26,"column":0},"end":{"line":26,"column":9}},"26":{"start":{"line":27,"column":0},"end":{"line":27,"column":66}},"27":{"start":{"line":28,"column":0},"end":{"line":28,"column":44}},"28":{"start":{"line":29,"column":0},"end":{"line":29,"column":35}},"29":{"start":{"line":30,"column":0},"end":{"line":30,"column":8}},"30":{"start":{"line":31,"column":0},"end":{"line":31,"column":27}},"31":{"start":{"line":32,"column":0},"end":{"line":32,"column":21}},"32":{"start":{"line":33,"column":0},"end":{"line":33,"column":71}},"33":{"start":{"line":34,"column":0},"end":{"line":34,"column":5}},"34":{"start":{"line":35,"column":0},"end":{"line":35,"column":3}},"36":{"start":{"line":37,"column":0},"end":{"line":37,"column":86}},"37":{"start":{"line":38,"column":0},"end":{"line":38,"column":9}},"38":{"start":{"line":39,"column":0},"end":{"line":39,"column":73}},"39":{"start":{"line":40,"column":0},"end":{"line":40,"column":51}},"40":{"start":{"line":41,"column":0},"end":{"line":41,"column":35}},"41":{"start":{"line":42,"column":0},"end":{"line":42,"column":8}},"43":{"start":{"line":44,"column":0},"end":{"line":44,"column":14}},"44":{"start":{"line":45,"column":0},"end":{"line":45,"column":50}},"45":{"start":{"line":46,"column":0},"end":{"line":46,"column":66}},"46":{"start":{"line":47,"column":0},"end":{"line":47,"column":62}},"47":{"start":{"line":48,"column":0},"end":{"line":48,"column":59}},"48":{"start":{"line":49,"column":0},"end":{"line":49,"column":74}},"49":{"start":{"line":50,"column":0},"end":{"line":50,"column":7}},"50":{"start":{"line":51,"column":0},"end":{"line":51,"column":21}},"51":{"start":{"line":52,"column":0},"end":{"line":52,"column":79}},"52":{"start":{"line":53,"column":0},"end":{"line":53,"column":5}},"53":{"start":{"line":54,"column":0},"end":{"line":54,"column":3}},"55":{"start":{"line":56,"column":0},"end":{"line":56,"column":75}},"56":{"start":{"line":57,"column":0},"end":{"line":57,"column":9}},"57":{"start":{"line":58,"column":0},"end":{"line":58,"column":77}},"59":{"start":{"line":60,"column":0},"end":{"line":60,"column":20}},"60":{"start":{"line":61,"column":0},"end":{"line":61,"column":19}},"61":{"start":{"line":62,"column":0},"end":{"line":62,"column":7}},"63":{"start":{"line":64,"column":0},"end":{"line":64,"column":50}},"64":{"start":{"line":65,"column":0},"end":{"line":65,"column":21}},"65":{"start":{"line":66,"column":0},"end":{"line":66,"column":78}},"66":{"start":{"line":67,"column":0},"end":{"line":67,"column":5}},"67":{"start":{"line":68,"column":0},"end":{"line":68,"column":3}},"69":{"start":{"line":70,"column":0},"end":{"line":70,"column":83}},"70":{"start":{"line":71,"column":0},"end":{"line":71,"column":9}},"71":{"start":{"line":72,"column":0},"end":{"line":72,"column":78}},"73":{"start":{"line":74,"column":0},"end":{"line":74,"column":20}},"74":{"start":{"line":75,"column":0},"end":{"line":75,"column":19}},"75":{"start":{"line":76,"column":0},"end":{"line":76,"column":7}},"77":{"start":{"line":78,"column":0},"end":{"line":78,"column":14}},"78":{"start":{"line":79,"column":0},"end":{"line":79,"column":38}},"79":{"start":{"line":80,"column":0},"end":{"line":80,"column":30}},"80":{"start":{"line":81,"column":0},"end":{"line":81,"column":36}},"81":{"start":{"line":82,"column":0},"end":{"line":82,"column":52}},"82":{"start":{"line":83,"column":0},"end":{"line":83,"column":52}},"83":{"start":{"line":84,"column":0},"end":{"line":84,"column":32}},"84":{"start":{"line":85,"column":0},"end":{"line":85,"column":32}},"85":{"start":{"line":86,"column":0},"end":{"line":86,"column":18}},"86":{"start":{"line":87,"column":0},"end":{"line":87,"column":58}},"87":{"start":{"line":88,"column":0},"end":{"line":88,"column":68}},"88":{"start":{"line":89,"column":0},"end":{"line":89,"column":46}},"89":{"start":{"line":90,"column":0},"end":{"line":90,"column":58}},"90":{"start":{"line":91,"column":0},"end":{"line":91,"column":36}},"91":{"start":{"line":92,"column":0},"end":{"line":92,"column":32}},"92":{"start":{"line":93,"column":0},"end":{"line":93,"column":70}},"93":{"start":{"line":94,"column":0},"end":{"line":94,"column":50}},"94":{"start":{"line":95,"column":0},"end":{"line":95,"column":42}},"95":{"start":{"line":96,"column":0},"end":{"line":96,"column":74}},"96":{"start":{"line":97,"column":0},"end":{"line":97,"column":9}},"97":{"start":{"line":98,"column":0},"end":{"line":98,"column":7}},"98":{"start":{"line":99,"column":0},"end":{"line":99,"column":21}},"99":{"start":{"line":100,"column":0},"end":{"line":100,"column":78}},"100":{"start":{"line":101,"column":0},"end":{"line":101,"column":5}},"101":{"start":{"line":102,"column":0},"end":{"line":102,"column":3}},"103":{"start":{"line":104,"column":0},"end":{"line":104,"column":55}},"104":{"start":{"line":105,"column":0},"end":{"line":105,"column":9}},"105":{"start":{"line":106,"column":0},"end":{"line":106,"column":71}},"106":{"start":{"line":107,"column":0},"end":{"line":107,"column":32}},"107":{"start":{"line":108,"column":0},"end":{"line":108,"column":21}},"108":{"start":{"line":109,"column":0},"end":{"line":109,"column":78}},"109":{"start":{"line":110,"column":0},"end":{"line":110,"column":5}},"110":{"start":{"line":111,"column":0},"end":{"line":111,"column":3}},"112":{"start":{"line":113,"column":0},"end":{"line":113,"column":36}},"113":{"start":{"line":114,"column":0},"end":{"line":114,"column":9}},"114":{"start":{"line":115,"column":0},"end":{"line":115,"column":58}},"115":{"start":{"line":116,"column":0},"end":{"line":116,"column":26}},"116":{"start":{"line":117,"column":0},"end":{"line":117,"column":21}},"117":{"start":{"line":118,"column":0},"end":{"line":118,"column":64}},"118":{"start":{"line":119,"column":0},"end":{"line":119,"column":5}},"119":{"start":{"line":120,"column":0},"end":{"line":120,"column":3}},"121":{"start":{"line":122,"column":0},"end":{"line":122,"column":70}},"122":{"start":{"line":123,"column":0},"end":{"line":123,"column":18}},"123":{"start":{"line":124,"column":0},"end":{"line":124,"column":21}},"124":{"start":{"line":125,"column":0},"end":{"line":125,"column":21}},"125":{"start":{"line":126,"column":0},"end":{"line":126,"column":13}},"126":{"start":{"line":127,"column":0},"end":{"line":127,"column":12}},"127":{"start":{"line":128,"column":0},"end":{"line":128,"column":5}},"129":{"start":{"line":130,"column":0},"end":{"line":130,"column":45}},"130":{"start":{"line":131,"column":0},"end":{"line":131,"column":40}},"131":{"start":{"line":132,"column":0},"end":{"line":132,"column":5}},"134":{"start":{"line":135,"column":0},"end":{"line":135,"column":29}},"135":{"start":{"line":136,"column":0},"end":{"line":136,"column":33}},"136":{"start":{"line":137,"column":0},"end":{"line":137,"column":23}},"138":{"start":{"line":139,"column":0},"end":{"line":139,"column":15}},"139":{"start":{"line":140,"column":0},"end":{"line":140,"column":23}},"140":{"start":{"line":141,"column":0},"end":{"line":141,"column":67}},"141":{"start":{"line":142,"column":0},"end":{"line":142,"column":15}},"142":{"start":{"line":143,"column":0},"end":{"line":143,"column":24}},"143":{"start":{"line":144,"column":0},"end":{"line":144,"column":51}},"144":{"start":{"line":145,"column":0},"end":{"line":145,"column":15}},"145":{"start":{"line":146,"column":0},"end":{"line":146,"column":23}},"146":{"start":{"line":147,"column":0},"end":{"line":147,"column":67}},"147":{"start":{"line":148,"column":0},"end":{"line":148,"column":15}},"148":{"start":{"line":149,"column":0},"end":{"line":149,"column":23}},"149":{"start":{"line":150,"column":0},"end":{"line":150,"column":67}},"150":{"start":{"line":151,"column":0},"end":{"line":151,"column":15}},"151":{"start":{"line":152,"column":0},"end":{"line":152,"column":16}},"152":{"start":{"line":153,"column":0},"end":{"line":153,"column":67}},"153":{"start":{"line":154,"column":0},"end":{"line":154,"column":7}},"154":{"start":{"line":155,"column":0},"end":{"line":155,"column":5}},"156":{"start":{"line":157,"column":0},"end":{"line":157,"column":47}},"157":{"start":{"line":158,"column":0},"end":{"line":158,"column":21}},"158":{"start":{"line":159,"column":0},"end":{"line":159,"column":14}},"159":{"start":{"line":160,"column":0},"end":{"line":160,"column":32}},"160":{"start":{"line":161,"column":0},"end":{"line":161,"column":6}},"162":{"start":{"line":163,"column":0},"end":{"line":163,"column":23}},"163":{"start":{"line":164,"column":0},"end":{"line":164,"column":72}},"164":{"start":{"line":165,"column":0},"end":{"line":165,"column":5}},"166":{"start":{"line":167,"column":0},"end":{"line":167,"column":38}},"168":{"start":{"line":169,"column":0},"end":{"line":169,"column":21}},"169":{"start":{"line":170,"column":0},"end":{"line":170,"column":52}},"170":{"start":{"line":171,"column":0},"end":{"line":171,"column":34}},"171":{"start":{"line":172,"column":0},"end":{"line":172,"column":34}},"172":{"start":{"line":173,"column":0},"end":{"line":173,"column":17}},"173":{"start":{"line":174,"column":0},"end":{"line":174,"column":5}},"175":{"start":{"line":176,"column":0},"end":{"line":176,"column":22}},"176":{"start":{"line":177,"column":0},"end":{"line":177,"column":3}},"178":{"start":{"line":179,"column":0},"end":{"line":179,"column":62}},"179":{"start":{"line":180,"column":0},"end":{"line":180,"column":12}},"180":{"start":{"line":181,"column":0},"end":{"line":181,"column":28}},"181":{"start":{"line":182,"column":0},"end":{"line":182,"column":46}},"182":{"start":{"line":183,"column":0},"end":{"line":183,"column":32}},"183":{"start":{"line":184,"column":0},"end":{"line":184,"column":32}},"184":{"start":{"line":185,"column":0},"end":{"line":185,"column":60}},"185":{"start":{"line":186,"column":0},"end":{"line":186,"column":76}},"186":{"start":{"line":187,"column":0},"end":{"line":187,"column":72}},"187":{"start":{"line":188,"column":0},"end":{"line":188,"column":60}},"188":{"start":{"line":189,"column":0},"end":{"line":189,"column":76}},"189":{"start":{"line":190,"column":0},"end":{"line":190,"column":48}},"190":{"start":{"line":191,"column":0},"end":{"line":191,"column":33}},"191":{"start":{"line":192,"column":0},"end":{"line":192,"column":5}},"192":{"start":{"line":193,"column":0},"end":{"line":193,"column":3}},"194":{"start":{"line":195,"column":0},"end":{"line":195,"column":76}},"195":{"start":{"line":196,"column":0},"end":{"line":196,"column":12}},"196":{"start":{"line":197,"column":0},"end":{"line":197,"column":36}},"197":{"start":{"line":198,"column":0},"end":{"line":198,"column":69}},"198":{"start":{"line":199,"column":0},"end":{"line":199,"column":40}},"199":{"start":{"line":200,"column":0},"end":{"line":200,"column":32}},"200":{"start":{"line":201,"column":0},"end":{"line":201,"column":94}},"201":{"start":{"line":202,"column":0},"end":{"line":202,"column":118}},"202":{"start":{"line":203,"column":0},"end":{"line":203,"column":112}},"203":{"start":{"line":204,"column":0},"end":{"line":204,"column":94}},"204":{"start":{"line":205,"column":0},"end":{"line":205,"column":118}},"205":{"start":{"line":206,"column":0},"end":{"line":206,"column":56}},"206":{"start":{"line":207,"column":0},"end":{"line":207,"column":41}},"207":{"start":{"line":208,"column":0},"end":{"line":208,"column":5}},"208":{"start":{"line":209,"column":0},"end":{"line":209,"column":3}},"210":{"start":{"line":211,"column":0},"end":{"line":211,"column":62}},"211":{"start":{"line":212,"column":0},"end":{"line":212,"column":12}},"212":{"start":{"line":213,"column":0},"end":{"line":213,"column":26}},"213":{"start":{"line":214,"column":0},"end":{"line":214,"column":32}},"214":{"start":{"line":215,"column":0},"end":{"line":215,"column":30}},"215":{"start":{"line":216,"column":0},"end":{"line":216,"column":30}},"216":{"start":{"line":217,"column":0},"end":{"line":217,"column":46}},"217":{"start":{"line":218,"column":0},"end":{"line":218,"column":62}},"218":{"start":{"line":219,"column":0},"end":{"line":219,"column":58}},"219":{"start":{"line":220,"column":0},"end":{"line":220,"column":46}},"220":{"start":{"line":221,"column":0},"end":{"line":221,"column":62}},"221":{"start":{"line":222,"column":0},"end":{"line":222,"column":46}},"222":{"start":{"line":223,"column":0},"end":{"line":223,"column":31}},"223":{"start":{"line":224,"column":0},"end":{"line":224,"column":5}},"224":{"start":{"line":225,"column":0},"end":{"line":225,"column":3}},"226":{"start":{"line":227,"column":0},"end":{"line":227,"column":42}},"227":{"start":{"line":228,"column":0},"end":{"line":228,"column":39}},"228":{"start":{"line":229,"column":0},"end":{"line":229,"column":37}},"230":{"start":{"line":231,"column":0},"end":{"line":231,"column":31}},"231":{"start":{"line":232,"column":0},"end":{"line":232,"column":21}},"232":{"start":{"line":233,"column":0},"end":{"line":233,"column":93}},"233":{"start":{"line":234,"column":0},"end":{"line":234,"column":21}},"234":{"start":{"line":235,"column":0},"end":{"line":235,"column":86}},"235":{"start":{"line":236,"column":0},"end":{"line":236,"column":21}},"236":{"start":{"line":237,"column":0},"end":{"line":237,"column":57}},"237":{"start":{"line":238,"column":0},"end":{"line":238,"column":22}},"238":{"start":{"line":239,"column":0},"end":{"line":239,"column":72}},"239":{"start":{"line":240,"column":0},"end":{"line":240,"column":21}},"240":{"start":{"line":241,"column":0},"end":{"line":241,"column":65}},"241":{"start":{"line":242,"column":0},"end":{"line":242,"column":14}},"242":{"start":{"line":243,"column":0},"end":{"line":243,"column":73}},"243":{"start":{"line":244,"column":0},"end":{"line":244,"column":5}},"244":{"start":{"line":245,"column":0},"end":{"line":245,"column":3}},"246":{"start":{"line":247,"column":0},"end":{"line":247,"column":43}},"248":{"start":{"line":249,"column":0},"end":{"line":249,"column":99}},"249":{"start":{"line":250,"column":0},"end":{"line":250,"column":3}},"251":{"start":{"line":252,"column":0},"end":{"line":252,"column":49}},"252":{"start":{"line":253,"column":0},"end":{"line":253,"column":22}},"253":{"start":{"line":254,"column":0},"end":{"line":254,"column":31}},"254":{"start":{"line":255,"column":0},"end":{"line":255,"column":32}},"255":{"start":{"line":256,"column":0},"end":{"line":256,"column":32}},"256":{"start":{"line":257,"column":0},"end":{"line":257,"column":35}},"257":{"start":{"line":258,"column":0},"end":{"line":258,"column":30}},"258":{"start":{"line":259,"column":0},"end":{"line":259,"column":27}},"259":{"start":{"line":260,"column":0},"end":{"line":260,"column":36}},"260":{"start":{"line":261,"column":0},"end":{"line":261,"column":29}},"261":{"start":{"line":262,"column":0},"end":{"line":262,"column":41}},"262":{"start":{"line":263,"column":0},"end":{"line":263,"column":40}},"263":{"start":{"line":264,"column":0},"end":{"line":264,"column":43}},"264":{"start":{"line":265,"column":0},"end":{"line":265,"column":38}},"265":{"start":{"line":266,"column":0},"end":{"line":266,"column":32}},"266":{"start":{"line":267,"column":0},"end":{"line":267,"column":5}},"267":{"start":{"line":268,"column":0},"end":{"line":268,"column":3}},"269":{"start":{"line":270,"column":0},"end":{"line":270,"column":54}},"270":{"start":{"line":271,"column":0},"end":{"line":271,"column":22}},"271":{"start":{"line":272,"column":0},"end":{"line":272,"column":34}},"272":{"start":{"line":273,"column":0},"end":{"line":273,"column":40}},"273":{"start":{"line":274,"column":0},"end":{"line":274,"column":35}},"274":{"start":{"line":275,"column":0},"end":{"line":275,"column":38}},"275":{"start":{"line":276,"column":0},"end":{"line":276,"column":38}},"276":{"start":{"line":277,"column":0},"end":{"line":277,"column":33}},"277":{"start":{"line":278,"column":0},"end":{"line":278,"column":41}},"278":{"start":{"line":279,"column":0},"end":{"line":279,"column":35}},"279":{"start":{"line":280,"column":0},"end":{"line":280,"column":38}},"280":{"start":{"line":281,"column":0},"end":{"line":281,"column":38}},"281":{"start":{"line":282,"column":0},"end":{"line":282,"column":35}},"282":{"start":{"line":283,"column":0},"end":{"line":283,"column":5}},"283":{"start":{"line":284,"column":0},"end":{"line":284,"column":3}},"285":{"start":{"line":286,"column":0},"end":{"line":286,"column":62}},"286":{"start":{"line":287,"column":0},"end":{"line":287,"column":36}},"287":{"start":{"line":288,"column":0},"end":{"line":288,"column":18}},"288":{"start":{"line":289,"column":0},"end":{"line":289,"column":5}},"290":{"start":{"line":291,"column":0},"end":{"line":291,"column":65}},"291":{"start":{"line":292,"column":0},"end":{"line":292,"column":36}},"292":{"start":{"line":293,"column":0},"end":{"line":293,"column":30}},"293":{"start":{"line":294,"column":0},"end":{"line":294,"column":19}},"294":{"start":{"line":295,"column":0},"end":{"line":295,"column":3}},"295":{"start":{"line":296,"column":0},"end":{"line":296,"column":1}}},"s":{"0":1,"15":1,"16":1,"17":40,"19":1,"20":40,"21":40,"22":40,"24":1,"25":4,"26":4,"27":4,"28":4,"29":4,"30":2,"31":2,"32":2,"33":2,"34":4,"36":1,"37":2,"38":2,"39":2,"40":2,"41":2,"43":2,"44":2,"45":2,"46":2,"47":2,"48":2,"49":2,"50":2,"51":0,"52":0,"53":2,"55":1,"56":2,"57":2,"59":2,"60":1,"61":1,"63":1,"64":2,"65":0,"66":0,"67":2,"69":1,"70":2,"71":2,"73":2,"74":0,"75":0,"77":2,"78":2,"79":2,"80":2,"81":2,"82":2,"83":2,"84":2,"85":2,"86":2,"87":2,"88":2,"89":2,"90":2,"91":2,"92":2,"93":2,"94":2,"95":2,"96":2,"97":2,"98":2,"99":0,"100":0,"101":2,"103":1,"104":1,"105":1,"106":1,"107":1,"108":0,"109":0,"110":1,"112":1,"113":5,"114":5,"115":3,"116":5,"117":2,"118":2,"119":5,"121":1,"122":16,"123":16,"124":16,"125":16,"126":16,"127":16,"129":16,"130":16,"131":16,"134":16,"135":16,"136":16,"138":14,"139":16,"140":1,"141":1,"142":16,"143":1,"144":1,"145":16,"146":0,"147":0,"148":16,"149":0,"150":0,"151":16,"152":0,"153":16,"154":16,"156":16,"157":16,"158":16,"159":16,"160":16,"162":16,"163":1,"164":1,"166":14,"168":16,"169":2,"170":2,"171":2,"172":2,"173":2,"175":12,"176":16,"178":1,"179":4,"180":4,"181":4,"182":4,"183":4,"184":4,"185":4,"186":4,"187":4,"188":4,"189":4,"190":4,"191":4,"192":4,"194":1,"195":2,"196":2,"197":2,"198":2,"199":2,"200":2,"201":2,"202":2,"203":2,"204":2,"205":2,"206":2,"207":2,"208":2,"210":1,"211":1,"212":1,"213":1,"214":1,"215":1,"216":1,"217":1,"218":1,"219":1,"220":1,"221":1,"222":1,"223":1,"224":1,"226":1,"227":11,"228":11,"230":11,"231":11,"232":7,"233":11,"234":2,"235":11,"236":0,"237":11,"238":1,"239":11,"240":1,"241":11,"242":0,"243":11,"244":11,"246":1,"248":8,"249":8,"251":1,"252":7,"253":7,"254":7,"255":7,"256":7,"257":7,"258":7,"259":7,"260":7,"261":7,"262":7,"263":7,"264":7,"265":7,"266":7,"267":7,"269":1,"270":2,"271":2,"272":2,"273":2,"274":2,"275":2,"276":2,"277":2,"278":2,"279":2,"280":2,"281":2,"282":2,"283":2,"285":1,"286":4,"287":2,"288":2,"290":2,"291":2,"292":4,"293":4,"294":4,"295":1},"branchMap":{"0":{"type":"branch","line":17,"loc":{"start":{"line":17,"column":10},"end":{"line":18,"column":24}},"locations":[{"start":{"line":17,"column":10},"end":{"line":18,"column":24}}]},"1":{"type":"branch","line":20,"loc":{"start":{"line":20,"column":2},"end":{"line":23,"column":3}},"locations":[{"start":{"line":20,"column":2},"end":{"line":23,"column":3}}]},"2":{"type":"branch","line":22,"loc":{"start":{"line":22,"column":25},"end":{"line":22,"column":66}},"locations":[{"start":{"line":22,"column":25},"end":{"line":22,"column":66}}]},"3":{"type":"branch","line":25,"loc":{"start":{"line":25,"column":2},"end":{"line":35,"column":3}},"locations":[{"start":{"line":25,"column":2},"end":{"line":35,"column":3}}]},"4":{"type":"branch","line":30,"loc":{"start":{"line":30,"column":7},"end":{"line":34,"column":5}},"locations":[{"start":{"line":30,"column":7},"end":{"line":34,"column":5}}]},"5":{"type":"branch","line":37,"loc":{"start":{"line":37,"column":2},"end":{"line":54,"column":3}},"locations":[{"start":{"line":37,"column":2},"end":{"line":54,"column":3}}]},"6":{"type":"branch","line":48,"loc":{"start":{"line":48,"column":36},"end":{"line":48,"column":57}},"locations":[{"start":{"line":48,"column":36},"end":{"line":48,"column":57}}]},"7":{"type":"branch","line":49,"loc":{"start":{"line":49,"column":44},"end":{"line":49,"column":73}},"locations":[{"start":{"line":49,"column":44},"end":{"line":49,"column":73}}]},"8":{"type":"branch","line":51,"loc":{"start":{"line":51,"column":4},"end":{"line":53,"column":5}},"locations":[{"start":{"line":51,"column":4},"end":{"line":53,"column":5}}]},"9":{"type":"branch","line":56,"loc":{"start":{"line":56,"column":2},"end":{"line":68,"column":3}},"locations":[{"start":{"line":56,"column":2},"end":{"line":68,"column":3}}]},"10":{"type":"branch","line":60,"loc":{"start":{"line":60,"column":19},"end":{"line":65,"column":13}},"locations":[{"start":{"line":60,"column":19},"end":{"line":65,"column":13}}]},"11":{"type":"branch","line":65,"loc":{"start":{"line":65,"column":4},"end":{"line":67,"column":5}},"locations":[{"start":{"line":65,"column":4},"end":{"line":67,"column":5}}]},"12":{"type":"branch","line":70,"loc":{"start":{"line":70,"column":2},"end":{"line":102,"column":3}},"locations":[{"start":{"line":70,"column":2},"end":{"line":102,"column":3}}]},"13":{"type":"branch","line":74,"loc":{"start":{"line":74,"column":19},"end":{"line":76,"column":7}},"locations":[{"start":{"line":74,"column":19},"end":{"line":76,"column":7}}]},"14":{"type":"branch","line":85,"loc":{"start":{"line":85,"column":21},"end":{"line":85,"column":32}},"locations":[{"start":{"line":85,"column":21},"end":{"line":85,"column":32}}]},"15":{"type":"branch","line":95,"loc":{"start":{"line":95,"column":31},"end":{"line":95,"column":42}},"locations":[{"start":{"line":95,"column":31},"end":{"line":95,"column":42}}]},"16":{"type":"branch","line":96,"loc":{"start":{"line":96,"column":44},"end":{"line":96,"column":64}},"locations":[{"start":{"line":96,"column":44},"end":{"line":96,"column":64}}]},"17":{"type":"branch","line":96,"loc":{"start":{"line":96,"column":52},"end":{"line":96,"column":74}},"locations":[{"start":{"line":96,"column":52},"end":{"line":96,"column":74}}]},"18":{"type":"branch","line":99,"loc":{"start":{"line":99,"column":4},"end":{"line":101,"column":5}},"locations":[{"start":{"line":99,"column":4},"end":{"line":101,"column":5}}]},"19":{"type":"branch","line":104,"loc":{"start":{"line":104,"column":2},"end":{"line":111,"column":3}},"locations":[{"start":{"line":104,"column":2},"end":{"line":111,"column":3}}]},"20":{"type":"branch","line":108,"loc":{"start":{"line":108,"column":4},"end":{"line":110,"column":5}},"locations":[{"start":{"line":108,"column":4},"end":{"line":110,"column":5}}]},"21":{"type":"branch","line":113,"loc":{"start":{"line":113,"column":2},"end":{"line":120,"column":3}},"locations":[{"start":{"line":113,"column":2},"end":{"line":120,"column":3}}]},"22":{"type":"branch","line":115,"loc":{"start":{"line":115,"column":57},"end":{"line":117,"column":13}},"locations":[{"start":{"line":115,"column":57},"end":{"line":117,"column":13}}]},"23":{"type":"branch","line":117,"loc":{"start":{"line":117,"column":4},"end":{"line":119,"column":5}},"locations":[{"start":{"line":117,"column":4},"end":{"line":119,"column":5}}]},"24":{"type":"branch","line":122,"loc":{"start":{"line":122,"column":2},"end":{"line":177,"column":3}},"locations":[{"start":{"line":122,"column":2},"end":{"line":177,"column":3}}]},"25":{"type":"branch","line":137,"loc":{"start":{"line":137,"column":8},"end":{"line":139,"column":15}},"locations":[{"start":{"line":137,"column":8},"end":{"line":139,"column":15}}]},"26":{"type":"branch","line":140,"loc":{"start":{"line":140,"column":8},"end":{"line":142,"column":15}},"locations":[{"start":{"line":140,"column":8},"end":{"line":142,"column":15}}]},"27":{"type":"branch","line":143,"loc":{"start":{"line":143,"column":8},"end":{"line":145,"column":15}},"locations":[{"start":{"line":143,"column":8},"end":{"line":145,"column":15}}]},"28":{"type":"branch","line":146,"loc":{"start":{"line":146,"column":8},"end":{"line":148,"column":15}},"locations":[{"start":{"line":146,"column":8},"end":{"line":148,"column":15}}]},"29":{"type":"branch","line":149,"loc":{"start":{"line":149,"column":8},"end":{"line":151,"column":15}},"locations":[{"start":{"line":149,"column":8},"end":{"line":151,"column":15}}]},"30":{"type":"branch","line":152,"loc":{"start":{"line":152,"column":8},"end":{"line":153,"column":67}},"locations":[{"start":{"line":152,"column":8},"end":{"line":153,"column":67}}]},"31":{"type":"branch","line":161,"loc":{"start":{"line":161,"column":5},"end":{"line":163,"column":22}},"locations":[{"start":{"line":161,"column":5},"end":{"line":163,"column":22}}]},"32":{"type":"branch","line":163,"loc":{"start":{"line":163,"column":22},"end":{"line":165,"column":5}},"locations":[{"start":{"line":163,"column":22},"end":{"line":165,"column":5}}]},"33":{"type":"branch","line":165,"loc":{"start":{"line":165,"column":4},"end":{"line":169,"column":20}},"locations":[{"start":{"line":165,"column":4},"end":{"line":169,"column":20}}]},"34":{"type":"branch","line":169,"loc":{"start":{"line":169,"column":20},"end":{"line":174,"column":5}},"locations":[{"start":{"line":169,"column":20},"end":{"line":174,"column":5}}]},"35":{"type":"branch","line":174,"loc":{"start":{"line":174,"column":4},"end":{"line":176,"column":22}},"locations":[{"start":{"line":174,"column":4},"end":{"line":176,"column":22}}]},"36":{"type":"branch","line":179,"loc":{"start":{"line":179,"column":10},"end":{"line":193,"column":3}},"locations":[{"start":{"line":179,"column":10},"end":{"line":193,"column":3}}]},"37":{"type":"branch","line":195,"loc":{"start":{"line":195,"column":10},"end":{"line":209,"column":3}},"locations":[{"start":{"line":195,"column":10},"end":{"line":209,"column":3}}]},"38":{"type":"branch","line":197,"loc":{"start":{"line":197,"column":21},"end":{"line":197,"column":36}},"locations":[{"start":{"line":197,"column":21},"end":{"line":197,"column":36}}]},"39":{"type":"branch","line":198,"loc":{"start":{"line":198,"column":20},"end":{"line":198,"column":63}},"locations":[{"start":{"line":198,"column":20},"end":{"line":198,"column":63}}]},"40":{"type":"branch","line":199,"loc":{"start":{"line":199,"column":23},"end":{"line":199,"column":40}},"locations":[{"start":{"line":199,"column":23},"end":{"line":199,"column":40}}]},"41":{"type":"branch","line":201,"loc":{"start":{"line":201,"column":27},"end":{"line":201,"column":84}},"locations":[{"start":{"line":201,"column":27},"end":{"line":201,"column":84}}]},"42":{"type":"branch","line":202,"loc":{"start":{"line":202,"column":35},"end":{"line":202,"column":108}},"locations":[{"start":{"line":202,"column":35},"end":{"line":202,"column":108}}]},"43":{"type":"branch","line":203,"loc":{"start":{"line":203,"column":33},"end":{"line":203,"column":102}},"locations":[{"start":{"line":203,"column":33},"end":{"line":203,"column":102}}]},"44":{"type":"branch","line":204,"loc":{"start":{"line":204,"column":27},"end":{"line":204,"column":84}},"locations":[{"start":{"line":204,"column":27},"end":{"line":204,"column":84}}]},"45":{"type":"branch","line":205,"loc":{"start":{"line":205,"column":35},"end":{"line":205,"column":108}},"locations":[{"start":{"line":205,"column":35},"end":{"line":205,"column":108}}]},"46":{"type":"branch","line":211,"loc":{"start":{"line":211,"column":10},"end":{"line":225,"column":3}},"locations":[{"start":{"line":211,"column":10},"end":{"line":225,"column":3}}]},"47":{"type":"branch","line":227,"loc":{"start":{"line":227,"column":10},"end":{"line":245,"column":3}},"locations":[{"start":{"line":227,"column":10},"end":{"line":245,"column":3}}]},"48":{"type":"branch","line":232,"loc":{"start":{"line":232,"column":6},"end":{"line":233,"column":93}},"locations":[{"start":{"line":232,"column":6},"end":{"line":233,"column":93}}]},"49":{"type":"branch","line":234,"loc":{"start":{"line":234,"column":6},"end":{"line":235,"column":86}},"locations":[{"start":{"line":234,"column":6},"end":{"line":235,"column":86}}]},"50":{"type":"branch","line":236,"loc":{"start":{"line":236,"column":6},"end":{"line":237,"column":57}},"locations":[{"start":{"line":236,"column":6},"end":{"line":237,"column":57}}]},"51":{"type":"branch","line":238,"loc":{"start":{"line":238,"column":6},"end":{"line":239,"column":72}},"locations":[{"start":{"line":238,"column":6},"end":{"line":239,"column":72}}]},"52":{"type":"branch","line":240,"loc":{"start":{"line":240,"column":6},"end":{"line":241,"column":65}},"locations":[{"start":{"line":240,"column":6},"end":{"line":241,"column":65}}]},"53":{"type":"branch","line":242,"loc":{"start":{"line":242,"column":6},"end":{"line":243,"column":73}},"locations":[{"start":{"line":242,"column":6},"end":{"line":243,"column":73}}]},"54":{"type":"branch","line":247,"loc":{"start":{"line":247,"column":10},"end":{"line":250,"column":3}},"locations":[{"start":{"line":247,"column":10},"end":{"line":250,"column":3}}]},"55":{"type":"branch","line":249,"loc":{"start":{"line":249,"column":23},"end":{"line":249,"column":99}},"locations":[{"start":{"line":249,"column":23},"end":{"line":249,"column":99}}]},"56":{"type":"branch","line":252,"loc":{"start":{"line":252,"column":10},"end":{"line":268,"column":3}},"locations":[{"start":{"line":252,"column":10},"end":{"line":268,"column":3}}]},"57":{"type":"branch","line":254,"loc":{"start":{"line":254,"column":6},"end":{"line":254,"column":31}},"locations":[{"start":{"line":254,"column":6},"end":{"line":254,"column":31}}]},"58":{"type":"branch","line":255,"loc":{"start":{"line":255,"column":6},"end":{"line":255,"column":32}},"locations":[{"start":{"line":255,"column":6},"end":{"line":255,"column":32}}]},"59":{"type":"branch","line":256,"loc":{"start":{"line":256,"column":6},"end":{"line":256,"column":32}},"locations":[{"start":{"line":256,"column":6},"end":{"line":256,"column":32}}]},"60":{"type":"branch","line":257,"loc":{"start":{"line":257,"column":6},"end":{"line":257,"column":35}},"locations":[{"start":{"line":257,"column":6},"end":{"line":257,"column":35}}]},"61":{"type":"branch","line":258,"loc":{"start":{"line":258,"column":6},"end":{"line":258,"column":30}},"locations":[{"start":{"line":258,"column":6},"end":{"line":258,"column":30}}]},"62":{"type":"branch","line":259,"loc":{"start":{"line":259,"column":6},"end":{"line":259,"column":27}},"locations":[{"start":{"line":259,"column":6},"end":{"line":259,"column":27}}]},"63":{"type":"branch","line":260,"loc":{"start":{"line":260,"column":6},"end":{"line":260,"column":36}},"locations":[{"start":{"line":260,"column":6},"end":{"line":260,"column":36}}]},"64":{"type":"branch","line":261,"loc":{"start":{"line":261,"column":6},"end":{"line":261,"column":29}},"locations":[{"start":{"line":261,"column":6},"end":{"line":261,"column":29}}]},"65":{"type":"branch","line":262,"loc":{"start":{"line":262,"column":6},"end":{"line":262,"column":41}},"locations":[{"start":{"line":262,"column":6},"end":{"line":262,"column":41}}]},"66":{"type":"branch","line":263,"loc":{"start":{"line":263,"column":6},"end":{"line":263,"column":40}},"locations":[{"start":{"line":263,"column":6},"end":{"line":263,"column":40}}]},"67":{"type":"branch","line":264,"loc":{"start":{"line":264,"column":6},"end":{"line":264,"column":43}},"locations":[{"start":{"line":264,"column":6},"end":{"line":264,"column":43}}]},"68":{"type":"branch","line":265,"loc":{"start":{"line":265,"column":6},"end":{"line":265,"column":38}},"locations":[{"start":{"line":265,"column":6},"end":{"line":265,"column":38}}]},"69":{"type":"branch","line":266,"loc":{"start":{"line":266,"column":6},"end":{"line":266,"column":32}},"locations":[{"start":{"line":266,"column":6},"end":{"line":266,"column":32}}]},"70":{"type":"branch","line":270,"loc":{"start":{"line":270,"column":10},"end":{"line":284,"column":3}},"locations":[{"start":{"line":270,"column":10},"end":{"line":284,"column":3}}]},"71":{"type":"branch","line":273,"loc":{"start":{"line":273,"column":6},"end":{"line":273,"column":40}},"locations":[{"start":{"line":273,"column":6},"end":{"line":273,"column":40}}]},"72":{"type":"branch","line":274,"loc":{"start":{"line":274,"column":6},"end":{"line":274,"column":35}},"locations":[{"start":{"line":274,"column":6},"end":{"line":274,"column":35}}]},"73":{"type":"branch","line":275,"loc":{"start":{"line":275,"column":6},"end":{"line":275,"column":38}},"locations":[{"start":{"line":275,"column":6},"end":{"line":275,"column":38}}]},"74":{"type":"branch","line":276,"loc":{"start":{"line":276,"column":6},"end":{"line":276,"column":38}},"locations":[{"start":{"line":276,"column":6},"end":{"line":276,"column":38}}]},"75":{"type":"branch","line":277,"loc":{"start":{"line":277,"column":6},"end":{"line":277,"column":33}},"locations":[{"start":{"line":277,"column":6},"end":{"line":277,"column":33}}]},"76":{"type":"branch","line":278,"loc":{"start":{"line":278,"column":6},"end":{"line":278,"column":41}},"locations":[{"start":{"line":278,"column":6},"end":{"line":278,"column":41}}]},"77":{"type":"branch","line":279,"loc":{"start":{"line":279,"column":6},"end":{"line":279,"column":35}},"locations":[{"start":{"line":279,"column":6},"end":{"line":279,"column":35}}]},"78":{"type":"branch","line":280,"loc":{"start":{"line":280,"column":6},"end":{"line":280,"column":38}},"locations":[{"start":{"line":280,"column":6},"end":{"line":280,"column":38}}]},"79":{"type":"branch","line":281,"loc":{"start":{"line":281,"column":6},"end":{"line":281,"column":38}},"locations":[{"start":{"line":281,"column":6},"end":{"line":281,"column":38}}]},"80":{"type":"branch","line":282,"loc":{"start":{"line":282,"column":6},"end":{"line":282,"column":35}},"locations":[{"start":{"line":282,"column":6},"end":{"line":282,"column":35}}]},"81":{"type":"branch","line":286,"loc":{"start":{"line":286,"column":10},"end":{"line":295,"column":3}},"locations":[{"start":{"line":286,"column":10},"end":{"line":295,"column":3}}]},"82":{"type":"branch","line":287,"loc":{"start":{"line":287,"column":35},"end":{"line":292,"column":36}},"locations":[{"start":{"line":287,"column":35},"end":{"line":292,"column":36}}]}},"b":{"0":[40],"1":[40],"2":[11],"3":[4],"4":[2],"5":[2],"6":[1],"7":[1],"8":[0],"9":[2],"10":[1],"11":[0],"12":[2],"13":[0],"14":[0],"15":[0],"16":[1],"17":[1],"18":[0],"19":[1],"20":[0],"21":[5],"22":[3],"23":[2],"24":[16],"25":[14],"26":[1],"27":[1],"28":[0],"29":[0],"30":[0],"31":[15],"32":[1],"33":[14],"34":[2],"35":[12],"36":[4],"37":[2],"38":[0],"39":[0],"40":[0],"41":[0],"42":[0],"43":[0],"44":[0],"45":[0],"46":[1],"47":[11],"48":[7],"49":[2],"50":[0],"51":[1],"52":[1],"53":[0],"54":[8],"55":[7],"56":[7],"57":[2],"58":[1],"59":[1],"60":[1],"61":[1],"62":[0],"63":[0],"64":[0],"65":[0],"66":[0],"67":[0],"68":[0],"69":[1],"70":[2],"71":[0],"72":[0],"73":[0],"74":[0],"75":[0],"76":[0],"77":[0],"78":[0],"79":[0],"80":[0],"81":[4],"82":[2]},"fnMap":{"0":{"name":"<instance_members_initializer>","decl":{"start":{"line":17,"column":10},"end":{"line":18,"column":24}},"loc":{"start":{"line":17,"column":10},"end":{"line":18,"column":24}},"line":17},"1":{"name":"BundlerClient","decl":{"start":{"line":20,"column":2},"end":{"line":23,"column":3}},"loc":{"start":{"line":20,"column":2},"end":{"line":23,"column":3}},"line":20},"2":{"name":"sendUserOperation","decl":{"start":{"line":25,"column":2},"end":{"line":35,"column":3}},"loc":{"start":{"line":25,"column":2},"end":{"line":35,"column":3}},"line":25},"3":{"name":"estimateUserOperationGas","decl":{"start":{"line":37,"column":2},"end":{"line":54,"column":3}},"loc":{"start":{"line":37,"column":2},"end":{"line":54,"column":3}},"line":37},"4":{"name":"getUserOperationByHash","decl":{"start":{"line":56,"column":2},"end":{"line":68,"column":3}},"loc":{"start":{"line":56,"column":2},"end":{"line":68,"column":3}},"line":56},"5":{"name":"getUserOperationReceipt","decl":{"start":{"line":70,"column":2},"end":{"line":102,"column":3}},"loc":{"start":{"line":70,"column":2},"end":{"line":102,"column":3}},"line":70},"6":{"name":"getSupportedEntryPoints","decl":{"start":{"line":104,"column":2},"end":{"line":111,"column":3}},"loc":{"start":{"line":104,"column":2},"end":{"line":111,"column":3}},"line":104},"7":{"name":"getChainId","decl":{"start":{"line":113,"column":2},"end":{"line":120,"column":3}},"loc":{"start":{"line":113,"column":2},"end":{"line":120,"column":3}},"line":113},"8":{"name":"rpcCall","decl":{"start":{"line":122,"column":2},"end":{"line":177,"column":3}},"loc":{"start":{"line":122,"column":2},"end":{"line":177,"column":3}},"line":122},"9":{"name":"serializeUserOperation","decl":{"start":{"line":179,"column":10},"end":{"line":193,"column":3}},"loc":{"start":{"line":179,"column":10},"end":{"line":193,"column":3}},"line":179},"10":{"name":"serializeUserOperationRequest","decl":{"start":{"line":195,"column":10},"end":{"line":209,"column":3}},"loc":{"start":{"line":195,"column":10},"end":{"line":209,"column":3}},"line":195},"11":{"name":"deserializeUserOperation","decl":{"start":{"line":211,"column":10},"end":{"line":225,"column":3}},"loc":{"start":{"line":211,"column":10},"end":{"line":225,"column":3}},"line":211},"12":{"name":"getDefaultBundlerUrl","decl":{"start":{"line":227,"column":10},"end":{"line":245,"column":3}},"loc":{"start":{"line":227,"column":10},"end":{"line":245,"column":3}},"line":227},"13":{"name":"getEntryPointAddress","decl":{"start":{"line":247,"column":10},"end":{"line":250,"column":3}},"loc":{"start":{"line":247,"column":10},"end":{"line":250,"column":3}},"line":247},"14":{"name":"getChainName","decl":{"start":{"line":252,"column":10},"end":{"line":268,"column":3}},"loc":{"start":{"line":252,"column":10},"end":{"line":268,"column":3}},"line":252},"15":{"name":"getAlchemyNetwork","decl":{"start":{"line":270,"column":10},"end":{"line":284,"column":3}},"loc":{"start":{"line":270,"column":10},"end":{"line":284,"column":3}},"line":270},"16":{"name":"handleRpcError","decl":{"start":{"line":286,"column":10},"end":{"line":295,"column":3}},"loc":{"start":{"line":286,"column":10},"end":{"line":295,"column":3}},"line":286}},"f":{"0":40,"1":40,"2":4,"3":2,"4":2,"5":2,"6":1,"7":5,"8":16,"9":4,"10":2,"11":1,"12":11,"13":8,"14":7,"15":2,"16":4}}
,"/home/emmanuel-doji/Documents/work_projects/rabit/packages/smart-accounts/src/clients/paymaster.ts": {"path":"/home/emmanuel-doji/Documents/work_projects/rabit/packages/smart-accounts/src/clients/paymaster.ts","all":false,"statementMap":{"0":{"start":{"line":1,"column":0},"end":{"line":1,"column":3}},"14":{"start":{"line":15,"column":0},"end":{"line":15,"column":58}},"15":{"start":{"line":16,"column":0},"end":{"line":16,"column":32}},"16":{"start":{"line":17,"column":0},"end":{"line":17,"column":24}},"18":{"start":{"line":19,"column":0},"end":{"line":19,"column":39}},"19":{"start":{"line":20,"column":0},"end":{"line":20,"column":24}},"20":{"start":{"line":21,"column":0},"end":{"line":21,"column":70}},"21":{"start":{"line":22,"column":0},"end":{"line":22,"column":3}},"23":{"start":{"line":24,"column":0},"end":{"line":24,"column":98}},"24":{"start":{"line":25,"column":0},"end":{"line":25,"column":9}},"25":{"start":{"line":26,"column":0},"end":{"line":26,"column":46}},"26":{"start":{"line":27,"column":0},"end":{"line":27,"column":49}},"27":{"start":{"line":28,"column":0},"end":{"line":28,"column":51}},"28":{"start":{"line":29,"column":0},"end":{"line":29,"column":36}},"29":{"start":{"line":30,"column":0},"end":{"line":30,"column":21}},"30":{"start":{"line":31,"column":0},"end":{"line":31,"column":8}},"32":{"start":{"line":33,"column":0},"end":{"line":33,"column":14}},"33":{"start":{"line":34,"column":0},"end":{"line":34,"column":30}},"34":{"start":{"line":35,"column":0},"end":{"line":35,"column":46}},"35":{"start":{"line":36,"column":0},"end":{"line":36,"column":47}},"36":{"start":{"line":37,"column":0},"end":{"line":37,"column":79}},"37":{"start":{"line":38,"column":0},"end":{"line":38,"column":5}},"38":{"start":{"line":39,"column":0},"end":{"line":39,"column":41}},"39":{"start":{"line":40,"column":0},"end":{"line":40,"column":67}},"40":{"start":{"line":41,"column":0},"end":{"line":41,"column":4}},"41":{"start":{"line":42,"column":0},"end":{"line":42,"column":1}},"42":{"start":{"line":43,"column":0},"end":{"line":43,"column":21}},"43":{"start":{"line":44,"column":0},"end":{"line":44,"column":74}},"44":{"start":{"line":45,"column":0},"end":{"line":45,"column":5}},"45":{"start":{"line":46,"column":0},"end":{"line":46,"column":3}},"47":{"start":{"line":48,"column":0},"end":{"line":48,"column":99}},"48":{"start":{"line":49,"column":0},"end":{"line":49,"column":9}},"49":{"start":{"line":50,"column":0},"end":{"line":50,"column":50}},"50":{"start":{"line":51,"column":0},"end":{"line":51,"column":49}},"51":{"start":{"line":52,"column":0},"end":{"line":52,"column":51}},"52":{"start":{"line":53,"column":0},"end":{"line":53,"column":36}},"53":{"start":{"line":54,"column":0},"end":{"line":54,"column":21}},"54":{"start":{"line":55,"column":0},"end":{"line":55,"column":8}},"56":{"start":{"line":57,"column":0},"end":{"line":57,"column":14}},"57":{"start":{"line":58,"column":0},"end":{"line":58,"column":30}},"58":{"start":{"line":59,"column":0},"end":{"line":59,"column":46}},"59":{"start":{"line":60,"column":0},"end":{"line":60,"column":47}},"60":{"start":{"line":61,"column":0},"end":{"line":61,"column":79}},"61":{"start":{"line":62,"column":0},"end":{"line":62,"column":5}},"62":{"start":{"line":63,"column":0},"end":{"line":63,"column":41}},"63":{"start":{"line":64,"column":0},"end":{"line":64,"column":67}},"64":{"start":{"line":65,"column":0},"end":{"line":65,"column":4}},"65":{"start":{"line":66,"column":0},"end":{"line":66,"column":1}},"66":{"start":{"line":67,"column":0},"end":{"line":67,"column":21}},"67":{"start":{"line":68,"column":0},"end":{"line":68,"column":75}},"68":{"start":{"line":69,"column":0},"end":{"line":69,"column":5}},"69":{"start":{"line":70,"column":0},"end":{"line":70,"column":3}},"71":{"start":{"line":72,"column":0},"end":{"line":72,"column":81}},"72":{"start":{"line":73,"column":0},"end":{"line":73,"column":9}},"74":{"start":{"line":75,"column":0},"end":{"line":75,"column":71}},"75":{"start":{"line":76,"column":0},"end":{"line":76,"column":51}},"76":{"start":{"line":77,"column":0},"end":{"line":77,"column":35}},"77":{"start":{"line":78,"column":0},"end":{"line":78,"column":8}},"78":{"start":{"line":79,"column":0},"end":{"line":79,"column":30}},"79":{"start":{"line":80,"column":0},"end":{"line":80,"column":21}},"81":{"start":{"line":82,"column":0},"end":{"line":82,"column":46}},"82":{"start":{"line":83,"column":0},"end":{"line":83,"column":19}},"83":{"start":{"line":84,"column":0},"end":{"line":84,"column":7}},"84":{"start":{"line":85,"column":0},"end":{"line":85,"column":85}},"85":{"start":{"line":86,"column":0},"end":{"line":86,"column":5}},"86":{"start":{"line":87,"column":0},"end":{"line":87,"column":3}},"88":{"start":{"line":89,"column":0},"end":{"line":89,"column":64}},"89":{"start":{"line":90,"column":0},"end":{"line":90,"column":9}},"91":{"start":{"line":92,"column":0},"end":{"line":92,"column":72}},"92":{"start":{"line":93,"column":0},"end":{"line":93,"column":43}},"93":{"start":{"line":94,"column":0},"end":{"line":94,"column":22}},"94":{"start":{"line":95,"column":0},"end":{"line":95,"column":26}},"95":{"start":{"line":96,"column":0},"end":{"line":96,"column":34}},"96":{"start":{"line":97,"column":0},"end":{"line":97,"column":34}},"97":{"start":{"line":98,"column":0},"end":{"line":98,"column":20}},"98":{"start":{"line":99,"column":0},"end":{"line":99,"column":131}},"99":{"start":{"line":100,"column":0},"end":{"line":100,"column":107}},"100":{"start":{"line":101,"column":0},"end":{"line":101,"column":109}},"101":{"start":{"line":102,"column":0},"end":{"line":102,"column":9}},"102":{"start":{"line":103,"column":0},"end":{"line":103,"column":9}},"103":{"start":{"line":104,"column":0},"end":{"line":104,"column":21}},"105":{"start":{"line":106,"column":0},"end":{"line":106,"column":46}},"106":{"start":{"line":107,"column":0},"end":{"line":107,"column":17}},"107":{"start":{"line":108,"column":0},"end":{"line":108,"column":7}},"108":{"start":{"line":109,"column":0},"end":{"line":109,"column":76}},"109":{"start":{"line":110,"column":0},"end":{"line":110,"column":5}},"110":{"start":{"line":111,"column":0},"end":{"line":111,"column":3}},"112":{"start":{"line":113,"column":0},"end":{"line":113,"column":70}},"113":{"start":{"line":114,"column":0},"end":{"line":114,"column":18}},"114":{"start":{"line":115,"column":0},"end":{"line":115,"column":21}},"115":{"start":{"line":116,"column":0},"end":{"line":116,"column":21}},"116":{"start":{"line":117,"column":0},"end":{"line":117,"column":13}},"117":{"start":{"line":118,"column":0},"end":{"line":118,"column":12}},"118":{"start":{"line":119,"column":0},"end":{"line":119,"column":5}},"120":{"start":{"line":121,"column":0},"end":{"line":121,"column":45}},"121":{"start":{"line":122,"column":0},"end":{"line":122,"column":40}},"122":{"start":{"line":123,"column":0},"end":{"line":123,"column":5}},"125":{"start":{"line":126,"column":0},"end":{"line":126,"column":29}},"126":{"start":{"line":127,"column":0},"end":{"line":127,"column":33}},"127":{"start":{"line":128,"column":0},"end":{"line":128,"column":23}},"129":{"start":{"line":130,"column":0},"end":{"line":130,"column":15}},"130":{"start":{"line":131,"column":0},"end":{"line":131,"column":23}},"131":{"start":{"line":132,"column":0},"end":{"line":132,"column":67}},"132":{"start":{"line":133,"column":0},"end":{"line":133,"column":15}},"133":{"start":{"line":134,"column":0},"end":{"line":134,"column":24}},"134":{"start":{"line":135,"column":0},"end":{"line":135,"column":51}},"135":{"start":{"line":136,"column":0},"end":{"line":136,"column":15}},"136":{"start":{"line":137,"column":0},"end":{"line":137,"column":23}},"137":{"start":{"line":138,"column":0},"end":{"line":138,"column":67}},"138":{"start":{"line":139,"column":0},"end":{"line":139,"column":15}},"139":{"start":{"line":140,"column":0},"end":{"line":140,"column":23}},"140":{"start":{"line":141,"column":0},"end":{"line":141,"column":67}},"141":{"start":{"line":142,"column":0},"end":{"line":142,"column":15}},"142":{"start":{"line":143,"column":0},"end":{"line":143,"column":16}},"143":{"start":{"line":144,"column":0},"end":{"line":144,"column":67}},"144":{"start":{"line":145,"column":0},"end":{"line":145,"column":7}},"145":{"start":{"line":146,"column":0},"end":{"line":146,"column":5}},"147":{"start":{"line":148,"column":0},"end":{"line":148,"column":47}},"148":{"start":{"line":149,"column":0},"end":{"line":149,"column":21}},"149":{"start":{"line":150,"column":0},"end":{"line":150,"column":14}},"150":{"start":{"line":151,"column":0},"end":{"line":151,"column":32}},"151":{"start":{"line":152,"column":0},"end":{"line":152,"column":6}},"153":{"start":{"line":154,"column":0},"end":{"line":154,"column":23}},"154":{"start":{"line":155,"column":0},"end":{"line":155,"column":72}},"155":{"start":{"line":156,"column":0},"end":{"line":156,"column":5}},"157":{"start":{"line":158,"column":0},"end":{"line":158,"column":38}},"159":{"start":{"line":160,"column":0},"end":{"line":160,"column":21}},"160":{"start":{"line":161,"column":0},"end":{"line":161,"column":52}},"161":{"start":{"line":162,"column":0},"end":{"line":162,"column":34}},"162":{"start":{"line":163,"column":0},"end":{"line":163,"column":34}},"163":{"start":{"line":164,"column":0},"end":{"line":164,"column":17}},"164":{"start":{"line":165,"column":0},"end":{"line":165,"column":5}},"166":{"start":{"line":167,"column":0},"end":{"line":167,"column":22}},"167":{"start":{"line":168,"column":0},"end":{"line":168,"column":3}},"169":{"start":{"line":170,"column":0},"end":{"line":170,"column":76}},"170":{"start":{"line":171,"column":0},"end":{"line":171,"column":12}},"171":{"start":{"line":172,"column":0},"end":{"line":172,"column":36}},"172":{"start":{"line":173,"column":0},"end":{"line":173,"column":69}},"173":{"start":{"line":174,"column":0},"end":{"line":174,"column":40}},"174":{"start":{"line":175,"column":0},"end":{"line":175,"column":32}},"175":{"start":{"line":176,"column":0},"end":{"line":176,"column":94}},"176":{"start":{"line":177,"column":0},"end":{"line":177,"column":118}},"177":{"start":{"line":178,"column":0},"end":{"line":178,"column":112}},"178":{"start":{"line":179,"column":0},"end":{"line":179,"column":94}},"179":{"start":{"line":180,"column":0},"end":{"line":180,"column":118}},"180":{"start":{"line":181,"column":0},"end":{"line":181,"column":56}},"181":{"start":{"line":182,"column":0},"end":{"line":182,"column":41}},"182":{"start":{"line":183,"column":0},"end":{"line":183,"column":5}},"183":{"start":{"line":184,"column":0},"end":{"line":184,"column":3}},"185":{"start":{"line":186,"column":0},"end":{"line":186,"column":40}},"186":{"start":{"line":187,"column":0},"end":{"line":187,"column":31}},"187":{"start":{"line":188,"column":0},"end":{"line":188,"column":21}},"188":{"start":{"line":189,"column":0},"end":{"line":189,"column":40}},"189":{"start":{"line":190,"column":0},"end":{"line":190,"column":21}},"190":{"start":{"line":191,"column":0},"end":{"line":191,"column":54}},"191":{"start":{"line":192,"column":0},"end":{"line":192,"column":22}},"192":{"start":{"line":193,"column":0},"end":{"line":193,"column":40}},"193":{"start":{"line":194,"column":0},"end":{"line":194,"column":21}},"194":{"start":{"line":195,"column":0},"end":{"line":195,"column":40}},"195":{"start":{"line":196,"column":0},"end":{"line":196,"column":21}},"196":{"start":{"line":197,"column":0},"end":{"line":197,"column":40}},"197":{"start":{"line":198,"column":0},"end":{"line":198,"column":14}},"198":{"start":{"line":199,"column":0},"end":{"line":199,"column":40}},"199":{"start":{"line":200,"column":0},"end":{"line":200,"column":5}},"200":{"start":{"line":201,"column":0},"end":{"line":201,"column":3}},"202":{"start":{"line":203,"column":0},"end":{"line":203,"column":44}},"203":{"start":{"line":204,"column":0},"end":{"line":204,"column":31}},"204":{"start":{"line":205,"column":0},"end":{"line":205,"column":21}},"205":{"start":{"line":206,"column":0},"end":{"line":206,"column":40}},"206":{"start":{"line":207,"column":0},"end":{"line":207,"column":21}},"207":{"start":{"line":208,"column":0},"end":{"line":208,"column":48}},"208":{"start":{"line":209,"column":0},"end":{"line":209,"column":22}},"209":{"start":{"line":210,"column":0},"end":{"line":210,"column":40}},"210":{"start":{"line":211,"column":0},"end":{"line":211,"column":21}},"211":{"start":{"line":212,"column":0},"end":{"line":212,"column":40}},"212":{"start":{"line":213,"column":0},"end":{"line":213,"column":21}},"213":{"start":{"line":214,"column":0},"end":{"line":214,"column":40}},"214":{"start":{"line":215,"column":0},"end":{"line":215,"column":14}},"215":{"start":{"line":216,"column":0},"end":{"line":216,"column":40}},"216":{"start":{"line":217,"column":0},"end":{"line":217,"column":5}},"217":{"start":{"line":218,"column":0},"end":{"line":218,"column":3}},"219":{"start":{"line":220,"column":0},"end":{"line":220,"column":44}},"220":{"start":{"line":221,"column":0},"end":{"line":221,"column":39}},"221":{"start":{"line":222,"column":0},"end":{"line":222,"column":37}},"223":{"start":{"line":224,"column":0},"end":{"line":224,"column":31}},"224":{"start":{"line":225,"column":0},"end":{"line":225,"column":21}},"225":{"start":{"line":226,"column":0},"end":{"line":226,"column":93}},"226":{"start":{"line":227,"column":0},"end":{"line":227,"column":21}},"227":{"start":{"line":228,"column":0},"end":{"line":228,"column":86}},"228":{"start":{"line":229,"column":0},"end":{"line":229,"column":21}},"229":{"start":{"line":230,"column":0},"end":{"line":230,"column":62}},"230":{"start":{"line":231,"column":0},"end":{"line":231,"column":22}},"231":{"start":{"line":232,"column":0},"end":{"line":232,"column":74}},"232":{"start":{"line":233,"column":0},"end":{"line":233,"column":21}},"233":{"start":{"line":234,"column":0},"end":{"line":234,"column":67}},"234":{"start":{"line":235,"column":0},"end":{"line":235,"column":14}},"235":{"start":{"line":236,"column":0},"end":{"line":236,"column":73}},"236":{"start":{"line":237,"column":0},"end":{"line":237,"column":5}},"237":{"start":{"line":238,"column":0},"end":{"line":238,"column":3}},"239":{"start":{"line":240,"column":0},"end":{"line":240,"column":43}},"241":{"start":{"line":242,"column":0},"end":{"line":242,"column":99}},"242":{"start":{"line":243,"column":0},"end":{"line":243,"column":3}},"244":{"start":{"line":245,"column":0},"end":{"line":245,"column":49}},"245":{"start":{"line":246,"column":0},"end":{"line":246,"column":22}},"246":{"start":{"line":247,"column":0},"end":{"line":247,"column":31}},"247":{"start":{"line":248,"column":0},"end":{"line":248,"column":32}},"248":{"start":{"line":249,"column":0},"end":{"line":249,"column":32}},"249":{"start":{"line":250,"column":0},"end":{"line":250,"column":35}},"250":{"start":{"line":251,"column":0},"end":{"line":251,"column":30}},"251":{"start":{"line":252,"column":0},"end":{"line":252,"column":27}},"252":{"start":{"line":253,"column":0},"end":{"line":253,"column":36}},"253":{"start":{"line":254,"column":0},"end":{"line":254,"column":29}},"254":{"start":{"line":255,"column":0},"end":{"line":255,"column":41}},"255":{"start":{"line":256,"column":0},"end":{"line":256,"column":40}},"256":{"start":{"line":257,"column":0},"end":{"line":257,"column":43}},"257":{"start":{"line":258,"column":0},"end":{"line":258,"column":38}},"258":{"start":{"line":259,"column":0},"end":{"line":259,"column":32}},"259":{"start":{"line":260,"column":0},"end":{"line":260,"column":5}},"260":{"start":{"line":261,"column":0},"end":{"line":261,"column":3}},"262":{"start":{"line":263,"column":0},"end":{"line":263,"column":54}},"263":{"start":{"line":264,"column":0},"end":{"line":264,"column":22}},"264":{"start":{"line":265,"column":0},"end":{"line":265,"column":34}},"265":{"start":{"line":266,"column":0},"end":{"line":266,"column":40}},"266":{"start":{"line":267,"column":0},"end":{"line":267,"column":35}},"267":{"start":{"line":268,"column":0},"end":{"line":268,"column":38}},"268":{"start":{"line":269,"column":0},"end":{"line":269,"column":38}},"269":{"start":{"line":270,"column":0},"end":{"line":270,"column":33}},"270":{"start":{"line":271,"column":0},"end":{"line":271,"column":41}},"271":{"start":{"line":272,"column":0},"end":{"line":272,"column":35}},"272":{"start":{"line":273,"column":0},"end":{"line":273,"column":38}},"273":{"start":{"line":274,"column":0},"end":{"line":274,"column":38}},"274":{"start":{"line":275,"column":0},"end":{"line":275,"column":35}},"275":{"start":{"line":276,"column":0},"end":{"line":276,"column":5}},"276":{"start":{"line":277,"column":0},"end":{"line":277,"column":3}},"278":{"start":{"line":279,"column":0},"end":{"line":279,"column":54}},"279":{"start":{"line":280,"column":0},"end":{"line":280,"column":79}},"280":{"start":{"line":281,"column":0},"end":{"line":281,"column":3}},"282":{"start":{"line":283,"column":0},"end":{"line":283,"column":62}},"283":{"start":{"line":284,"column":0},"end":{"line":284,"column":36}},"284":{"start":{"line":285,"column":0},"end":{"line":285,"column":18}},"285":{"start":{"line":286,"column":0},"end":{"line":286,"column":5}},"287":{"start":{"line":288,"column":0},"end":{"line":288,"column":65}},"288":{"start":{"line":289,"column":0},"end":{"line":289,"column":36}},"289":{"start":{"line":290,"column":0},"end":{"line":290,"column":30}},"290":{"start":{"line":291,"column":0},"end":{"line":291,"column":19}},"291":{"start":{"line":292,"column":0},"end":{"line":292,"column":3}},"292":{"start":{"line":293,"column":0},"end":{"line":293,"column":1}}},"s":{"0":1,"14":1,"15":1,"16":56,"18":1,"19":56,"20":56,"21":56,"23":1,"24":14,"25":14,"26":14,"27":14,"28":14,"29":14,"30":14,"32":11,"33":11,"34":14,"35":14,"36":1,"37":1,"38":14,"39":1,"40":1,"41":14,"42":14,"43":3,"44":3,"45":14,"47":1,"48":2,"49":2,"50":2,"51":2,"52":2,"53":2,"54":2,"56":2,"57":2,"58":2,"59":2,"60":0,"61":0,"62":2,"63":0,"64":0,"65":2,"66":2,"67":0,"68":0,"69":2,"71":1,"72":4,"74":4,"75":4,"76":4,"77":4,"78":2,"79":2,"81":2,"82":1,"83":1,"84":1,"85":1,"86":4,"88":1,"89":3,"91":3,"92":1,"93":2,"94":2,"95":2,"96":2,"97":2,"98":2,"99":2,"100":2,"101":2,"102":1,"103":3,"105":2,"106":1,"107":1,"108":1,"109":1,"110":3,"112":1,"113":23,"114":23,"115":23,"116":23,"117":23,"118":23,"120":23,"121":23,"122":23,"125":23,"126":23,"127":23,"129":21,"130":23,"131":1,"132":1,"133":23,"134":1,"135":1,"136":23,"137":0,"138":0,"139":23,"140":0,"141":0,"142":23,"143":0,"144":23,"145":23,"147":23,"148":23,"149":23,"150":23,"151":23,"153":23,"154":1,"155":1,"157":21,"159":23,"160":5,"161":5,"162":5,"163":5,"164":5,"166":16,"167":23,"169":1,"170":20,"171":20,"172":20,"173":20,"174":20,"175":20,"176":20,"177":20,"178":20,"179":20,"180":20,"181":20,"182":20,"183":20,"185":1,"186":16,"187":16,"188":12,"189":16,"190":2,"191":16,"192":2,"193":16,"194":0,"195":16,"196":0,"197":16,"198":0,"199":16,"200":16,"202":1,"203":4,"204":4,"205":2,"206":4,"207":1,"208":4,"209":1,"210":4,"211":0,"212":4,"213":0,"214":4,"215":0,"216":4,"217":4,"219":1,"220":19,"221":19,"223":19,"224":19,"225":10,"226":19,"227":3,"228":19,"229":1,"230":19,"231":2,"232":19,"233":1,"234":19,"235":2,"236":19,"237":19,"239":1,"241":20,"242":20,"244":1,"245":10,"246":10,"247":10,"248":10,"249":10,"250":10,"251":10,"252":10,"253":10,"254":10,"255":10,"256":10,"257":10,"258":10,"259":10,"260":10,"262":1,"263":3,"264":3,"265":3,"266":3,"267":3,"268":3,"269":3,"270":3,"271":3,"272":3,"273":3,"274":3,"275":3,"276":3,"278":1,"279":7,"280":7,"282":1,"283":5,"284":3,"285":3,"287":2,"288":2,"289":5,"290":5,"291":5,"292":1},"branchMap":{"0":{"type":"branch","line":16,"loc":{"start":{"line":16,"column":10},"end":{"line":17,"column":24}},"locations":[{"start":{"line":16,"column":10},"end":{"line":17,"column":24}}]},"1":{"type":"branch","line":19,"loc":{"start":{"line":19,"column":2},"end":{"line":22,"column":3}},"locations":[{"start":{"line":19,"column":2},"end":{"line":22,"column":3}}]},"2":{"type":"branch","line":21,"loc":{"start":{"line":21,"column":25},"end":{"line":21,"column":70}},"locations":[{"start":{"line":21,"column":25},"end":{"line":21,"column":70}}]},"3":{"type":"branch","line":24,"loc":{"start":{"line":24,"column":2},"end":{"line":46,"column":3}},"locations":[{"start":{"line":24,"column":2},"end":{"line":46,"column":3}}]},"4":{"type":"branch","line":30,"loc":{"start":{"line":30,"column":8},"end":{"line":30,"column":21}},"locations":[{"start":{"line":30,"column":8},"end":{"line":30,"column":21}}]},"5":{"type":"branch","line":31,"loc":{"start":{"line":31,"column":7},"end":{"line":35,"column":41}},"locations":[{"start":{"line":31,"column":7},"end":{"line":35,"column":41}}]},"6":{"type":"branch","line":35,"loc":{"start":{"line":35,"column":24},"end":{"line":35,"column":46}},"locations":[{"start":{"line":35,"column":24},"end":{"line":35,"column":46}}]},"7":{"type":"branch","line":36,"loc":{"start":{"line":36,"column":13},"end":{"line":38,"column":5}},"locations":[{"start":{"line":36,"column":13},"end":{"line":38,"column":5}}]},"8":{"type":"branch","line":39,"loc":{"start":{"line":39,"column":13},"end":{"line":41,"column":4}},"locations":[{"start":{"line":39,"column":13},"end":{"line":41,"column":4}}]},"9":{"type":"branch","line":43,"loc":{"start":{"line":43,"column":4},"end":{"line":45,"column":5}},"locations":[{"start":{"line":43,"column":4},"end":{"line":45,"column":5}}]},"10":{"type":"branch","line":48,"loc":{"start":{"line":48,"column":2},"end":{"line":70,"column":3}},"locations":[{"start":{"line":48,"column":2},"end":{"line":70,"column":3}}]},"11":{"type":"branch","line":59,"loc":{"start":{"line":59,"column":24},"end":{"line":59,"column":46}},"locations":[{"start":{"line":59,"column":24},"end":{"line":59,"column":46}}]},"12":{"type":"branch","line":60,"loc":{"start":{"line":60,"column":13},"end":{"line":62,"column":5}},"locations":[{"start":{"line":60,"column":13},"end":{"line":62,"column":5}}]},"13":{"type":"branch","line":63,"loc":{"start":{"line":63,"column":13},"end":{"line":65,"column":4}},"locations":[{"start":{"line":63,"column":13},"end":{"line":65,"column":4}}]},"14":{"type":"branch","line":67,"loc":{"start":{"line":67,"column":4},"end":{"line":69,"column":5}},"locations":[{"start":{"line":67,"column":4},"end":{"line":69,"column":5}}]},"15":{"type":"branch","line":72,"loc":{"start":{"line":72,"column":2},"end":{"line":87,"column":3}},"locations":[{"start":{"line":72,"column":2},"end":{"line":87,"column":3}}]},"16":{"type":"branch","line":78,"loc":{"start":{"line":78,"column":7},"end":{"line":86,"column":5}},"locations":[{"start":{"line":78,"column":7},"end":{"line":86,"column":5}}]},"17":{"type":"branch","line":82,"loc":{"start":{"line":82,"column":45},"end":{"line":86,"column":5}},"locations":[{"start":{"line":82,"column":45},"end":{"line":86,"column":5}}]},"18":{"type":"branch","line":89,"loc":{"start":{"line":89,"column":2},"end":{"line":111,"column":3}},"locations":[{"start":{"line":89,"column":2},"end":{"line":111,"column":3}}]},"19":{"type":"branch","line":92,"loc":{"start":{"line":92,"column":71},"end":{"line":104,"column":13}},"locations":[{"start":{"line":92,"column":71},"end":{"line":104,"column":13}}]},"20":{"type":"branch","line":104,"loc":{"start":{"line":104,"column":4},"end":{"line":110,"column":5}},"locations":[{"start":{"line":104,"column":4},"end":{"line":110,"column":5}}]},"21":{"type":"branch","line":106,"loc":{"start":{"line":106,"column":45},"end":{"line":110,"column":5}},"locations":[{"start":{"line":106,"column":45},"end":{"line":110,"column":5}}]},"22":{"type":"branch","line":93,"loc":{"start":{"line":93,"column":24},"end":{"line":103,"column":8}},"locations":[{"start":{"line":93,"column":24},"end":{"line":103,"column":8}}]},"23":{"type":"branch","line":97,"loc":{"start":{"line":97,"column":22},"end":{"line":97,"column":34}},"locations":[{"start":{"line":97,"column":22},"end":{"line":97,"column":34}}]},"24":{"type":"branch","line":99,"loc":{"start":{"line":99,"column":50},"end":{"line":99,"column":121}},"locations":[{"start":{"line":99,"column":50},"end":{"line":99,"column":121}}]},"25":{"type":"branch","line":99,"loc":{"start":{"line":99,"column":117},"end":{"line":99,"column":131}},"locations":[{"start":{"line":99,"column":117},"end":{"line":99,"column":131}}]},"26":{"type":"branch","line":100,"loc":{"start":{"line":100,"column":42},"end":{"line":100,"column":97}},"locations":[{"start":{"line":100,"column":42},"end":{"line":100,"column":97}}]},"27":{"type":"branch","line":100,"loc":{"start":{"line":100,"column":93},"end":{"line":100,"column":107}},"locations":[{"start":{"line":100,"column":93},"end":{"line":100,"column":107}}]},"28":{"type":"branch","line":101,"loc":{"start":{"line":101,"column":43},"end":{"line":101,"column":100}},"locations":[{"start":{"line":101,"column":43},"end":{"line":101,"column":100}}]},"29":{"type":"branch","line":101,"loc":{"start":{"line":101,"column":96},"end":{"line":101,"column":109}},"locations":[{"start":{"line":101,"column":96},"end":{"line":101,"column":109}}]},"30":{"type":"branch","line":113,"loc":{"start":{"line":113,"column":2},"end":{"line":168,"column":3}},"locations":[{"start":{"line":113,"column":2},"end":{"line":168,"column":3}}]},"31":{"type":"branch","line":128,"loc":{"start":{"line":128,"column":8},"end":{"line":130,"column":15}},"locations":[{"start":{"line":128,"column":8},"end":{"line":130,"column":15}}]},"32":{"type":"branch","line":131,"loc":{"start":{"line":131,"column":8},"end":{"line":133,"column":15}},"locations":[{"start":{"line":131,"column":8},"end":{"line":133,"column":15}}]},"33":{"type":"branch","line":134,"loc":{"start":{"line":134,"column":8},"end":{"line":136,"column":15}},"locations":[{"start":{"line":134,"column":8},"end":{"line":136,"column":15}}]},"34":{"type":"branch","line":137,"loc":{"start":{"line":137,"column":8},"end":{"line":139,"column":15}},"locations":[{"start":{"line":137,"column":8},"end":{"line":139,"column":15}}]},"35":{"type":"branch","line":140,"loc":{"start":{"line":140,"column":8},"end":{"line":142,"column":15}},"locations":[{"start":{"line":140,"column":8},"end":{"line":142,"column":15}}]},"36":{"type":"branch","line":143,"loc":{"start":{"line":143,"column":8},"end":{"line":144,"column":67}},"locations":[{"start":{"line":143,"column":8},"end":{"line":144,"column":67}}]},"37":{"type":"branch","line":152,"loc":{"start":{"line":152,"column":5},"end":{"line":154,"column":22}},"locations":[{"start":{"line":152,"column":5},"end":{"line":154,"column":22}}]},"38":{"type":"branch","line":154,"loc":{"start":{"line":154,"column":22},"end":{"line":156,"column":5}},"locations":[{"start":{"line":154,"column":22},"end":{"line":156,"column":5}}]},"39":{"type":"branch","line":156,"loc":{"start":{"line":156,"column":4},"end":{"line":160,"column":20}},"locations":[{"start":{"line":156,"column":4},"end":{"line":160,"column":20}}]},"40":{"type":"branch","line":160,"loc":{"start":{"line":160,"column":20},"end":{"line":165,"column":5}},"locations":[{"start":{"line":160,"column":20},"end":{"line":165,"column":5}}]},"41":{"type":"branch","line":165,"loc":{"start":{"line":165,"column":4},"end":{"line":167,"column":22}},"locations":[{"start":{"line":165,"column":4},"end":{"line":167,"column":22}}]},"42":{"type":"branch","line":170,"loc":{"start":{"line":170,"column":10},"end":{"line":184,"column":3}},"locations":[{"start":{"line":170,"column":10},"end":{"line":184,"column":3}}]},"43":{"type":"branch","line":172,"loc":{"start":{"line":172,"column":21},"end":{"line":172,"column":36}},"locations":[{"start":{"line":172,"column":21},"end":{"line":172,"column":36}}]},"44":{"type":"branch","line":173,"loc":{"start":{"line":173,"column":20},"end":{"line":173,"column":63}},"locations":[{"start":{"line":173,"column":20},"end":{"line":173,"column":63}}]},"45":{"type":"branch","line":173,"loc":{"start":{"line":173,"column":59},"end":{"line":173,"column":69}},"locations":[{"start":{"line":173,"column":59},"end":{"line":173,"column":69}}]},"46":{"type":"branch","line":174,"loc":{"start":{"line":174,"column":23},"end":{"line":174,"column":40}},"locations":[{"start":{"line":174,"column":23},"end":{"line":174,"column":40}}]},"47":{"type":"branch","line":176,"loc":{"start":{"line":176,"column":27},"end":{"line":176,"column":84}},"locations":[{"start":{"line":176,"column":27},"end":{"line":176,"column":84}}]},"48":{"type":"branch","line":176,"loc":{"start":{"line":176,"column":80},"end":{"line":176,"column":94}},"locations":[{"start":{"line":176,"column":80},"end":{"line":176,"column":94}}]},"49":{"type":"branch","line":177,"loc":{"start":{"line":177,"column":35},"end":{"line":177,"column":108}},"locations":[{"start":{"line":177,"column":35},"end":{"line":177,"column":108}}]},"50":{"type":"branch","line":177,"loc":{"start":{"line":177,"column":104},"end":{"line":177,"column":118}},"locations":[{"start":{"line":177,"column":104},"end":{"line":177,"column":118}}]},"51":{"type":"branch","line":178,"loc":{"start":{"line":178,"column":33},"end":{"line":178,"column":102}},"locations":[{"start":{"line":178,"column":33},"end":{"line":178,"column":102}}]},"52":{"type":"branch","line":178,"loc":{"start":{"line":178,"column":98},"end":{"line":178,"column":112}},"locations":[{"start":{"line":178,"column":98},"end":{"line":178,"column":112}}]},"53":{"type":"branch","line":179,"loc":{"start":{"line":179,"column":27},"end":{"line":179,"column":84}},"locations":[{"start":{"line":179,"column":27},"end":{"line":179,"column":84}}]},"54":{"type":"branch","line":179,"loc":{"start":{"line":179,"column":80},"end":{"line":179,"column":94}},"locations":[{"start":{"line":179,"column":80},"end
[...]
ine":195,"column":41}},"locations":[{"start":{"line":195,"column":13},"end":{"line":195,"column":41}}]},"82":{"type":"branch","line":195,"loc":{"start":{"line":195,"column":23},"end":{"line":195,"column":64}},"locations":[{"start":{"line":195,"column":23},"end":{"line":195,"column":64}}]},"83":{"type":"branch","line":195,"loc":{"start":{"line":195,"column":64},"end":{"line":215,"column":3}},"locations":[{"start":{"line":195,"column":64},"end":{"line":215,"column":3}}]},"84":{"type":"branch","line":196,"loc":{"start":{"line":196,"column":90},"end":{"line":198,"column":11}},"locations":[{"start":{"line":196,"column":90},"end":{"line":198,"column":11}}]},"85":{"type":"branch","line":207,"loc":{"start":{"line":207,"column":84},"end":{"line":209,"column":7}},"locations":[{"start":{"line":207,"column":84},"end":{"line":209,"column":7}}]},"86":{"type":"branch","line":211,"loc":{"start":{"line":211,"column":48},"end":{"line":213,"column":7}},"locations":[{"start":{"line":211,"column":48},"end":{"line":213,"column":7}}]},"87":{"type":"branch","line":215,"loc":{"start":{"line":215,"column":2},"end":{"line":222,"column":1}},"locations":[{"start":{"line":215,"column":2},"end":{"line":222,"column":1}}]},"88":{"type":"branch","line":200,"loc":{"start":{"line":200,"column":46},"end":{"line":204,"column":7}},"locations":[{"start":{"line":200,"column":46},"end":{"line":204,"column":7}}]},"89":{"type":"branch","line":201,"loc":{"start":{"line":201,"column":39},"end":{"line":203,"column":9}},"locations":[{"start":{"line":201,"column":39},"end":{"line":203,"column":9}}]},"90":{"type":"branch","line":224,"loc":{"start":{"line":224,"column":7},"end":{"line":276,"column":1}},"locations":[{"start":{"line":224,"column":7},"end":{"line":276,"column":1}}]},"91":{"type":"branch","line":229,"loc":{"start":{"line":229,"column":7},"end":{"line":229,"column":37}},"locations":[{"start":{"line":229,"column":7},"end":{"line":229,"column":37}}]},"92":{"type":"branch","line":229,"loc":{"start":{"line":229,"column":37},"end":{"line":235,"column":3}},"locations":[{"start":{"line":229,"column":37},"end":{"line":235,"column":3}}]},"93":{"type":"branch","line":235,"loc":{"start":{"line":235,"column":2},"end":{"line":238,"column":14}},"locations":[{"start":{"line":235,"column":2},"end":{"line":238,"column":14}}]},"94":{"type":"branch","line":238,"loc":{"start":{"line":238,"column":14},"end":{"line":240,"column":13}},"locations":[{"start":{"line":238,"column":14},"end":{"line":240,"column":13}}]},"95":{"type":"branch","line":240,"loc":{"start":{"line":240,"column":2},"end":{"line":242,"column":3}},"locations":[{"start":{"line":240,"column":2},"end":{"line":242,"column":3}}]},"96":{"type":"branch","line":240,"loc":{"start":{"line":240,"column":37},"end":{"line":242,"column":3}},"locations":[{"start":{"line":240,"column":37},"end":{"line":242,"column":3}}]},"97":{"type":"branch","line":242,"loc":{"start":{"line":242,"column":2},"end":{"line":245,"column":32}},"locations":[{"start":{"line":242,"column":2},"end":{"line":245,"column":32}}]},"98":{"type":"branch","line":245,"loc":{"start":{"line":245,"column":19},"end":{"line":245,"column":47}},"locations":[{"start":{"line":245,"column":19},"end":{"line":245,"column":47}}]},"99":{"type":"branch","line":245,"loc":{"start":{"line":245,"column":47},"end":{"line":247,"column":3}},"locations":[{"start":{"line":245,"column":47},"end":{"line":247,"column":3}}]},"100":{"type":"branch","line":247,"loc":{"start":{"line":247,"column":2},"end":{"line":250,"column":17}},"locations":[{"start":{"line":247,"column":2},"end":{"line":250,"column":17}}]},"101":{"type":"branch","line":250,"loc":{"start":{"line":250,"column":9},"end":{"line":250,"column":39}},"locations":[{"start":{"line":250,"column":9},"end":{"line":250,"column":39}}]},"102":{"type":"branch","line":250,"loc":{"start":{"line":250,"column":39},"end":{"line":252,"column":3}},"locations":[{"start":{"line":250,"column":39},"end":{"line":252,"column":3}}]},"103":{"type":"branch","line":252,"loc":{"start":{"line":252,"column":2},"end":{"line":255,"column":30}},"locations":[{"start":{"line":252,"column":2},"end":{"line":255,"column":30}}]},"104":{"type":"branch","line":255,"loc":{"start":{"line":255,"column":17},"end":{"line":255,"column":44}},"locations":[{"start":{"line":255,"column":17},"end":{"line":255,"column":44}}]},"105":{"type":"branch","line":255,"loc":{"start":{"line":255,"column":44},"end":{"line":257,"column":3}},"locations":[{"start":{"line":255,"column":44},"end":{"line":257,"column":3}}]},"106":{"type":"branch","line":257,"loc":{"start":{"line":257,"column":2},"end":{"line":260,"column":22}},"locations":[{"start":{"line":257,"column":2},"end":{"line":260,"column":22}}]},"107":{"type":"branch","line":260,"loc":{"start":{"line":260,"column":9},"end":{"line":260,"column":67}},"locations":[{"start":{"line":260,"column":9},"end":{"line":260,"column":67}}]},"108":{"type":"branch","line":260,"loc":{"start":{"line":260,"column":25},"end":{"line":260,"column":67}},"locations":[{"start":{"line":260,"column":25},"end":{"line":260,"column":67}}]},"109":{"type":"branch","line":260,"loc":{"start":{"line":260,"column":67},"end":{"line":262,"column":3}},"locations":[{"start":{"line":260,"column":67},"end":{"line":262,"column":3}}]},"110":{"type":"branch","line":262,"loc":{"start":{"line":262,"column":2},"end":{"line":265,"column":39}},"locations":[{"start":{"line":262,"column":2},"end":{"line":265,"column":39}}]},"111":{"type":"branch","line":265,"loc":{"start":{"line":265,"column":26},"end":{"line":265,"column":78}},"locations":[{"start":{"line":265,"column":26},"end":{"line":265,"column":78}}]},"112":{"type":"branch","line":265,"loc":{"start":{"line":265,"column":78},"end":{"line":269,"column":3}},"locations":[{"start":{"line":265,"column":78},"end":{"line":269,"column":3}}]},"113":{"type":"branch","line":266,"loc":{"start":{"line":266,"column":51},"end":{"line":268,"column":5}},"locations":[{"start":{"line":266,"column":51},"end":{"line":268,"column":5}}]},"114":{"type":"branch","line":269,"loc":{"start":{"line":269,"column":2},"end":{"line":276,"column":1}},"locations":[{"start":{"line":269,"column":2},"end":{"line":276,"column":1}}]},"115":{"type":"branch","line":278,"loc":{"start":{"line":278,"column":7},"end":{"line":333,"column":1}},"locations":[{"start":{"line":278,"column":7},"end":{"line":333,"column":1}}]},"116":{"type":"branch","line":283,"loc":{"start":{"line":283,"column":7},"end":{"line":283,"column":53}},"locations":[{"start":{"line":283,"column":7},"end":{"line":283,"column":53}}]},"117":{"type":"branch","line":283,"loc":{"start":{"line":283,"column":53},"end":{"line":289,"column":3}},"locations":[{"start":{"line":283,"column":53},"end":{"line":289,"column":3}}]},"118":{"type":"branch","line":289,"loc":{"start":{"line":289,"column":2},"end":{"line":292,"column":24}},"locations":[{"start":{"line":289,"column":2},"end":{"line":292,"column":24}}]},"119":{"type":"branch","line":292,"loc":{"start":{"line":292,"column":18},"end":{"line":292,"column":53}},"locations":[{"start":{"line":292,"column":18},"end":{"line":292,"column":53}}]},"120":{"type":"branch","line":292,"loc":{"start":{"line":292,"column":53},"end":{"line":294,"column":3}},"locations":[{"start":{"line":292,"column":53},"end":{"line":294,"column":3}}]},"121":{"type":"branch","line":294,"loc":{"start":{"line":294,"column":2},"end":{"line":297,"column":66}},"locations":[{"start":{"line":294,"column":2},"end":{"line":297,"column":66}}]},"122":{"type":"branch","line":297,"loc":{"start":{"line":297,"column":66},"end":{"line":299,"column":3}},"locations":[{"start":{"line":297,"column":66},"end":{"line":299,"column":3}}]},"123":{"type":"branch","line":299,"loc":{"start":{"line":299,"column":2},"end":{"line":302,"column":70}},"locations":[{"start":{"line":299,"column":2},"end":{"line":302,"column":70}}]},"124":{"type":"branch","line":302,"loc":{"start":{"line":302,"column":70},"end":{"line":304,"column":9}},"locations":[{"start":{"line":302,"column":70},"end":{"line":304,"column":9}}]},"125":{"type":"branch","line":304,"loc":{"start":{"line":304,"column":2},"end":{"line":310,"column":3}},"locations":[{"start":{"line":304,"column":2},"end":{"line":310,"column":3}}]},"126":{"type":"branch","line":310,"loc":{"start":{"line":310,"column":2},"end":{"line":313,"column":54}},"locations":[{"start":{"line":310,"column":2},"end":{"line":313,"column":54}}]},"127":{"type":"branch","line":313,"loc":{"start":{"line":313,"column":54},"end":{"line":315,"column":3}},"locations":[{"start":{"line":313,"column":54},"end":{"line":315,"column":3}}]},"128":{"type":"branch","line":315,"loc":{"start":{"line":315,"column":2},"end":{"line":319,"column":35}},"locations":[{"start":{"line":315,"column":2},"end":{"line":319,"column":35}}]},"129":{"type":"branch","line":319,"loc":{"start":{"line":319,"column":35},"end":{"line":321,"column":3}},"locations":[{"start":{"line":319,"column":35},"end":{"line":321,"column":3}}]},"130":{"type":"branch","line":321,"loc":{"start":{"line":321,"column":2},"end":{"line":324,"column":35}},"locations":[{"start":{"line":321,"column":2},"end":{"line":324,"column":35}}]},"131":{"type":"branch","line":324,"loc":{"start":{"line":324,"column":35},"end":{"line":326,"column":3}},"locations":[{"start":{"line":324,"column":35},"end":{"line":326,"column":3}}]},"132":{"type":"branch","line":326,"loc":{"start":{"line":326,"column":2},"end":{"line":333,"column":1}},"locations":[{"start":{"line":326,"column":2},"end":{"line":333,"column":1}}]},"133":{"type":"branch","line":305,"loc":{"start":{"line":305,"column":35},"end":{"line":309,"column":5}},"locations":[{"start":{"line":305,"column":35},"end":{"line":309,"column":5}}]},"134":{"type":"branch","line":306,"loc":{"start":{"line":306,"column":46},"end":{"line":308,"column":7}},"locations":[{"start":{"line":306,"column":46},"end":{"line":308,"column":7}}]},"135":{"type":"branch","line":335,"loc":{"start":{"line":335,"column":7},"end":{"line":374,"column":1}},"locations":[{"start":{"line":335,"column":7},"end":{"line":374,"column":1}}]},"136":{"type":"branch","line":340,"loc":{"start":{"line":340,"column":7},"end":{"line":340,"column":43}},"locations":[{"start":{"line":340,"column":7},"end":{"line":340,"column":43}}]},"137":{"type":"branch","line":340,"loc":{"start":{"line":340,"column":43},"end":{"line":346,"column":3}},"locations":[{"start":{"line":340,"column":43},"end":{"line":346,"column":3}}]},"138":{"type":"branch","line":346,"loc":{"start":{"line":346,"column":2},"end":{"line":349,"column":52}},"locations":[{"start":{"line":346,"column":2},"end":{"line":349,"column":52}}]},"139":{"type":"branch","line":349,"loc":{"start":{"line":349,"column":52},"end":{"line":351,"column":3}},"locations":[{"start":{"line":349,"column":52},"end":{"line":351,"column":3}}]},"140":{"type":"branch","line":351,"loc":{"start":{"line":351,"column":2},"end":{"line":354,"column":26}},"locations":[{"start":{"line":351,"column":2},"end":{"line":354,"column":26}}]},"141":{"type":"branch","line":354,"loc":{"start":{"line":354,"column":26},"end":{"line":356,"column":3}},"locations":[{"start":{"line":354,"column":26},"end":{"line":356,"column":3}}]},"142":{"type":"branch","line":356,"loc":{"start":{"line":356,"column":2},"end":{"line":359,"column":25}},"locations":[{"start":{"line":356,"column":2},"end":{"line":359,"column":25}}]},"143":{"type":"branch","line":359,"loc":{"start":{"line":359,"column":25},"end":{"line":361,"column":3}},"locations":[{"start":{"line":359,"column":25},"end":{"line":361,"column":3}}]},"144":{"type":"branch","line":361,"loc":{"start":{"line":361,"column":2},"end":{"line":365,"column":29}},"locations":[{"start":{"line":361,"column":2},"end":{"line":365,"column":29}}]},"145":{"type":"branch","line":365,"loc":{"start":{"line":365,"column":29},"end":{"line":367,"column":3}},"locations":[{"start":{"line":365,"column":29},"end":{"line":367,"column":3}}]},"146":{"type":"branch","line":367,"loc":{"start":{"line":367,"column":2},"end":{"line":374,"column":1}},"locations":[{"start":{"line":367,"column":2},"end":{"line":374,"column":1}}]},"147":{"type":"branch","line":376,"loc":{"start":{"line":376,"column":7},"end":{"line":406,"column":1}},"locations":[{"start":{"line":376,"column":7},"end":{"line":406,"column":1}}]},"148":{"type":"branch","line":379,"loc":{"start":{"line":379,"column":31},"end":{"line":387,"column":54}},"locations":[{"start":{"line":379,"column":31},"end":{"line":387,"column":54}}]},"149":{"type":"branch","line":387,"loc":{"start":{"line":387,"column":54},"end":{"line":389,"column":13}},"locations":[{"start":{"line":387,"column":54},"end":{"line":389,"column":13}}]},"150":{"type":"branch","line":389,"loc":{"start":{"line":389,"column":2},"end":{"line":391,"column":3}},"locations":[{"start":{"line":389,"column":2},"end":{"line":391,"column":3}}]},"151":{"type":"branch","line":389,"loc":{"start":{"line":389,"column":50},"end":{"line":391,"column":3}},"locations":[{"start":{"line":389,"column":50},"end":{"line":391,"column":3}}]},"152":{"type":"branch","line":391,"loc":{"start":{"line":391,"column":2},"end":{"line":406,"column":1}},"locations":[{"start":{"line":391,"column":2},"end":{"line":406,"column":1}}]},"153":{"type":"branch","line":395,"loc":{"start":{"line":395,"column":25},"end":{"line":399,"column":3}},"locations":[{"start":{"line":395,"column":25},"end":{"line":399,"column":3}}]},"154":{"type":"branch","line":396,"loc":{"start":{"line":396,"column":60},"end":{"line":398,"column":5}},"locations":[{"start":{"line":396,"column":60},"end":{"line":398,"column":5}}]},"155":{"type":"branch","line":408,"loc":{"start":{"line":408,"column":7},"end":{"line":456,"column":1}},"locations":[{"start":{"line":408,"column":7},"end":{"line":456,"column":1}}]},"156":{"type":"branch","line":413,"loc":{"start":{"line":413,"column":7},"end":{"line":413,"column":50}},"locations":[{"start":{"line":413,"column":7},"end":{"line":413,"column":50}}]},"157":{"type":"branch","line":413,"loc":{"start":{"line":413,"column":50},"end":{"line":416,"column":3}},"locations":[{"start":{"line":413,"column":50},"end":{"line":416,"column":3}}]},"158":{"type":"branch","line":416,"loc":{"start":{"line":416,"column":2},"end":{"line":419,"column":33}},"locations":[{"start":{"line":416,"column":2},"end":{"line":419,"column":33}}]},"159":{"type":"branch","line":419,"loc":{"start":{"line":419,"column":33},"end":{"line":421,"column":3}},"locations":[{"start":{"line":419,"column":33},"end":{"line":421,"column":3}}]},"160":{"type":"branch","line":421,"loc":{"start":{"line":421,"column":2},"end":{"line":447,"column":38}},"locations":[{"start":{"line":421,"column":2},"end":{"line":447,"column":38}}]},"161":{"type":"branch","line":447,"loc":{"start":{"line":447,"column":38},"end":{"line":449,"column":3}},"locations":[{"start":{"line":447,"column":38},"end":{"line":449,"column":3}}]},"162":{"type":"branch","line":449,"loc":{"start":{"line":449,"column":2},"end":{"line":456,"column":1}},"locations":[{"start":{"line":449,"column":2},"end":{"line":456,"column":1}}]},"163":{"type":"branch","line":426,"loc":{"start":{"line":426,"column":23},"end":{"line":444,"column":3}},"locations":[{"start":{"line":426,"column":23},"end":{"line":444,"column":3}}]},"164":{"type":"branch","line":427,"loc":{"start":{"line":427,"column":13},"end":{"line":427,"column":45}},"locations":[{"start":{"line":427,"column":13},"end":{"line":427,"column":45}}]},"165":{"type":"branch","line":427,"loc":{"start":{"line":427,"column":13},"end":{"line":443,"column":5}},"locations":[{"start":{"line":427,"column":13},"end":{"line":443,"column":5}}]},"166":{"type":"branch","line":432,"loc":{"start":{"line":432,"column":32},"end":{"line":434,"column":5}},"locations":[{"start":{"line":432,"column":32},"end":{"line":434,"column":5}}]}},"b":{"0":[1343],"1":[1340],"2":[3],"3":[1340],"4":[262],"5":[259],"6":[3],"7":[259],"8":[13],"9":[10],"10":[3],"11":[10],"12":[26],"13":[4],"14":[3],"15":[1],"16":[3],"17":[2],"18":[1],"19":[28],"20":[24],"21":[4],"22":[24],"23":[2],"24":[22],"25":[2],"26":[24],"27":[3],"28":[21],"29":[2],"30":[24],"31":[22],"32":[2],"33":[22],"34":[3],"35":[24],"36":[21],"37":[4],"38":[17],"39":[2],"40":[24],"41":[18],"42":[1],"43":[24],"44":[17],"45":[0],"46":[1],"47":[24],"48":[19],"49":[18],"50":[2],"51":[24],"52":[19],"53":[2],"54":[24],"55":[17],"56":[1],"57":[24],"58":[17],"59":[0],"60":[24],"61":[17],"62":[1],"63":[24],"64":[20],"65":[16],"66":[4],"67":[16],"68":[2],"69":[16],"70":[1],"71":[15],"72":[2],"73":[16],"74":[1],"75":[15],"76":[3],"77":[1],"78":[14],"79":[2],"80":[16],"81":[14],"82":[4],"83":[4],"84":[0],"85":[1],"86":[0],"87":[16],"88":[7],"89":[1],"90":[1173],"91":[1169],"92":[4],"93":[1169],"94":[1],"95":[1168],"96":[2],"97":[1169],"98":[1168],"99":[1],"100":[1169],"101":[164],"102":[1],"103":[1169],"104":[8],"105":[1],"106":[1169],"107":[2],"108":[1],"109":[1],"110":[1169],"111":[9],"112":[9],"113":[1],"114":[1169],"115":[12],"116":[10],"117":[2],"118":[10],"119":[9],"120":[1],"121":[10],"122":[1],"123":[10],"124":[1],"125":[9],"126":[10],"127":[2],"128":[10],"129":[2],"130":[10],"131":[2],"132":[10],"133":[109],"134":[1],"135":[8],"136":[6],"137":[2],"138":[6],"139":[1],"140":[6],"141":[1],"142":[6],"143":[1],"144":[6],"145":[1],"146":[6],"147":[6],"148":[3],"149":[1],"150":[2],"151":[0],"152":[3],"153":[15],"154":[1],"155":[9],"156":[7],"157":[3],"158":[6],"159":[2],"160":[6],"161":[3],"162":[6],"163":[1159],"164":[1],"165":[1158],"166":[1]},"fnMap":{"0":{"name":"isValidAddress","decl":{"start":{"line":26,"column":7},"end":{"line":29,"column":1}},"loc":{"start":{"line":26,"column":7},"end":{"line":29,"column":1}},"line":26},"1":{"name":"isValidHex","decl":{"start":{"line":31,"column":7},"end":{"line":34,"column":1}},"loc":{"start":{"line":31,"column":7},"end":{"line":34,"column":1}},"line":31},"2":{"name":"isValidSignature","decl":{"start":{"line":36,"column":7},"end":{"line":42,"column":1}},"loc":{"start":{"line":36,"column":7},"end":{"line":42,"column":1}},"line":36},"3":{"name":"isSupportedChain","decl":{"start":{"line":44,"column":7},"end":{"line":47,"column":1}},"loc":{"start":{"line":44,"column":7},"end":{"line":47,"column":1}},"line":44},"4":{"name":"normalizeAddress","decl":{"start":{"line":49,"column":7},"end":{"line":54,"column":1}},"loc":{"start":{"line":49,"column":7},"end":{"line":54,"column":1}},"line":49},"5":{"name":"normalizeHex","decl":{"start":{"line":56,"column":7},"end":{"line":61,"column":1}},"loc":{"start":{"line":56,"column":7},"end":{"line":61,"column":1}},"line":56},"6":{"name":"validateUserOperation","decl":{"start":{"line":64,"column":7},"end":{"line":150,"column":1}},"loc":{"start":{"line":64,"column":7},"end":{"line":150,"column":1}},"line":64},"7":{"name":"validateSmartAccountConfig","decl":{"start":{"line":152,"column":7},"end":{"line":222,"column":1}},"loc":{"start":{"line":152,"column":7},"end":{"line":222,"column":1}},"line":152},"8":{"name":"validateTransactionRequest","decl":{"start":{"line":224,"column":7},"end":{"line":276,"column":1}},"loc":{"start":{"line":224,"column":7},"end":{"line":276,"column":1}},"line":224},"9":{"name":"validateSessionKey","decl":{"start":{"line":278,"column":7},"end":{"line":333,"column":1}},"loc":{"start":{"line":278,"column":7},"end":{"line":333,"column":1}},"line":278},"10":{"name":"validateSpendingLimit","decl":{"start":{"line":335,"column":7},"end":{"line":374,"column":1}},"loc":{"start":{"line":335,"column":7},"end":{"line":374,"column":1}},"line":335},"11":{"name":"validateCompleteUserOperation","decl":{"start":{"line":376,"column":7},"end":{"line":406,"column":1}},"loc":{"start":{"line":376,"column":7},"end":{"line":406,"column":1}},"line":376},"12":{"name":"validateBatchTransactions","decl":{"start":{"line":408,"column":7},"end":{"line":456,"column":1}},"loc":{"start":{"line":408,"column":7},"end":{"line":456,"column":1}},"line":408}},"f":{"0":1343,"1":262,"2":13,"3":26,"4":4,"5":3,"6":28,"7":20,"8":1173,"9":12,"10":8,"11":6,"12":9}}
}
